[0.698s] Invoking command in '/home/achintya/Software/ROSPlayground/camera_ws_main/src/camera_main_pkg': PYTHONPATH=/home/achintya/Software/ROSPlayground/camera_ws_main/build/camera_main_pkg/prefix_override:/usr/lib/python3/dist-packages/colcon_core/task/python/colcon_distutils_commands:/home/achintya/Software/ROSPlayground/camera_ws_main/install/camera_main_pkg/lib/python3.10/site-packages:${PYTHONPATH} /usr/bin/python3 -W ignore:setup.py install is deprecated -W ignore:easy_install command is deprecated setup.py egg_info --egg-base ../../build/camera_main_pkg build --build-base /home/achintya/Software/ROSPlayground/camera_ws_main/build/camera_main_pkg/build install --record /home/achintya/Software/ROSPlayground/camera_ws_main/build/camera_main_pkg/install.log --single-version-externally-managed install_data
[0.961s] running egg_info
[0.962s] writing ../../build/camera_main_pkg/camera_main_pkg.egg-info/PKG-INFO
[0.962s] writing dependency_links to ../../build/camera_main_pkg/camera_main_pkg.egg-info/dependency_links.txt
[0.962s] writing entry points to ../../build/camera_main_pkg/camera_main_pkg.egg-info/entry_points.txt
[0.962s] writing requirements to ../../build/camera_main_pkg/camera_main_pkg.egg-info/requires.txt
[0.962s] writing top-level names to ../../build/camera_main_pkg/camera_main_pkg.egg-info/top_level.txt
[0.964s] reading manifest file '../../build/camera_main_pkg/camera_main_pkg.egg-info/SOURCES.txt'
[0.965s] writing manifest file '../../build/camera_main_pkg/camera_main_pkg.egg-info/SOURCES.txt'
[0.965s] running build
[0.965s] running build_py
[0.965s] copying camera_main_pkg/interpolator.py -> /home/achintya/Software/ROSPlayground/camera_ws_main/build/camera_main_pkg/build/lib/camera_main_pkg
[0.965s] running install
[0.966s] running install_lib
[0.966s] copying /home/achintya/Software/ROSPlayground/camera_ws_main/build/camera_main_pkg/build/lib/camera_main_pkg/interpolator.py -> /home/achintya/Software/ROSPlayground/camera_ws_main/install/camera_main_pkg/lib/python3.10/site-packages/camera_main_pkg
[0.967s] byte-compiling /home/achintya/Software/ROSPlayground/camera_ws_main/install/camera_main_pkg/lib/python3.10/site-packages/camera_main_pkg/interpolator.py to interpolator.cpython-310.pyc
[0.968s] byte-compiling /home/achintya/Software/ROSPlayground/camera_ws_main/install/camera_main_pkg/lib/python3.10/site-packages/camera_main_pkg/custom_tf.py to custom_tf.cpython-310.pyc
[0.969s] byte-compiling /home/achintya/Software/ROSPlayground/camera_ws_main/install/camera_main_pkg/lib/python3.10/site-packages/camera_main_pkg/point_processor.py to point_processor.cpython-310.pyc
[0.970s] running install_data
[0.970s] running install_egg_info
[0.972s] removing '/home/achintya/Software/ROSPlayground/camera_ws_main/install/camera_main_pkg/lib/python3.10/site-packages/camera_main_pkg-0.1.0-py3.10.egg-info' (and everything under it)
[0.972s] Copying ../../build/camera_main_pkg/camera_main_pkg.egg-info to /home/achintya/Software/ROSPlayground/camera_ws_main/install/camera_main_pkg/lib/python3.10/site-packages/camera_main_pkg-0.1.0-py3.10.egg-info
[0.973s] running install_scripts
[0.992s] Installing custom_tf script to /home/achintya/Software/ROSPlayground/camera_ws_main/install/camera_main_pkg/lib/camera_main_pkg
[0.992s] Installing interpolator script to /home/achintya/Software/ROSPlayground/camera_ws_main/install/camera_main_pkg/lib/camera_main_pkg
[0.992s] Installing tf_test script to /home/achintya/Software/ROSPlayground/camera_ws_main/install/camera_main_pkg/lib/camera_main_pkg
[0.992s] Installing video_processor script to /home/achintya/Software/ROSPlayground/camera_ws_main/install/camera_main_pkg/lib/camera_main_pkg
[0.992s] writing list of installed files to '/home/achintya/Software/ROSPlayground/camera_ws_main/build/camera_main_pkg/install.log'
[1.014s] Invoked command in '/home/achintya/Software/ROSPlayground/camera_ws_main/src/camera_main_pkg' returned '0': PYTHONPATH=/home/achintya/Software/ROSPlayground/camera_ws_main/build/camera_main_pkg/prefix_override:/usr/lib/python3/dist-packages/colcon_core/task/python/colcon_distutils_commands:/home/achintya/Software/ROSPlayground/camera_ws_main/install/camera_main_pkg/lib/python3.10/site-packages:${PYTHONPATH} /usr/bin/python3 -W ignore:setup.py install is deprecated -W ignore:easy_install command is deprecated setup.py egg_info --egg-base ../../build/camera_main_pkg build --build-base /home/achintya/Software/ROSPlayground/camera_ws_main/build/camera_main_pkg/build install --record /home/achintya/Software/ROSPlayground/camera_ws_main/build/camera_main_pkg/install.log --single-version-externally-managed install_data
