running egg_info
writing ../../build/camera_main_pkg/camera_main_pkg.egg-info/PKG-INFO
writing dependency_links to ../../build/camera_main_pkg/camera_main_pkg.egg-info/dependency_links.txt
writing entry points to ../../build/camera_main_pkg/camera_main_pkg.egg-info/entry_points.txt
writing requirements to ../../build/camera_main_pkg/camera_main_pkg.egg-info/requires.txt
writing top-level names to ../../build/camera_main_pkg/camera_main_pkg.egg-info/top_level.txt
reading manifest file '../../build/camera_main_pkg/camera_main_pkg.egg-info/SOURCES.txt'
writing manifest file '../../build/camera_main_pkg/camera_main_pkg.egg-info/SOURCES.txt'
running build
running build_py
copying camera_main_pkg/camera_node.py -> /home/achintya/Software/ROSPlayground/camera_ws_main/build/camera_main_pkg/build/lib/camera_main_pkg
running install
running install_lib
copying /home/achintya/Software/ROSPlayground/camera_ws_main/build/camera_main_pkg/build/lib/camera_main_pkg/camera_node.py -> /home/achintya/Software/ROSPlayground/camera_ws_main/install/camera_main_pkg/lib/python3.10/site-packages/camera_main_pkg
byte-compiling /home/achintya/Software/ROSPlayground/camera_ws_main/install/camera_main_pkg/lib/python3.10/site-packages/camera_main_pkg/camera_node.py to camera_node.cpython-310.pyc
running install_data
running install_egg_info
removing '/home/achintya/Software/ROSPlayground/camera_ws_main/install/camera_main_pkg/lib/python3.10/site-packages/camera_main_pkg-0.1.0-py3.10.egg-info' (and everything under it)
Copying ../../build/camera_main_pkg/camera_main_pkg.egg-info to /home/achintya/Software/ROSPlayground/camera_ws_main/install/camera_main_pkg/lib/python3.10/site-packages/camera_main_pkg-0.1.0-py3.10.egg-info
running install_scripts
Installing camera_node script to /home/achintya/Software/ROSPlayground/camera_ws_main/install/camera_main_pkg/lib/camera_main_pkg
writing list of installed files to '/home/achintya/Software/ROSPlayground/camera_ws_main/build/camera_main_pkg/install.log'
