[0.597s] Invoking command in '/home/achintya/Software/ROSPlayground/camera_ws_main/src/camera_py_pkg': PYTHONPATH=/home/achintya/Software/ROSPlayground/camera_ws_main/build/camera_py_pkg/prefix_override:/usr/lib/python3/dist-packages/colcon_core/task/python/colcon_distutils_commands:/home/achintya/Software/ROSPlayground/camera_ws_main/install/camera_py_pkg/lib/python3.10/site-packages:${PYTHONPATH} /usr/bin/python3 -W ignore:setup.py install is deprecated -W ignore:easy_install command is deprecated setup.py egg_info --egg-base ../../build/camera_py_pkg build --build-base /home/achintya/Software/ROSPlayground/camera_ws_main/build/camera_py_pkg/build install --record /home/achintya/Software/ROSPlayground/camera_ws_main/build/camera_py_pkg/install.log --single-version-externally-managed install_data
[0.812s] running egg_info
[0.813s] writing ../../build/camera_py_pkg/camera_py_pkg.egg-info/PKG-INFO
[0.813s] writing dependency_links to ../../build/camera_py_pkg/camera_py_pkg.egg-info/dependency_links.txt
[0.813s] writing entry points to ../../build/camera_py_pkg/camera_py_pkg.egg-info/entry_points.txt
[0.813s] writing requirements to ../../build/camera_py_pkg/camera_py_pkg.egg-info/requires.txt
[0.813s] writing top-level names to ../../build/camera_py_pkg/camera_py_pkg.egg-info/top_level.txt
[0.814s] reading manifest file '../../build/camera_py_pkg/camera_py_pkg.egg-info/SOURCES.txt'
[0.815s] writing manifest file '../../build/camera_py_pkg/camera_py_pkg.egg-info/SOURCES.txt'
[0.815s] running build
[0.815s] running build_py
[0.815s] copying camera_py_pkg/video_processor.py -> /home/achintya/Software/ROSPlayground/camera_ws_main/build/camera_py_pkg/build/lib/camera_py_pkg
[0.815s] running install
[0.815s] running install_lib
[0.816s] copying /home/achintya/Software/ROSPlayground/camera_ws_main/build/camera_py_pkg/build/lib/camera_py_pkg/video_processor.py -> /home/achintya/Software/ROSPlayground/camera_ws_main/install/camera_py_pkg/lib/python3.10/site-packages/camera_py_pkg
[0.816s] byte-compiling /home/achintya/Software/ROSPlayground/camera_ws_main/install/camera_py_pkg/lib/python3.10/site-packages/camera_py_pkg/video_processor.py to video_processor.cpython-310.pyc
[0.817s] running install_data
[0.817s] running install_egg_info
[0.819s] removing '/home/achintya/Software/ROSPlayground/camera_ws_main/install/camera_py_pkg/lib/python3.10/site-packages/camera_py_pkg-0.0.1-py3.10.egg-info' (and everything under it)
[0.819s] Copying ../../build/camera_py_pkg/camera_py_pkg.egg-info to /home/achintya/Software/ROSPlayground/camera_ws_main/install/camera_py_pkg/lib/python3.10/site-packages/camera_py_pkg-0.0.1-py3.10.egg-info
[0.820s] running install_scripts
[0.833s] Installing video_processor script to /home/achintya/Software/ROSPlayground/camera_ws_main/install/camera_py_pkg/lib/camera_py_pkg
[0.834s] writing list of installed files to '/home/achintya/Software/ROSPlayground/camera_ws_main/build/camera_py_pkg/install.log'
[0.853s] Invoked command in '/home/achintya/Software/ROSPlayground/camera_ws_main/src/camera_py_pkg' returned '0': PYTHONPATH=/home/achintya/Software/ROSPlayground/camera_ws_main/build/camera_py_pkg/prefix_override:/usr/lib/python3/dist-packages/colcon_core/task/python/colcon_distutils_commands:/home/achintya/Software/ROSPlayground/camera_ws_main/install/camera_py_pkg/lib/python3.10/site-packages:${PYTHONPATH} /usr/bin/python3 -W ignore:setup.py install is deprecated -W ignore:easy_install command is deprecated setup.py egg_info --egg-base ../../build/camera_py_pkg build --build-base /home/achintya/Software/ROSPlayground/camera_ws_main/build/camera_py_pkg/build install --record /home/achintya/Software/ROSPlayground/camera_ws_main/build/camera_py_pkg/install.log --single-version-externally-managed install_data
