[0.787s] Invoking command in '/home/achintya/Software/ROSPlayground/camera_ws_main/src/camera_py_pkg': PYTHONPATH=/home/achintya/Software/ROSPlayground/camera_ws_main/build/camera_py_pkg/prefix_override:/usr/lib/python3/dist-packages/colcon_core/task/python/colcon_distutils_commands:/home/achintya/Software/ROSPlayground/camera_ws_main/install/camera_py_pkg/lib/python3.10/site-packages:${PYTHONPATH} /usr/bin/python3 -W ignore:setup.py install is deprecated -W ignore:easy_install command is deprecated setup.py egg_info --egg-base ../../build/camera_py_pkg build --build-base /home/achintya/Software/ROSPlayground/camera_ws_main/build/camera_py_pkg/build install --record /home/achintya/Software/ROSPlayground/camera_ws_main/build/camera_py_pkg/install.log --single-version-externally-managed install_data
[1.082s] running egg_info
[1.082s] writing ../../build/camera_py_pkg/camera_py_pkg.egg-info/PKG-INFO
[1.082s] writing dependency_links to ../../build/camera_py_pkg/camera_py_pkg.egg-info/dependency_links.txt
[1.083s] writing entry points to ../../build/camera_py_pkg/camera_py_pkg.egg-info/entry_points.txt
[1.083s] writing requirements to ../../build/camera_py_pkg/camera_py_pkg.egg-info/requires.txt
[1.083s] writing top-level names to ../../build/camera_py_pkg/camera_py_pkg.egg-info/top_level.txt
[1.084s] reading manifest file '../../build/camera_py_pkg/camera_py_pkg.egg-info/SOURCES.txt'
[1.085s] writing manifest file '../../build/camera_py_pkg/camera_py_pkg.egg-info/SOURCES.txt'
[1.085s] running build
[1.085s] running build_py
[1.086s] running install
[1.086s] running install_lib
[1.087s] running install_data
[1.087s] running install_egg_info
[1.089s] removing '/home/achintya/Software/ROSPlayground/camera_ws_main/install/camera_py_pkg/lib/python3.10/site-packages/camera_py_pkg-0.0.0-py3.10.egg-info' (and everything under it)
[1.089s] Copying ../../build/camera_py_pkg/camera_py_pkg.egg-info to /home/achintya/Software/ROSPlayground/camera_ws_main/install/camera_py_pkg/lib/python3.10/site-packages/camera_py_pkg-0.0.0-py3.10.egg-info
[1.090s] running install_scripts
[1.110s] writing list of installed files to '/home/achintya/Software/ROSPlayground/camera_ws_main/build/camera_py_pkg/install.log'
[1.152s] Invoked command in '/home/achintya/Software/ROSPlayground/camera_ws_main/src/camera_py_pkg' returned '0': PYTHONPATH=/home/achintya/Software/ROSPlayground/camera_ws_main/build/camera_py_pkg/prefix_override:/usr/lib/python3/dist-packages/colcon_core/task/python/colcon_distutils_commands:/home/achintya/Software/ROSPlayground/camera_ws_main/install/camera_py_pkg/lib/python3.10/site-packages:${PYTHONPATH} /usr/bin/python3 -W ignore:setup.py install is deprecated -W ignore:easy_install command is deprecated setup.py egg_info --egg-base ../../build/camera_py_pkg build --build-base /home/achintya/Software/ROSPlayground/camera_ws_main/build/camera_py_pkg/build install --record /home/achintya/Software/ROSPlayground/camera_ws_main/build/camera_py_pkg/install.log --single-version-externally-managed install_data
