running egg_info
creating ../../build/camera_main_pkg/camera_main_pkg.egg-info
writing ../../build/camera_main_pkg/camera_main_pkg.egg-info/PKG-INFO
writing dependency_links to ../../build/camera_main_pkg/camera_main_pkg.egg-info/dependency_links.txt
writing entry points to ../../build/camera_main_pkg/camera_main_pkg.egg-info/entry_points.txt
writing requirements to ../../build/camera_main_pkg/camera_main_pkg.egg-info/requires.txt
writing top-level names to ../../build/camera_main_pkg/camera_main_pkg.egg-info/top_level.txt
writing manifest file '../../build/camera_main_pkg/camera_main_pkg.egg-info/SOURCES.txt'
reading manifest file '../../build/camera_main_pkg/camera_main_pkg.egg-info/SOURCES.txt'
writing manifest file '../../build/camera_main_pkg/camera_main_pkg.egg-info/SOURCES.txt'
running build
running build_py
creating /home/achintya/Software/ROSPlayground/camera_ws_main/build/camera_main_pkg/build
creating /home/achintya/Software/ROSPlayground/camera_ws_main/build/camera_main_pkg/build/lib
creating /home/achintya/Software/ROSPlayground/camera_ws_main/build/camera_main_pkg/build/lib/camera_main_pkg
copying camera_main_pkg/__init__.py -> /home/achintya/Software/ROSPlayground/camera_ws_main/build/camera_main_pkg/build/lib/camera_main_pkg
copying camera_main_pkg/caemra_node.py -> /home/achintya/Software/ROSPlayground/camera_ws_main/build/camera_main_pkg/build/lib/camera_main_pkg
running install
running install_lib
creating /home/achintya/Software/ROSPlayground/camera_ws_main/install/camera_main_pkg/lib/python3.10/site-packages/camera_main_pkg
copying /home/achintya/Software/ROSPlayground/camera_ws_main/build/camera_main_pkg/build/lib/camera_main_pkg/__init__.py -> /home/achintya/Software/ROSPlayground/camera_ws_main/install/camera_main_pkg/lib/python3.10/site-packages/camera_main_pkg
copying /home/achintya/Software/ROSPlayground/camera_ws_main/build/camera_main_pkg/build/lib/camera_main_pkg/caemra_node.py -> /home/achintya/Software/ROSPlayground/camera_ws_main/install/camera_main_pkg/lib/python3.10/site-packages/camera_main_pkg
byte-compiling /home/achintya/Software/ROSPlayground/camera_ws_main/install/camera_main_pkg/lib/python3.10/site-packages/camera_main_pkg/__init__.py to __init__.cpython-310.pyc
byte-compiling /home/achintya/Software/ROSPlayground/camera_ws_main/install/camera_main_pkg/lib/python3.10/site-packages/camera_main_pkg/caemra_node.py to caemra_node.cpython-310.pyc
running install_data
creating /home/achintya/Software/ROSPlayground/camera_ws_main/install/camera_main_pkg/share/ament_index
creating /home/achintya/Software/ROSPlayground/camera_ws_main/install/camera_main_pkg/share/ament_index/resource_index
creating /home/achintya/Software/ROSPlayground/camera_ws_main/install/camera_main_pkg/share/ament_index/resource_index/packages
copying resource/camera_main_pkg -> /home/achintya/Software/ROSPlayground/camera_ws_main/install/camera_main_pkg/share/ament_index/resource_index/packages
copying package.xml -> /home/achintya/Software/ROSPlayground/camera_ws_main/install/camera_main_pkg/share/camera_main_pkg
running install_egg_info
Copying ../../build/camera_main_pkg/camera_main_pkg.egg-info to /home/achintya/Software/ROSPlayground/camera_ws_main/install/camera_main_pkg/lib/python3.10/site-packages/camera_main_pkg-0.1.0-py3.10.egg-info
running install_scripts
Installing camera_node script to /home/achintya/Software/ROSPlayground/camera_ws_main/install/camera_main_pkg/lib/camera_main_pkg
writing list of installed files to '/home/achintya/Software/ROSPlayground/camera_ws_main/build/camera_main_pkg/install.log'
