[0.152s] DEBUG:colcon:Command line arguments: ['/usr/bin/colcon', 'list', '-p', '--base-paths', '/home/achintya/Software/ROSPlayground/camera_ws_main']
[0.152s] DEBUG:colcon:Parsed command line arguments: Namespace(log_base=None, log_level=None, verb_name='list', build_base='build', ignore_user_meta=False, metas=['./colcon.meta'], base_paths=['/home/achintya/Software/ROSPlayground/camera_ws_main'], packages_ignore=None, packages_ignore_regex=None, paths=None, packages_up_to=None, packages_up_to_regex=None, packages_above=None, packages_above_and_dependencies=None, packages_above_depth=None, packages_select_by_dep=None, packages_skip_by_dep=None, packages_skip_up_to=None, packages_select_build_failed=False, packages_skip_build_finished=False, packages_select_test_failures=False, packages_skip_test_passed=False, packages_select=None, packages_skip=None, packages_select_regex=None, packages_skip_regex=None, packages_start=None, packages_end=None, allow_overriding=[], topological_order=False, names_only=False, paths_only=True, topological_graph=False, topological_graph_dot=False, topological_graph_density=False, topological_graph_legend=False, topological_graph_dot_cluster=False, topological_graph_dot_include_skipped=False, verb_parser=<colcon_defaults.argument_parser.defaults.DefaultArgumentsDecorator object at 0x723062634ca0>, verb_extension=<colcon_package_information.verb.list.ListVerb object at 0x723062607c40>, main=<bound method ListVerb.main of <colcon_package_information.verb.list.ListVerb object at 0x723062607c40>>)
[0.525s] Level 1:colcon.colcon_core.package_discovery:discover_packages(colcon_meta) check parameters
[0.525s] Level 1:colcon.colcon_core.package_discovery:discover_packages(recursive) check parameters
[0.525s] Level 1:colcon.colcon_core.package_discovery:discover_packages(ignore) check parameters
[0.525s] Level 1:colcon.colcon_core.package_discovery:discover_packages(path) check parameters
[0.525s] Level 1:colcon.colcon_core.package_discovery:discover_packages(recursive) discover
[0.525s] INFO:colcon.colcon_core.package_discovery:Crawling recursively for packages in '/home/achintya/Software/ROSPlayground/camera_ws_main'
[0.525s] Level 1:colcon.colcon_core.package_identification:_identify(/home/achintya/Software/ROSPlayground/camera_ws_main) by extensions ['ignore', 'ignore_ament_install']
[0.526s] Level 1:colcon.colcon_core.package_identification:_identify(/home/achintya/Software/ROSPlayground/camera_ws_main) by extension 'ignore'
[0.526s] Level 1:colcon.colcon_core.package_identification:_identify(/home/achintya/Software/ROSPlayground/camera_ws_main) by extension 'ignore_ament_install'
[0.526s] Level 1:colcon.colcon_core.package_identification:_identify(/home/achintya/Software/ROSPlayground/camera_ws_main) by extensions ['colcon_pkg']
[0.526s] Level 1:colcon.colcon_core.package_identification:_identify(/home/achintya/Software/ROSPlayground/camera_ws_main) by extension 'colcon_pkg'
[0.526s] Level 1:colcon.colcon_core.package_identification:_identify(/home/achintya/Software/ROSPlayground/camera_ws_main) by extensions ['colcon_meta']
[0.526s] Level 1:colcon.colcon_core.package_identification:_identify(/home/achintya/Software/ROSPlayground/camera_ws_main) by extension 'colcon_meta'
[0.526s] Level 1:colcon.colcon_core.package_identification:_identify(/home/achintya/Software/ROSPlayground/camera_ws_main) by extensions ['ros']
[0.526s] Level 1:colcon.colcon_core.package_identification:_identify(/home/achintya/Software/ROSPlayground/camera_ws_main) by extension 'ros'
[0.559s] Level 1:colcon.colcon_core.package_identification:_identify(/home/achintya/Software/ROSPlayground/camera_ws_main) by extensions ['cmake', 'python']
[0.559s] Level 1:colcon.colcon_core.package_identification:_identify(/home/achintya/Software/ROSPlayground/camera_ws_main) by extension 'cmake'
[0.559s] Level 1:colcon.colcon_core.package_identification:_identify(/home/achintya/Software/ROSPlayground/camera_ws_main) by extension 'python'
[0.559s] Level 1:colcon.colcon_core.package_identification:_identify(/home/achintya/Software/ROSPlayground/camera_ws_main) by extensions ['python_setup_py']
[0.559s] Level 1:colcon.colcon_core.package_identification:_identify(/home/achintya/Software/ROSPlayground/camera_ws_main) by extension 'python_setup_py'
[0.559s] Level 1:colcon.colcon_core.package_identification:_identify(/home/achintya/Software/ROSPlayground/camera_ws_main/build) by extensions ['ignore', 'ignore_ament_install']
[0.560s] Level 1:colcon.colcon_core.package_identification:_identify(/home/achintya/Software/ROSPlayground/camera_ws_main/build) by extension 'ignore'
[0.560s] Level 1:colcon.colcon_core.package_identification:_identify(/home/achintya/Software/ROSPlayground/camera_ws_main/build) ignored
[0.560s] Level 1:colcon.colcon_core.package_identification:_identify(/home/achintya/Software/ROSPlayground/camera_ws_main/install) by extensions ['ignore', 'ignore_ament_install']
[0.560s] Level 1:colcon.colcon_core.package_identification:_identify(/home/achintya/Software/ROSPlayground/camera_ws_main/install) by extension 'ignore'
[0.560s] Level 1:colcon.colcon_core.package_identification:_identify(/home/achintya/Software/ROSPlayground/camera_ws_main/install) ignored
[0.560s] Level 1:colcon.colcon_core.package_identification:_identify(/home/achintya/Software/ROSPlayground/camera_ws_main/log) by extensions ['ignore', 'ignore_ament_install']
[0.560s] Level 1:colcon.colcon_core.package_identification:_identify(/home/achintya/Software/ROSPlayground/camera_ws_main/log) by extension 'ignore'
[0.560s] Level 1:colcon.colcon_core.package_identification:_identify(/home/achintya/Software/ROSPlayground/camera_ws_main/log) ignored
[0.560s] Level 1:colcon.colcon_core.package_identification:_identify(/home/achintya/Software/ROSPlayground/camera_ws_main/src) by extensions ['ignore', 'ignore_ament_install']
[0.560s] Level 1:colcon.colcon_core.package_identification:_identify(/home/achintya/Software/ROSPlayground/camera_ws_main/src) by extension 'ignore'
[0.561s] Level 1:colcon.colcon_core.package_identification:_identify(/home/achintya/Software/ROSPlayground/camera_ws_main/src) by extension 'ignore_ament_install'
[0.561s] Level 1:colcon.colcon_core.package_identification:_identify(/home/achintya/Software/ROSPlayground/camera_ws_main/src) by extensions ['colcon_pkg']
[0.561s] Level 1:colcon.colcon_core.package_identification:_identify(/home/achintya/Software/ROSPlayground/camera_ws_main/src) by extension 'colcon_pkg'
[0.561s] Level 1:colcon.colcon_core.package_identification:_identify(/home/achintya/Software/ROSPlayground/camera_ws_main/src) by extensions ['colcon_meta']
[0.561s] Level 1:colcon.colcon_core.package_identification:_identify(/home/achintya/Software/ROSPlayground/camera_ws_main/src) by extension 'colcon_meta'
[0.561s] Level 1:colcon.colcon_core.package_identification:_identify(/home/achintya/Software/ROSPlayground/camera_ws_main/src) by extensions ['ros']
[0.561s] Level 1:colcon.colcon_core.package_identification:_identify(/home/achintya/Software/ROSPlayground/camera_ws_main/src) by extension 'ros'
[0.561s] Level 1:colcon.colcon_core.package_identification:_identify(/home/achintya/Software/ROSPlayground/camera_ws_main/src) by extensions ['cmake', 'python']
[0.561s] Level 1:colcon.colcon_core.package_identification:_identify(/home/achintya/Software/ROSPlayground/camera_ws_main/src) by extension 'cmake'
[0.562s] Level 1:colcon.colcon_core.package_identification:_identify(/home/achintya/Software/ROSPlayground/camera_ws_main/src) by extension 'python'
[0.562s] Level 1:colcon.colcon_core.package_identification:_identify(/home/achintya/Software/ROSPlayground/camera_ws_main/src) by extensions ['python_setup_py']
[0.562s] Level 1:colcon.colcon_core.package_identification:_identify(/home/achintya/Software/ROSPlayground/camera_ws_main/src) by extension 'python_setup_py'
[0.562s] Level 1:colcon.colcon_core.package_identification:_identify(/home/achintya/Software/ROSPlayground/camera_ws_main/src/camera_cpp_pkg) by extensions ['ignore', 'ignore_ament_install']
[0.562s] Level 1:colcon.colcon_core.package_identification:_identify(/home/achintya/Software/ROSPlayground/camera_ws_main/src/camera_cpp_pkg) by extension 'ignore'
[0.562s] Level 1:colcon.colcon_core.package_identification:_identify(/home/achintya/Software/ROSPlayground/camera_ws_main/src/camera_cpp_pkg) by extension 'ignore_ament_install'
[0.562s] Level 1:colcon.colcon_core.package_identification:_identify(/home/achintya/Software/ROSPlayground/camera_ws_main/src/camera_cpp_pkg) by extensions ['colcon_pkg']
[0.562s] Level 1:colcon.colcon_core.package_identification:_identify(/home/achintya/Software/ROSPlayground/camera_ws_main/src/camera_cpp_pkg) by extension 'colcon_pkg'
[0.562s] Level 1:colcon.colcon_core.package_identification:_identify(/home/achintya/Software/ROSPlayground/camera_ws_main/src/camera_cpp_pkg) by extensions ['colcon_meta']
[0.562s] Level 1:colcon.colcon_core.package_identification:_identify(/home/achintya/Software/ROSPlayground/camera_ws_main/src/camera_cpp_pkg) by extension 'colcon_meta'
[0.562s] Level 1:colcon.colcon_core.package_identification:_identify(/home/achintya/Software/ROSPlayground/camera_ws_main/src/camera_cpp_pkg) by extensions ['ros']
[0.562s] Level 1:colcon.colcon_core.package_identification:_identify(/home/achintya/Software/ROSPlayground/camera_ws_main/src/camera_cpp_pkg) by extension 'ros'
[0.567s] DEBUG:colcon.colcon_core.package_identification:Package '/home/achintya/Software/ROSPlayground/camera_ws_main/src/camera_cpp_pkg' with type 'ros.ament_cmake' and name 'camera_cpp_pkg'
[0.567s] Level 1:colcon.colcon_core.package_identification:_identify(/home/achintya/Software/ROSPlayground/camera_ws_main/src/camera_py_pkg) by extensions ['ignore', 'ignore_ament_install']
[0.567s] Level 1:colcon.colcon_core.package_identification:_identify(/home/achintya/Software/ROSPlayground/camera_ws_main/src/camera_py_pkg) by extension 'ignore'
[0.567s] Level 1:colcon.colcon_core.package_identification:_identify(/home/achintya/Software/ROSPlayground/camera_ws_main/src/camera_py_pkg) by extension 'ignore_ament_install'
[0.567s] Level 1:colcon.colcon_core.package_identification:_identify(/home/achintya/Software/ROSPlayground/camera_ws_main/src/camera_py_pkg) by extensions ['colcon_pkg']
[0.567s] Level 1:colcon.colcon_core.package_identification:_identify(/home/achintya/Software/ROSPlayground/camera_ws_main/src/camera_py_pkg) by extension 'colcon_pkg'
[0.567s] Level 1:colcon.colcon_core.package_identification:_identify(/home/achintya/Software/ROSPlayground/camera_ws_main/src/camera_py_pkg) by extensions ['colcon_meta']
[0.567s] Level 1:colcon.colcon_core.package_identification:_identify(/home/achintya/Software/ROSPlayground/camera_ws_main/src/camera_py_pkg) by extension 'colcon_meta'
[0.567s] Level 1:colcon.colcon_core.package_identification:_identify(/home/achintya/Software/ROSPlayground/camera_ws_main/src/camera_py_pkg) by extensions ['ros']
[0.567s] Level 1:colcon.colcon_core.package_identification:_identify(/home/achintya/Software/ROSPlayground/camera_ws_main/src/camera_py_pkg) by extension 'ros'
[0.568s] DEBUG:colcon.colcon_core.package_identification:Package '/home/achintya/Software/ROSPlayground/camera_ws_main/src/camera_py_pkg' with type 'ros.ament_python' and name 'camera_py_pkg'
[0.569s] Level 1:colcon.colcon_core.package_identification:_identify(/home/achintya/Software/ROSPlayground/camera_ws_main/src/log) by extensions ['ignore', 'ignore_ament_install']
[0.569s] Level 1:colcon.colcon_core.package_identification:_identify(/home/achintya/Software/ROSPlayground/camera_ws_main/src/log) by extension 'ignore'
[0.569s] Level 1:colcon.colcon_core.package_identification:_identify(/home/achintya/Software/ROSPlayground/camera_ws_main/src/log) ignored
[0.569s] Level 1:colcon.colcon_core.package_discovery:discover_packages(recursive) using defaults
