[0.013s] Invoking command in '/home/achintya/Software/ROSPlayground/camera_ws_main/build/camera_interface_pkg': CMAKE_PREFIX_PATH=${CMAKE_PREFIX_PATH}:/home/achintya/Software/ROSPlayground/camera_ws_main/install/camera_main_pkg:/opt/ros/humble /usr/bin/cmake --build /home/achintya/Software/ROSPlayground/camera_ws_main/build/camera_interface_pkg -- -j8 -l8
[0.053s] [  1%] Built target camera_interface_pkg__cpp
[0.054s] [ 12%] Built target camera_interface_pkg__rosidl_generator_c
[0.063s] [ 12%] Built target ament_cmake_python_copy_camera_interface_pkg
[0.081s] [ 23%] Built target camera_interface_pkg__rosidl_typesupport_introspection_cpp
[0.084s] [ 34%] Built target camera_interface_pkg__rosidl_typesupport_fastrtps_cpp
[0.086s] [ 46%] Built target camera_interface_pkg__rosidl_typesupport_cpp
[0.093s] [ 57%] Built target camera_interface_pkg__rosidl_typesupport_c
[0.094s] [ 68%] Built target camera_interface_pkg__rosidl_typesupport_fastrtps_c
[0.095s] [ 79%] Built target camera_interface_pkg__rosidl_typesupport_introspection_c
[0.118s] [ 79%] Built target camera_interface_pkg
[0.137s] [ 80%] Built target camera_interface_pkg__py
[0.159s] [ 90%] Built target camera_interface_pkg__rosidl_generator_py
[0.183s] [ 93%] Built target camera_interface_pkg__rosidl_typesupport_fastrtps_c__pyext
[0.185s] [100%] Built target camera_interface_pkg__rosidl_typesupport_c__pyext
[0.185s] [100%] Built target camera_interface_pkg__rosidl_typesupport_introspection_c__pyext
[0.402s] running egg_info
[0.402s] writing camera_interface_pkg.egg-info/PKG-INFO
[0.402s] writing dependency_links to camera_interface_pkg.egg-info/dependency_links.txt
[0.403s] writing top-level names to camera_interface_pkg.egg-info/top_level.txt
[0.406s] reading manifest file 'camera_interface_pkg.egg-info/SOURCES.txt'
[0.407s] writing manifest file 'camera_interface_pkg.egg-info/SOURCES.txt'
[0.431s] [100%] Built target ament_cmake_python_build_camera_interface_pkg_egg
[0.442s] Invoked command in '/home/achintya/Software/ROSPlayground/camera_ws_main/build/camera_interface_pkg' returned '0': CMAKE_PREFIX_PATH=${CMAKE_PREFIX_PATH}:/home/achintya/Software/ROSPlayground/camera_ws_main/install/camera_main_pkg:/opt/ros/humble /usr/bin/cmake --build /home/achintya/Software/ROSPlayground/camera_ws_main/build/camera_interface_pkg -- -j8 -l8
[0.443s] Invoking command in '/home/achintya/Software/ROSPlayground/camera_ws_main/build/camera_interface_pkg': CMAKE_PREFIX_PATH=${CMAKE_PREFIX_PATH}:/home/achintya/Software/ROSPlayground/camera_ws_main/install/camera_main_pkg:/opt/ros/humble /usr/bin/cmake --install /home/achintya/Software/ROSPlayground/camera_ws_main/build/camera_interface_pkg
[0.451s] -- Install configuration: ""
[0.451s] -- Up-to-date: /home/achintya/Software/ROSPlayground/camera_ws_main/install/camera_interface_pkg/share/ament_index/resource_index/rosidl_interfaces/camera_interface_pkg
[0.451s] -- Up-to-date: /home/achintya/Software/ROSPlayground/camera_ws_main/install/camera_interface_pkg/include/camera_interface_pkg/camera_interface_pkg
[0.451s] -- Up-to-date: /home/achintya/Software/ROSPlayground/camera_ws_main/install/camera_interface_pkg/include/camera_interface_pkg/camera_interface_pkg/srv
[0.451s] -- Up-to-date: /home/achintya/Software/ROSPlayground/camera_ws_main/install/camera_interface_pkg/include/camera_interface_pkg/camera_interface_pkg/srv/detail
[0.451s] -- Up-to-date: /home/achintya/Software/ROSPlayground/camera_ws_main/install/camera_interface_pkg/include/camera_interface_pkg/camera_interface_pkg/srv/detail/update_n20_set_points__functions.h
[0.451s] -- Up-to-date: /home/achintya/Software/ROSPlayground/camera_ws_main/install/camera_interface_pkg/include/camera_interface_pkg/camera_interface_pkg/srv/detail/set_calibration__functions.h
[0.451s] -- Up-to-date: /home/achintya/Software/ROSPlayground/camera_ws_main/install/camera_interface_pkg/include/camera_interface_pkg/camera_interface_pkg/srv/detail/update_n20_set_points__struct.h
[0.451s] -- Up-to-date: /home/achintya/Software/ROSPlayground/camera_ws_main/install/camera_interface_pkg/include/camera_interface_pkg/camera_interface_pkg/srv/detail/set_calibration__functions.c
[0.452s] -- Up-to-date: /home/achintya/Software/ROSPlayground/camera_ws_main/install/camera_interface_pkg/include/camera_interface_pkg/camera_interface_pkg/srv/detail/update_n20_set_points__type_support.h
[0.452s] -- Up-to-date: /home/achintya/Software/ROSPlayground/camera_ws_main/install/camera_interface_pkg/include/camera_interface_pkg/camera_interface_pkg/srv/detail/set_calibration__type_support.h
[0.452s] -- Up-to-date: /home/achintya/Software/ROSPlayground/camera_ws_main/install/camera_interface_pkg/include/camera_interface_pkg/camera_interface_pkg/srv/detail/set_calibration__struct.h
[0.452s] -- Up-to-date: /home/achintya/Software/ROSPlayground/camera_ws_main/install/camera_interface_pkg/include/camera_interface_pkg/camera_interface_pkg/srv/detail/update_n20_set_points__functions.c
[0.452s] -- Up-to-date: /home/achintya/Software/ROSPlayground/camera_ws_main/install/camera_interface_pkg/include/camera_interface_pkg/camera_interface_pkg/srv/update_n20_set_points.h
[0.452s] -- Up-to-date: /home/achintya/Software/ROSPlayground/camera_ws_main/install/camera_interface_pkg/include/camera_interface_pkg/camera_interface_pkg/srv/set_calibration.h
[0.452s] -- Up-to-date: /home/achintya/Software/ROSPlayground/camera_ws_main/install/camera_interface_pkg/include/camera_interface_pkg/camera_interface_pkg/msg
[0.452s] -- Up-to-date: /home/achintya/Software/ROSPlayground/camera_ws_main/install/camera_interface_pkg/include/camera_interface_pkg/camera_interface_pkg/msg/detail
[0.452s] -- Up-to-date: /home/achintya/Software/ROSPlayground/camera_ws_main/install/camera_interface_pkg/include/camera_interface_pkg/camera_interface_pkg/msg/detail/points_list__functions.c
[0.452s] -- Up-to-date: /home/achintya/Software/ROSPlayground/camera_ws_main/install/camera_interface_pkg/include/camera_interface_pkg/camera_interface_pkg/msg/detail/points_list__type_support.h
[0.452s] -- Up-to-date: /home/achintya/Software/ROSPlayground/camera_ws_main/install/camera_interface_pkg/include/camera_interface_pkg/camera_interface_pkg/msg/detail/points_list__functions.h
[0.452s] -- Up-to-date: /home/achintya/Software/ROSPlayground/camera_ws_main/install/camera_interface_pkg/include/camera_interface_pkg/camera_interface_pkg/msg/detail/points__struct.h
[0.452s] -- Up-to-date: /home/achintya/Software/ROSPlayground/camera_ws_main/install/camera_interface_pkg/include/camera_interface_pkg/camera_interface_pkg/msg/detail/robot_state__functions.h
[0.452s] -- Up-to-date: /home/achintya/Software/ROSPlayground/camera_ws_main/install/camera_interface_pkg/include/camera_interface_pkg/camera_interface_pkg/msg/detail/robot_state__functions.c
[0.452s] -- Up-to-date: /home/achintya/Software/ROSPlayground/camera_ws_main/install/camera_interface_pkg/include/camera_interface_pkg/camera_interface_pkg/msg/detail/points__functions.c
[0.452s] -- Up-to-date: /home/achintya/Software/ROSPlayground/camera_ws_main/install/camera_interface_pkg/include/camera_interface_pkg/camera_interface_pkg/msg/detail/robot_state__type_support.h
[0.452s] -- Up-to-date: /home/achintya/Software/ROSPlayground/camera_ws_main/install/camera_interface_pkg/include/camera_interface_pkg/camera_interface_pkg/msg/detail/points__type_support.h
[0.452s] -- Up-to-date: /home/achintya/Software/ROSPlayground/camera_ws_main/install/camera_interface_pkg/include/camera_interface_pkg/camera_interface_pkg/msg/detail/robot_state__struct.h
[0.452s] -- Up-to-date: /home/achintya/Software/ROSPlayground/camera_ws_main/install/camera_interface_pkg/include/camera_interface_pkg/camera_interface_pkg/msg/detail/points__functions.h
[0.453s] -- Up-to-date: /home/achintya/Software/ROSPlayground/camera_ws_main/install/camera_interface_pkg/include/camera_interface_pkg/camera_interface_pkg/msg/detail/points_list__struct.h
[0.453s] -- Up-to-date: /home/achintya/Software/ROSPlayground/camera_ws_main/install/camera_interface_pkg/include/camera_interface_pkg/camera_interface_pkg/msg/points.h
[0.453s] -- Up-to-date: /home/achintya/Software/ROSPlayground/camera_ws_main/install/camera_interface_pkg/include/camera_interface_pkg/camera_interface_pkg/msg/points_list.h
[0.453s] -- Up-to-date: /home/achintya/Software/ROSPlayground/camera_ws_main/install/camera_interface_pkg/include/camera_interface_pkg/camera_interface_pkg/msg/robot_state.h
[0.453s] -- Up-to-date: /home/achintya/Software/ROSPlayground/camera_ws_main/install/camera_interface_pkg/include/camera_interface_pkg/camera_interface_pkg/msg/rosidl_generator_c__visibility_control.h
[0.453s] -- Up-to-date: /home/achintya/Software/ROSPlayground/camera_ws_main/install/camera_interface_pkg/share/camera_interface_pkg/environment/library_path.sh
[0.453s] -- Up-to-date: /home/achintya/Software/ROSPlayground/camera_ws_main/install/camera_interface_pkg/share/camera_interface_pkg/environment/library_path.dsv
[0.453s] -- Up-to-date: /home/achintya/Software/ROSPlayground/camera_ws_main/install/camera_interface_pkg/lib/libcamera_interface_pkg__rosidl_generator_c.so
[0.453s] -- Up-to-date: /home/achintya/Software/ROSPlayground/camera_ws_main/install/camera_interface_pkg/include/camera_interface_pkg/camera_interface_pkg
[0.453s] -- Up-to-date: /home/achintya/Software/ROSPlayground/camera_ws_main/install/camera_interface_pkg/include/camera_interface_pkg/camera_interface_pkg/srv
[0.453s] -- Up-to-date: /home/achintya/Software/ROSPlayground/camera_ws_main/install/camera_interface_pkg/include/camera_interface_pkg/camera_interface_pkg/srv/detail
[0.453s] -- Up-to-date: /home/achintya/Software/ROSPlayground/camera_ws_main/install/camera_interface_pkg/include/camera_interface_pkg/camera_interface_pkg/srv/detail/update_n20_set_points__rosidl_typesupport_fastrtps_c.h
[0.453s] -- Up-to-date: /home/achintya/Software/ROSPlayground/camera_ws_main/install/camera_interface_pkg/include/camera_interface_pkg/camera_interface_pkg/srv/detail/set_calibration__rosidl_typesupport_fastrtps_c.h
[0.454s] -- Up-to-date: /home/achintya/Software/ROSPlayground/camera_ws_main/install/camera_interface_pkg/include/camera_interface_pkg/camera_interface_pkg/msg
[0.454s] -- Up-to-date: /home/achintya/Software/ROSPlayground/camera_ws_main/install/camera_interface_pkg/include/camera_interface_pkg/camera_interface_pkg/msg/rosidl_typesupport_fastrtps_c__visibility_control.h
[0.454s] -- Up-to-date: /home/achintya/Software/ROSPlayground/camera_ws_main/install/camera_interface_pkg/include/camera_interface_pkg/camera_interface_pkg/msg/detail
[0.454s] -- Up-to-date: /home/achintya/Software/ROSPlayground/camera_ws_main/install/camera_interface_pkg/include/camera_interface_pkg/camera_interface_pkg/msg/detail/points_list__rosidl_typesupport_fastrtps_c.h
[0.454s] -- Up-to-date: /home/achintya/Software/ROSPlayground/camera_ws_main/install/camera_interface_pkg/include/camera_interface_pkg/camera_interface_pkg/msg/detail/robot_state__rosidl_typesupport_fastrtps_c.h
[0.454s] -- Up-to-date: /home/achintya/Software/ROSPlayground/camera_ws_main/install/camera_interface_pkg/include/camera_interface_pkg/camera_interface_pkg/msg/detail/points__rosidl_typesupport_fastrtps_c.h
[0.454s] -- Up-to-date: /home/achintya/Software/ROSPlayground/camera_ws_main/install/camera_interface_pkg/lib/libcamera_interface_pkg__rosidl_typesupport_fastrtps_c.so
[0.454s] -- Up-to-date: /home/achintya/Software/ROSPlayground/camera_ws_main/install/camera_interface_pkg/include/camera_interface_pkg/camera_interface_pkg
[0.454s] -- Up-to-date: /home/achintya/Software/ROSPlayground/camera_ws_main/install/camera_interface_pkg/include/camera_interface_pkg/camera_interface_pkg/srv
[0.454s] -- Up-to-date: /home/achintya/Software/ROSPlayground/camera_ws_main/install/camera_interface_pkg/include/camera_interface_pkg/camera_interface_pkg/srv/detail
[0.455s] -- Up-to-date: /home/achintya/Software/ROSPlayground/camera_ws_main/install/camera_interface_pkg/include/camera_interface_pkg/camera_interface_pkg/srv/detail/set_calibration__rosidl_typesupport_introspection_c.h
[0.455s] -- Up-to-date: /home/achintya/Software/ROSPlayground/camera_ws_main/install/camera_interface_pkg/include/camera_interface_pkg/camera_interface_pkg/srv/detail/set_calibration__type_support.c
[0.455s] -- Up-to-date: /home/achintya/Software/ROSPlayground/camera_ws_main/install/camera_interface_pkg/include/camera_interface_pkg/camera_interface_pkg/srv/detail/update_n20_set_points__type_support.c
[0.455s] -- Up-to-date: /home/achintya/Software/ROSPlayground/camera_ws_main/install/camera_interface_pkg/include/camera_interface_pkg/camera_interface_pkg/srv/detail/update_n20_set_points__rosidl_typesupport_introspection_c.h
[0.455s] -- Up-to-date: /home/achintya/Software/ROSPlayground/camera_ws_main/install/camera_interface_pkg/include/camera_interface_pkg/camera_interface_pkg/msg
[0.455s] -- Up-to-date: /home/achintya/Software/ROSPlayground/camera_ws_main/install/camera_interface_pkg/include/camera_interface_pkg/camera_interface_pkg/msg/detail
[0.455s] -- Up-to-date: /home/achintya/Software/ROSPlayground/camera_ws_main/install/camera_interface_pkg/include/camera_interface_pkg/camera_interface_pkg/msg/detail/points__type_support.c
[0.455s] -- Up-to-date: /home/achintya/Software/ROSPlayground/camera_ws_main/install/camera_interface_pkg/include/camera_interface_pkg/camera_interface_pkg/msg/detail/points_list__type_support.c
[0.455s] -- Up-to-date: /home/achintya/Software/ROSPlayground/camera_ws_main/install/camera_interface_pkg/include/camera_interface_pkg/camera_interface_pkg/msg/detail/points__rosidl_typesupport_introspection_c.h
[0.455s] -- Up-to-date: /home/achintya/Software/ROSPlayground/camera_ws_main/install/camera_interface_pkg/include/camera_interface_pkg/camera_interface_pkg/msg/detail/robot_state__type_support.c
[0.455s] -- Up-to-date: /home/achintya/Software/ROSPlayground/camera_ws_main/install/camera_interface_pkg/include/camera_interface_pkg/camera_interface_pkg/msg/detail/robot_state__rosidl_typesupport_introspection_c.h
[0.456s] -- Up-to-date: /home/achintya/Software/ROSPlayground/camera_ws_main/install/camera_interface_pkg/include/camera_interface_pkg/camera_interface_pkg/msg/detail/points_list__rosidl_typesupport_introspection_c.h
[0.456s] -- Up-to-date: /home/achintya/Software/ROSPlayground/camera_ws_main/install/camera_interface_pkg/include/camera_interface_pkg/camera_interface_pkg/msg/rosidl_typesupport_introspection_c__visibility_control.h
[0.456s] -- Up-to-date: /home/achintya/Software/ROSPlayground/camera_ws_main/install/camera_interface_pkg/lib/libcamera_interface_pkg__rosidl_typesupport_introspection_c.so
[0.456s] -- Up-to-date: /home/achintya/Software/ROSPlayground/camera_ws_main/install/camera_interface_pkg/lib/libcamera_interface_pkg__rosidl_typesupport_c.so
[0.456s] -- Up-to-date: /home/achintya/Software/ROSPlayground/camera_ws_main/install/camera_interface_pkg/include/camera_interface_pkg/camera_interface_pkg
[0.456s] -- Up-to-date: /home/achintya/Software/ROSPlayground/camera_ws_main/install/camera_interface_pkg/include/camera_interface_pkg/camera_interface_pkg/srv
[0.456s] -- Up-to-date: /home/achintya/Software/ROSPlayground/camera_ws_main/install/camera_interface_pkg/include/camera_interface_pkg/camera_interface_pkg/srv/detail
[0.456s] -- Up-to-date: /home/achintya/Software/ROSPlayground/camera_ws_main/install/camera_interface_pkg/include/camera_interface_pkg/camera_interface_pkg/srv/detail/update_n20_set_points__type_support.hpp
[0.456s] -- Up-to-date: /home/achintya/Software/ROSPlayground/camera_ws_main/install/camera_interface_pkg/include/camera_interface_pkg/camera_interface_pkg/srv/detail/update_n20_set_points__struct.hpp
[0.456s] -- Up-to-date: /home/achintya/Software/ROSPlayground/camera_ws_main/install/camera_interface_pkg/include/camera_interface_pkg/camera_interface_pkg/srv/detail/set_calibration__type_support.hpp
[0.456s] -- Up-to-date: /home/achintya/Software/ROSPlayground/camera_ws_main/install/camera_interface_pkg/include/camera_interface_pkg/camera_interface_pkg/srv/detail/set_calibration__traits.hpp
[0.456s] -- Up-to-date: /home/achintya/Software/ROSPlayground/camera_ws_main/install/camera_interface_pkg/include/camera_interface_pkg/camera_interface_pkg/srv/detail/set_calibration__struct.hpp
[0.456s] -- Up-to-date: /home/achintya/Software/ROSPlayground/camera_ws_main/install/camera_interface_pkg/include/camera_interface_pkg/camera_interface_pkg/srv/detail/set_calibration__builder.hpp
[0.456s] -- Up-to-date: /home/achintya/Software/ROSPlayground/camera_ws_main/install/camera_interface_pkg/include/camera_interface_pkg/camera_interface_pkg/srv/detail/update_n20_set_points__traits.hpp
[0.456s] -- Up-to-date: /home/achintya/Software/ROSPlayground/camera_ws_main/install/camera_interface_pkg/include/camera_interface_pkg/camera_interface_pkg/srv/detail/update_n20_set_points__builder.hpp
[0.456s] -- Up-to-date: /home/achintya/Software/ROSPlayground/camera_ws_main/install/camera_interface_pkg/include/camera_interface_pkg/camera_interface_pkg/srv/set_calibration.hpp
[0.456s] -- Up-to-date: /home/achintya/Software/ROSPlayground/camera_ws_main/install/camera_interface_pkg/include/camera_interface_pkg/camera_interface_pkg/srv/update_n20_set_points.hpp
[0.456s] -- Up-to-date: /home/achintya/Software/ROSPlayground/camera_ws_main/install/camera_interface_pkg/include/camera_interface_pkg/camera_interface_pkg/msg
[0.456s] -- Up-to-date: /home/achintya/Software/ROSPlayground/camera_ws_main/install/camera_interface_pkg/include/camera_interface_pkg/camera_interface_pkg/msg/points_list.hpp
[0.457s] -- Up-to-date: /home/achintya/Software/ROSPlayground/camera_ws_main/install/camera_interface_pkg/include/camera_interface_pkg/camera_interface_pkg/msg/rosidl_generator_cpp__visibility_control.hpp
[0.457s] -- Up-to-date: /home/achintya/Software/ROSPlayground/camera_ws_main/install/camera_interface_pkg/include/camera_interface_pkg/camera_interface_pkg/msg/detail
[0.457s] -- Up-to-date: /home/achintya/Software/ROSPlayground/camera_ws_main/install/camera_interface_pkg/include/camera_interface_pkg/camera_interface_pkg/msg/detail/robot_state__type_support.hpp
[0.457s] -- Up-to-date: /home/achintya/Software/ROSPlayground/camera_ws_main/install/camera_interface_pkg/include/camera_interface_pkg/camera_interface_pkg/msg/detail/points__struct.hpp
[0.457s] -- Up-to-date: /home/achintya/Software/ROSPlayground/camera_ws_main/install/camera_interface_pkg/include/camera_interface_pkg/camera_interface_pkg/msg/detail/points_list__struct.hpp
[0.457s] -- Up-to-date: /home/achintya/Software/ROSPlayground/camera_ws_main/install/camera_interface_pkg/include/camera_interface_pkg/camera_interface_pkg/msg/detail/robot_state__struct.hpp
[0.457s] -- Up-to-date: /home/achintya/Software/ROSPlayground/camera_ws_main/install/camera_interface_pkg/include/camera_interface_pkg/camera_interface_pkg/msg/detail/robot_state__builder.hpp
[0.457s] -- Up-to-date: /home/achintya/Software/ROSPlayground/camera_ws_main/install/camera_interface_pkg/include/camera_interface_pkg/camera_interface_pkg/msg/detail/points_list__builder.hpp
[0.457s] -- Up-to-date: /home/achintya/Software/ROSPlayground/camera_ws_main/install/camera_interface_pkg/include/camera_interface_pkg/camera_interface_pkg/msg/detail/points__type_support.hpp
[0.457s] -- Up-to-date: /home/achintya/Software/ROSPlayground/camera_ws_main/install/camera_interface_pkg/include/camera_interface_pkg/camera_interface_pkg/msg/detail/points_list__traits.hpp
[0.457s] -- Up-to-date: /home/achintya/Software/ROSPlayground/camera_ws_main/install/camera_interface_pkg/include/camera_interface_pkg/camera_interface_pkg/msg/detail/points__builder.hpp
[0.457s] -- Up-to-date: /home/achintya/Software/ROSPlayground/camera_ws_main/install/camera_interface_pkg/include/camera_interface_pkg/camera_interface_pkg/msg/detail/robot_state__traits.hpp
[0.457s] -- Up-to-date: /home/achintya/Software/ROSPlayground/camera_ws_main/install/camera_interface_pkg/include/camera_interface_pkg/camera_interface_pkg/msg/detail/points_list__type_support.hpp
[0.457s] -- Up-to-date: /home/achintya/Software/ROSPlayground/camera_ws_main/install/camera_interface_pkg/include/camera_interface_pkg/camera_interface_pkg/msg/detail/points__traits.hpp
[0.457s] -- Up-to-date: /home/achintya/Software/ROSPlayground/camera_ws_main/install/camera_interface_pkg/include/camera_interface_pkg/camera_interface_pkg/msg/points.hpp
[0.457s] -- Up-to-date: /home/achintya/Software/ROSPlayground/camera_ws_main/install/camera_interface_pkg/include/camera_interface_pkg/camera_interface_pkg/msg/robot_state.hpp
[0.458s] -- Up-to-date: /home/achintya/Software/ROSPlayground/camera_ws_main/install/camera_interface_pkg/include/camera_interface_pkg/camera_interface_pkg
[0.458s] -- Up-to-date: /home/achintya/Software/ROSPlayground/camera_ws_main/install/camera_interface_pkg/include/camera_interface_pkg/camera_interface_pkg/srv
[0.458s] -- Up-to-date: /home/achintya/Software/ROSPlayground/camera_ws_main/install/camera_interface_pkg/include/camera_interface_pkg/camera_interface_pkg/srv/detail
[0.458s] -- Up-to-date: /home/achintya/Software/ROSPlayground/camera_ws_main/install/camera_interface_pkg/include/camera_interface_pkg/camera_interface_pkg/srv/detail/dds_fastrtps
[0.458s] -- Up-to-date: /home/achintya/Software/ROSPlayground/camera_ws_main/install/camera_interface_pkg/include/camera_interface_pkg/camera_interface_pkg/srv/detail/update_n20_set_points__rosidl_typesupport_fastrtps_cpp.hpp
[0.458s] -- Up-to-date: /home/achintya/Software/ROSPlayground/camera_ws_main/install/camera_interface_pkg/include/camera_interface_pkg/camera_interface_pkg/srv/detail/set_calibration__rosidl_typesupport_fastrtps_cpp.hpp
[0.458s] -- Up-to-date: /home/achintya/Software/ROSPlayground/camera_ws_main/install/camera_interface_pkg/include/camera_interface_pkg/camera_interface_pkg/msg
[0.458s] -- Up-to-date: /home/achintya/Software/ROSPlayground/camera_ws_main/install/camera_interface_pkg/include/camera_interface_pkg/camera_interface_pkg/msg/detail
[0.458s] -- Up-to-date: /home/achintya/Software/ROSPlayground/camera_ws_main/install/camera_interface_pkg/include/camera_interface_pkg/camera_interface_pkg/msg/detail/dds_fastrtps
[0.458s] -- Up-to-date: /home/achintya/Software/ROSPlayground/camera_ws_main/install/camera_interface_pkg/include/camera_interface_pkg/camera_interface_pkg/msg/detail/robot_state__rosidl_typesupport_fastrtps_cpp.hpp
[0.458s] -- Up-to-date: /home/achintya/Software/ROSPlayground/camera_ws_main/install/camera_interface_pkg/include/camera_interface_pkg/camera_interface_pkg/msg/detail/points__rosidl_typesupport_fastrtps_cpp.hpp
[0.458s] -- Up-to-date: /home/achintya/Software/ROSPlayground/camera_ws_main/install/camera_interface_pkg/include/camera_interface_pkg/camera_interface_pkg/msg/detail/points_list__rosidl_typesupport_fastrtps_cpp.hpp
[0.458s] -- Up-to-date: /home/achintya/Software/ROSPlayground/camera_ws_main/install/camera_interface_pkg/include/camera_interface_pkg/camera_interface_pkg/msg/rosidl_typesupport_fastrtps_cpp__visibility_control.h
[0.458s] -- Up-to-date: /home/achintya/Software/ROSPlayground/camera_ws_main/install/camera_interface_pkg/lib/libcamera_interface_pkg__rosidl_typesupport_fastrtps_cpp.so
[0.458s] -- Up-to-date: /home/achintya/Software/ROSPlayground/camera_ws_main/install/camera_interface_pkg/include/camera_interface_pkg/camera_interface_pkg
[0.458s] -- Up-to-date: /home/achintya/Software/ROSPlayground/camera_ws_main/install/camera_interface_pkg/include/camera_interface_pkg/camera_interface_pkg/srv
[0.458s] -- Up-to-date: /home/achintya/Software/ROSPlayground/camera_ws_main/install/camera_interface_pkg/include/camera_interface_pkg/camera_interface_pkg/srv/detail
[0.458s] -- Up-to-date: /home/achintya/Software/ROSPlayground/camera_ws_main/install/camera_interface_pkg/include/camera_interface_pkg/camera_interface_pkg/srv/detail/update_n20_set_points__type_support.cpp
[0.458s] -- Up-to-date: /home/achintya/Software/ROSPlayground/camera_ws_main/install/camera_interface_pkg/include/camera_interface_pkg/camera_interface_pkg/srv/detail/set_calibration__type_support.cpp
[0.459s] -- Up-to-date: /home/achintya/Software/ROSPlayground/camera_ws_main/install/camera_interface_pkg/include/camera_interface_pkg/camera_interface_pkg/srv/detail/set_calibration__rosidl_typesupport_introspection_cpp.hpp
[0.459s] -- Up-to-date: /home/achintya/Software/ROSPlayground/camera_ws_main/install/camera_interface_pkg/include/camera_interface_pkg/camera_interface_pkg/srv/detail/update_n20_set_points__rosidl_typesupport_introspection_cpp.hpp
[0.459s] -- Up-to-date: /home/achintya/Software/ROSPlayground/camera_ws_main/install/camera_interface_pkg/include/camera_interface_pkg/camera_interface_pkg/msg
[0.459s] -- Up-to-date: /home/achintya/Software/ROSPlayground/camera_ws_main/install/camera_interface_pkg/include/camera_interface_pkg/camera_interface_pkg/msg/detail
[0.459s] -- Up-to-date: /home/achintya/Software/ROSPlayground/camera_ws_main/install/camera_interface_pkg/include/camera_interface_pkg/camera_interface_pkg/msg/detail/points_list__rosidl_typesupport_introspection_cpp.hpp
[0.459s] -- Up-to-date: /home/achintya/Software/ROSPlayground/camera_ws_main/install/camera_interface_pkg/include/camera_interface_pkg/camera_interface_pkg/msg/detail/points__type_support.cpp
[0.459s] -- Up-to-date: /home/achintya/Software/ROSPlayground/camera_ws_main/install/camera_interface_pkg/include/camera_interface_pkg/camera_interface_pkg/msg/detail/robot_state__rosidl_typesupport_introspection_cpp.hpp
[0.459s] -- Up-to-date: /home/achintya/Software/ROSPlayground/camera_ws_main/install/camera_interface_pkg/include/camera_interface_pkg/camera_interface_pkg/msg/detail/points__rosidl_typesupport_introspection_cpp.hpp
[0.459s] -- Up-to-date: /home/achintya/Software/ROSPlayground/camera_ws_main/install/camera_interface_pkg/include/camera_interface_pkg/camera_interface_pkg/msg/detail/points_list__type_support.cpp
[0.459s] -- Up-to-date: /home/achintya/Software/ROSPlayground/camera_ws_main/install/camera_interface_pkg/include/camera_interface_pkg/camera_interface_pkg/msg/detail/robot_state__type_support.cpp
[0.459s] -- Up-to-date: /home/achintya/Software/ROSPlayground/camera_ws_main/install/camera_interface_pkg/lib/libcamera_interface_pkg__rosidl_typesupport_introspection_cpp.so
[0.459s] -- Up-to-date: /home/achintya/Software/ROSPlayground/camera_ws_main/install/camera_interface_pkg/lib/libcamera_interface_pkg__rosidl_typesupport_cpp.so
[0.459s] -- Up-to-date: /home/achintya/Software/ROSPlayground/camera_ws_main/install/camera_interface_pkg/share/camera_interface_pkg/environment/pythonpath.sh
[0.459s] -- Up-to-date: /home/achintya/Software/ROSPlayground/camera_ws_main/install/camera_interface_pkg/share/camera_interface_pkg/environment/pythonpath.dsv
[0.459s] -- Up-to-date: /home/achintya/Software/ROSPlayground/camera_ws_main/install/camera_interface_pkg/local/lib/python3.10/dist-packages/camera_interface_pkg-0.0.0-py3.10.egg-info
[0.459s] -- Installing: /home/achintya/Software/ROSPlayground/camera_ws_main/install/camera_interface_pkg/local/lib/python3.10/dist-packages/camera_interface_pkg-0.0.0-py3.10.egg-info/dependency_links.txt
[0.459s] -- Installing: /home/achintya/Software/ROSPlayground/camera_ws_main/install/camera_interface_pkg/local/lib/python3.10/dist-packages/camera_interface_pkg-0.0.0-py3.10.egg-info/PKG-INFO
[0.459s] -- Installing: /home/achintya/Software/ROSPlayground/camera_ws_main/install/camera_interface_pkg/local/lib/python3.10/dist-packages/camera_interface_pkg-0.0.0-py3.10.egg-info/top_level.txt
[0.459s] -- Installing: /home/achintya/Software/ROSPlayground/camera_ws_main/install/camera_interface_pkg/local/lib/python3.10/dist-packages/camera_interface_pkg-0.0.0-py3.10.egg-info/SOURCES.txt
[0.459s] -- Up-to-date: /home/achintya/Software/ROSPlayground/camera_ws_main/install/camera_interface_pkg/local/lib/python3.10/dist-packages/camera_interface_pkg
[0.459s] -- Up-to-date: /home/achintya/Software/ROSPlayground/camera_ws_main/install/camera_interface_pkg/local/lib/python3.10/dist-packages/camera_interface_pkg/__init__.py
[0.460s] -- Up-to-date: /home/achintya/Software/ROSPlayground/camera_ws_main/install/camera_interface_pkg/local/lib/python3.10/dist-packages/camera_interface_pkg/_camera_interface_pkg_s.ep.rosidl_typesupport_introspection_c.c
[0.460s] -- Up-to-date: /home/achintya/Software/ROSPlayground/camera_ws_main/install/camera_interface_pkg/local/lib/python3.10/dist-packages/camera_interface_pkg/_camera_interface_pkg_s.ep.rosidl_typesupport_c.c
[0.460s] -- Up-to-date: /home/achintya/Software/ROSPlayground/camera_ws_main/install/camera_interface_pkg/local/lib/python3.10/dist-packages/camera_interface_pkg/camera_interface_pkg_s__rosidl_typesupport_fastrtps_c.cpython-310-x86_64-linux-gnu.so
[0.460s] -- Up-to-date: /home/achintya/Software/ROSPlayground/camera_ws_main/install/camera_interface_pkg/local/lib/python3.10/dist-packages/camera_interface_pkg/srv
[0.460s] -- Up-to-date: /home/achintya/Software/ROSPlayground/camera_ws_main/install/camera_interface_pkg/local/lib/python3.10/dist-packages/camera_interface_pkg/srv/__init__.py
[0.460s] -- Up-to-date: /home/achintya/Software/ROSPlayground/camera_ws_main/install/camera_interface_pkg/local/lib/python3.10/dist-packages/camera_interface_pkg/srv/_update_n20_set_points_s.c
[0.460s] -- Up-to-date: /home/achintya/Software/ROSPlayground/camera_ws_main/install/camera_interface_pkg/local/lib/python3.10/dist-packages/camera_interface_pkg/srv/_set_calibration_s.c
[0.460s] -- Up-to-date: /home/achintya/Software/ROSPlayground/camera_ws_main/install/camera_interface_pkg/local/lib/python3.10/dist-packages/camera_interface_pkg/srv/_update_n20_set_points.py
[0.460s] -- Up-to-date: /home/achintya/Software/ROSPlayground/camera_ws_main/install/camera_interface_pkg/local/lib/python3.10/dist-packages/camera_interface_pkg/srv/_set_calibration.py
[0.460s] -- Up-to-date: /home/achintya/Software/ROSPlayground/camera_ws_main/install/camera_interface_pkg/local/lib/python3.10/dist-packages/camera_interface_pkg/libcamera_interface_pkg__rosidl_generator_py.so
[0.460s] -- Up-to-date: /home/achintya/Software/ROSPlayground/camera_ws_main/install/camera_interface_pkg/local/lib/python3.10/dist-packages/camera_interface_pkg/camera_interface_pkg_s__rosidl_typesupport_introspection_c.cpython-310-x86_64-linux-gnu.so
[0.460s] -- Up-to-date: /home/achintya/Software/ROSPlayground/camera_ws_main/install/camera_interface_pkg/local/lib/python3.10/dist-packages/camera_interface_pkg/camera_interface_pkg_s__rosidl_typesupport_c.cpython-310-x86_64-linux-gnu.so
[0.460s] -- Up-to-date: /home/achintya/Software/ROSPlayground/camera_ws_main/install/camera_interface_pkg/local/lib/python3.10/dist-packages/camera_interface_pkg/_camera_interface_pkg_s.ep.rosidl_typesupport_fastrtps_c.c
[0.460s] -- Up-to-date: /home/achintya/Software/ROSPlayground/camera_ws_main/install/camera_interface_pkg/local/lib/python3.10/dist-packages/camera_interface_pkg/msg
[0.460s] -- Up-to-date: /home/achintya/Software/ROSPlayground/camera_ws_main/install/camera_interface_pkg/local/lib/python3.10/dist-packages/camera_interface_pkg/msg/__init__.py
[0.460s] -- Up-to-date: /home/achintya/Software/ROSPlayground/camera_ws_main/install/camera_interface_pkg/local/lib/python3.10/dist-packages/camera_interface_pkg/msg/_points_list_s.c
[0.460s] -- Up-to-date: /home/achintya/Software/ROSPlayground/camera_ws_main/install/camera_interface_pkg/local/lib/python3.10/dist-packages/camera_interface_pkg/msg/_robot_state.py
[0.460s] -- Up-to-date: /home/achintya/Software/ROSPlayground/camera_ws_main/install/camera_interface_pkg/local/lib/python3.10/dist-packages/camera_interface_pkg/msg/_points_list.py
[0.460s] -- Up-to-date: /home/achintya/Software/ROSPlayground/camera_ws_main/install/camera_interface_pkg/local/lib/python3.10/dist-packages/camera_interface_pkg/msg/_points.py
[0.460s] -- Up-to-date: /home/achintya/Software/ROSPlayground/camera_ws_main/install/camera_interface_pkg/local/lib/python3.10/dist-packages/camera_interface_pkg/msg/_points_s.c
[0.460s] -- Up-to-date: /home/achintya/Software/ROSPlayground/camera_ws_main/install/camera_interface_pkg/local/lib/python3.10/dist-packages/camera_interface_pkg/msg/_robot_state_s.c
[0.493s] Listing '/home/achintya/Software/ROSPlayground/camera_ws_main/install/camera_interface_pkg/local/lib/python3.10/dist-packages/camera_interface_pkg'...
[0.493s] Listing '/home/achintya/Software/ROSPlayground/camera_ws_main/install/camera_interface_pkg/local/lib/python3.10/dist-packages/camera_interface_pkg/msg'...
[0.493s] Listing '/home/achintya/Software/ROSPlayground/camera_ws_main/install/camera_interface_pkg/local/lib/python3.10/dist-packages/camera_interface_pkg/srv'...
[0.498s] -- Up-to-date: /home/achintya/Software/ROSPlayground/camera_ws_main/install/camera_interface_pkg/local/lib/python3.10/dist-packages/camera_interface_pkg/camera_interface_pkg_s__rosidl_typesupport_fastrtps_c.cpython-310-x86_64-linux-gnu.so
[0.498s] -- Up-to-date: /home/achintya/Software/ROSPlayground/camera_ws_main/install/camera_interface_pkg/local/lib/python3.10/dist-packages/camera_interface_pkg/camera_interface_pkg_s__rosidl_typesupport_introspection_c.cpython-310-x86_64-linux-gnu.so
[0.499s] -- Up-to-date: /home/achintya/Software/ROSPlayground/camera_ws_main/install/camera_interface_pkg/local/lib/python3.10/dist-packages/camera_interface_pkg/camera_interface_pkg_s__rosidl_typesupport_c.cpython-310-x86_64-linux-gnu.so
[0.499s] -- Up-to-date: /home/achintya/Software/ROSPlayground/camera_ws_main/install/camera_interface_pkg/lib/libcamera_interface_pkg__rosidl_generator_py.so
[0.499s] -- Up-to-date: /home/achintya/Software/ROSPlayground/camera_ws_main/install/camera_interface_pkg/share/camera_interface_pkg/msg/RobotState.idl
[0.499s] -- Up-to-date: /home/achintya/Software/ROSPlayground/camera_ws_main/install/camera_interface_pkg/share/camera_interface_pkg/msg/Points.idl
[0.499s] -- Up-to-date: /home/achintya/Software/ROSPlayground/camera_ws_main/install/camera_interface_pkg/share/camera_interface_pkg/msg/PointsList.idl
[0.499s] -- Up-to-date: /home/achintya/Software/ROSPlayground/camera_ws_main/install/camera_interface_pkg/share/camera_interface_pkg/srv/UpdateN20SetPoints.idl
[0.499s] -- Up-to-date: /home/achintya/Software/ROSPlayground/camera_ws_main/install/camera_interface_pkg/share/camera_interface_pkg/srv/SetCalibration.idl
[0.499s] -- Up-to-date: /home/achintya/Software/ROSPlayground/camera_ws_main/install/camera_interface_pkg/share/camera_interface_pkg/msg/RobotState.msg
[0.500s] -- Up-to-date: /home/achintya/Software/ROSPlayground/camera_ws_main/install/camera_interface_pkg/share/camera_interface_pkg/msg/Points.msg
[0.500s] -- Up-to-date: /home/achintya/Software/ROSPlayground/camera_ws_main/install/camera_interface_pkg/share/camera_interface_pkg/msg/PointsList.msg
[0.500s] -- Up-to-date: /home/achintya/Software/ROSPlayground/camera_ws_main/install/camera_interface_pkg/share/camera_interface_pkg/srv/UpdateN20SetPoints.srv
[0.500s] -- Up-to-date: /home/achintya/Software/ROSPlayground/camera_ws_main/install/camera_interface_pkg/share/camera_interface_pkg/srv/UpdateN20SetPoints_Request.msg
[0.500s] -- Up-to-date: /home/achintya/Software/ROSPlayground/camera_ws_main/install/camera_interface_pkg/share/camera_interface_pkg/srv/UpdateN20SetPoints_Response.msg
[0.500s] -- Up-to-date: /home/achintya/Software/ROSPlayground/camera_ws_main/install/camera_interface_pkg/share/camera_interface_pkg/srv/SetCalibration.srv
[0.500s] -- Up-to-date: /home/achintya/Software/ROSPlayground/camera_ws_main/install/camera_interface_pkg/share/camera_interface_pkg/srv/SetCalibration_Request.msg
[0.500s] -- Up-to-date: /home/achintya/Software/ROSPlayground/camera_ws_main/install/camera_interface_pkg/share/camera_interface_pkg/srv/SetCalibration_Response.msg
[0.500s] -- Up-to-date: /home/achintya/Software/ROSPlayground/camera_ws_main/install/camera_interface_pkg/share/ament_index/resource_index/package_run_dependencies/camera_interface_pkg
[0.500s] -- Up-to-date: /home/achintya/Software/ROSPlayground/camera_ws_main/install/camera_interface_pkg/share/ament_index/resource_index/parent_prefix_path/camera_interface_pkg
[0.500s] -- Up-to-date: /home/achintya/Software/ROSPlayground/camera_ws_main/install/camera_interface_pkg/share/camera_interface_pkg/environment/ament_prefix_path.sh
[0.500s] -- Up-to-date: /home/achintya/Software/ROSPlayground/camera_ws_main/install/camera_interface_pkg/share/camera_interface_pkg/environment/ament_prefix_path.dsv
[0.501s] -- Up-to-date: /home/achintya/Software/ROSPlayground/camera_ws_main/install/camera_interface_pkg/share/camera_interface_pkg/environment/path.sh
[0.501s] -- Up-to-date: /home/achintya/Software/ROSPlayground/camera_ws_main/install/camera_interface_pkg/share/camera_interface_pkg/environment/path.dsv
[0.501s] -- Up-to-date: /home/achintya/Software/ROSPlayground/camera_ws_main/install/camera_interface_pkg/share/camera_interface_pkg/local_setup.bash
[0.501s] -- Up-to-date: /home/achintya/Software/ROSPlayground/camera_ws_main/install/camera_interface_pkg/share/camera_interface_pkg/local_setup.sh
[0.501s] -- Up-to-date: /home/achintya/Software/ROSPlayground/camera_ws_main/install/camera_interface_pkg/share/camera_interface_pkg/local_setup.zsh
[0.501s] -- Up-to-date: /home/achintya/Software/ROSPlayground/camera_ws_main/install/camera_interface_pkg/share/camera_interface_pkg/local_setup.dsv
[0.501s] -- Installing: /home/achintya/Software/ROSPlayground/camera_ws_main/install/camera_interface_pkg/share/camera_interface_pkg/package.dsv
[0.501s] -- Up-to-date: /home/achintya/Software/ROSPlayground/camera_ws_main/install/camera_interface_pkg/share/ament_index/resource_index/packages/camera_interface_pkg
[0.501s] -- Up-to-date: /home/achintya/Software/ROSPlayground/camera_ws_main/install/camera_interface_pkg/share/camera_interface_pkg/cmake/export_camera_interface_pkg__rosidl_generator_cExport.cmake
[0.502s] -- Up-to-date: /home/achintya/Software/ROSPlayground/camera_ws_main/install/camera_interface_pkg/share/camera_interface_pkg/cmake/export_camera_interface_pkg__rosidl_generator_cExport-noconfig.cmake
[0.502s] -- Up-to-date: /home/achintya/Software/ROSPlayground/camera_ws_main/install/camera_interface_pkg/share/camera_interface_pkg/cmake/export_camera_interface_pkg__rosidl_typesupport_fastrtps_cExport.cmake
[0.502s] -- Up-to-date: /home/achintya/Software/ROSPlayground/camera_ws_main/install/camera_interface_pkg/share/camera_interface_pkg/cmake/export_camera_interface_pkg__rosidl_typesupport_fastrtps_cExport-noconfig.cmake
[0.502s] -- Up-to-date: /home/achintya/Software/ROSPlayground/camera_ws_main/install/camera_interface_pkg/share/camera_interface_pkg/cmake/camera_interface_pkg__rosidl_typesupport_introspection_cExport.cmake
[0.502s] -- Up-to-date: /home/achintya/Software/ROSPlayground/camera_ws_main/install/camera_interface_pkg/share/camera_interface_pkg/cmake/camera_interface_pkg__rosidl_typesupport_introspection_cExport-noconfig.cmake
[0.502s] -- Up-to-date: /home/achintya/Software/ROSPlayground/camera_ws_main/install/camera_interface_pkg/share/camera_interface_pkg/cmake/camera_interface_pkg__rosidl_typesupport_cExport.cmake
[0.502s] -- Up-to-date: /home/achintya/Software/ROSPlayground/camera_ws_main/install/camera_interface_pkg/share/camera_interface_pkg/cmake/camera_interface_pkg__rosidl_typesupport_cExport-noconfig.cmake
[0.502s] -- Up-to-date: /home/achintya/Software/ROSPlayground/camera_ws_main/install/camera_interface_pkg/share/camera_interface_pkg/cmake/export_camera_interface_pkg__rosidl_generator_cppExport.cmake
[0.502s] -- Up-to-date: /home/achintya/Software/ROSPlayground/camera_ws_main/install/camera_interface_pkg/share/camera_interface_pkg/cmake/export_camera_interface_pkg__rosidl_typesupport_fastrtps_cppExport.cmake
[0.502s] -- Up-to-date: /home/achintya/Software/ROSPlayground/camera_ws_main/install/camera_interface_pkg/share/camera_interface_pkg/cmake/export_camera_interface_pkg__rosidl_typesupport_fastrtps_cppExport-noconfig.cmake
[0.502s] -- Up-to-date: /home/achintya/Software/ROSPlayground/camera_ws_main/install/camera_interface_pkg/share/camera_interface_pkg/cmake/camera_interface_pkg__rosidl_typesupport_introspection_cppExport.cmake
[0.502s] -- Up-to-date: /home/achintya/Software/ROSPlayground/camera_ws_main/install/camera_interface_pkg/share/camera_interface_pkg/cmake/camera_interface_pkg__rosidl_typesupport_introspection_cppExport-noconfig.cmake
[0.503s] -- Up-to-date: /home/achintya/Software/ROSPlayground/camera_ws_main/install/camera_interface_pkg/share/camera_interface_pkg/cmake/camera_interface_pkg__rosidl_typesupport_cppExport.cmake
[0.503s] -- Up-to-date: /home/achintya/Software/ROSPlayground/camera_ws_main/install/camera_interface_pkg/share/camera_interface_pkg/cmake/camera_interface_pkg__rosidl_typesupport_cppExport-noconfig.cmake
[0.503s] -- Up-to-date: /home/achintya/Software/ROSPlayground/camera_ws_main/install/camera_interface_pkg/share/camera_interface_pkg/cmake/export_camera_interface_pkg__rosidl_generator_pyExport.cmake
[0.503s] -- Up-to-date: /home/achintya/Software/ROSPlayground/camera_ws_main/install/camera_interface_pkg/share/camera_interface_pkg/cmake/export_camera_interface_pkg__rosidl_generator_pyExport-noconfig.cmake
[0.503s] -- Up-to-date: /home/achintya/Software/ROSPlayground/camera_ws_main/install/camera_interface_pkg/share/camera_interface_pkg/cmake/rosidl_cmake-extras.cmake
[0.503s] -- Up-to-date: /home/achintya/Software/ROSPlayground/camera_ws_main/install/camera_interface_pkg/share/camera_interface_pkg/cmake/ament_cmake_export_include_directories-extras.cmake
[0.503s] -- Up-to-date: /home/achintya/Software/ROSPlayground/camera_ws_main/install/camera_interface_pkg/share/camera_interface_pkg/cmake/ament_cmake_export_libraries-extras.cmake
[0.503s] -- Up-to-date: /home/achintya/Software/ROSPlayground/camera_ws_main/install/camera_interface_pkg/share/camera_interface_pkg/cmake/ament_cmake_export_targets-extras.cmake
[0.503s] -- Up-to-date: /home/achintya/Software/ROSPlayground/camera_ws_main/install/camera_interface_pkg/share/camera_interface_pkg/cmake/rosidl_cmake_export_typesupport_targets-extras.cmake
[0.503s] -- Up-to-date: /home/achintya/Software/ROSPlayground/camera_ws_main/install/camera_interface_pkg/share/camera_interface_pkg/cmake/ament_cmake_export_dependencies-extras.cmake
[0.503s] -- Up-to-date: /home/achintya/Software/ROSPlayground/camera_ws_main/install/camera_interface_pkg/share/camera_interface_pkg/cmake/rosidl_cmake_export_typesupport_libraries-extras.cmake
[0.503s] -- Up-to-date: /home/achintya/Software/ROSPlayground/camera_ws_main/install/camera_interface_pkg/share/camera_interface_pkg/cmake/camera_interface_pkgConfig.cmake
[0.503s] -- Up-to-date: /home/achintya/Software/ROSPlayground/camera_ws_main/install/camera_interface_pkg/share/camera_interface_pkg/cmake/camera_interface_pkgConfig-version.cmake
[0.504s] -- Up-to-date: /home/achintya/Software/ROSPlayground/camera_ws_main/install/camera_interface_pkg/share/camera_interface_pkg/package.xml
[0.507s] Invoked command in '/home/achintya/Software/ROSPlayground/camera_ws_main/build/camera_interface_pkg' returned '0': CMAKE_PREFIX_PATH=${CMAKE_PREFIX_PATH}:/home/achintya/Software/ROSPlayground/camera_ws_main/install/camera_main_pkg:/opt/ros/humble /usr/bin/cmake --install /home/achintya/Software/ROSPlayground/camera_ws_main/build/camera_interface_pkg
