-- Found ament_cmake: 1.3.11 (/opt/ros/humble/share/ament_cmake/cmake)
-- Found rosidl_default_generators: 1.2.0 (/opt/ros/humble/share/rosidl_default_generators/cmake)
-- Using all available rosidl_typesupport_c: rosidl_typesupport_fastrtps_c;rosidl_typesupport_introspection_c
-- Found rosidl_adapter: 3.1.6 (/opt/ros/humble/share/rosidl_adapter/cmake)
-- Using all available rosidl_typesupport_cpp: rosidl_typesupport_fastrtps_cpp;rosidl_typesupport_introspection_cpp
-- Found ament_cmake_ros: 0.10.0 (/opt/ros/humble/share/ament_cmake_ros/cmake)
-- Using all available rosidl_typesupport_c: rosidl_typesupport_fastrtps_c;rosidl_typesupport_introspection_c
-- Using all available rosidl_typesupport_cpp: rosidl_typesupport_fastrtps_cpp;rosidl_typesupport_introspection_cpp
-- Found PythonInterp: /usr/bin/python3 (found suitable version "3.10.12", minimum required is "3.6") 
-- Found python_cmake_module: 0.10.0 (/opt/ros/humble/share/python_cmake_module/cmake)
-- Found PythonLibs: /usr/lib/x86_64-linux-gnu/libpython3.10.so (found suitable version "3.10.12", minimum required is "3.5") 
-- Using PYTHON_EXECUTABLE: /usr/bin/python3
-- Using PYTHON_INCLUDE_DIRS: /usr/include/python3.10
-- Using PYTHON_LIBRARIES: /usr/lib/x86_64-linux-gnu/libpython3.10.so
-- Found PythonExtra: .so  
-- Configuring done
-- Generating done
-- Build files have been written to: /home/achintya/Software/ROSPlayground/camera_ws_main/build/camera_interface_pkg
[  1%] [34m[1mGenerating C code for ROS interfaces[0m
[  3%] [34m[1mGenerating C++ code for ROS interfaces[0m
[  3%] Built target ament_cmake_python_copy_camera_interface_pkg
running egg_info
creating camera_interface_pkg.egg-info
writing camera_interface_pkg.egg-info/PKG-INFO
writing dependency_links to camera_interface_pkg.egg-info/dependency_links.txt
writing top-level names to camera_interface_pkg.egg-info/top_level.txt
writing manifest file 'camera_interface_pkg.egg-info/SOURCES.txt'
reading manifest file 'camera_interface_pkg.egg-info/SOURCES.txt'
writing manifest file 'camera_interface_pkg.egg-info/SOURCES.txt'
[  3%] Built target ament_cmake_python_build_camera_interface_pkg_egg
[  3%] Built target camera_interface_pkg__cpp
[  4%] [34m[1mGenerating C++ type support dispatch for ROS interfaces[0m
[ 11%] [34m[1mGenerating C++ introspection for ROS interfaces[0m
[ 11%] [32mBuilding C object CMakeFiles/camera_interface_pkg__rosidl_generator_c.dir/rosidl_generator_c/camera_interface_pkg/msg/detail/robot_state__functions.c.o[0m
[ 11%] [34m[1mGenerating C++ type support for eProsima Fast-RTPS[0m
[ 11%] [32mBuilding C object CMakeFiles/camera_interface_pkg__rosidl_generator_c.dir/rosidl_generator_c/camera_interface_pkg/msg/detail/points__functions.c.o[0m
[ 12%] [32mBuilding C object CMakeFiles/camera_interface_pkg__rosidl_generator_c.dir/rosidl_generator_c/camera_interface_pkg/srv/detail/update_n20_set_points__functions.c.o[0m
[ 14%] [32mBuilding C object CMakeFiles/camera_interface_pkg__rosidl_generator_c.dir/rosidl_generator_c/camera_interface_pkg/msg/detail/points_list__functions.c.o[0m
[ 15%] [32mBuilding C object CMakeFiles/camera_interface_pkg__rosidl_generator_c.dir/rosidl_generator_c/camera_interface_pkg/srv/detail/set_calibration__functions.c.o[0m
[ 17%] [32m[1mLinking C shared library libcamera_interface_pkg__rosidl_generator_c.so[0m
[ 17%] Built target camera_interface_pkg__rosidl_generator_c
[ 19%] [34m[1mGenerating C type support for eProsima Fast-RTPS[0m
[ 20%] [34m[1mGenerating C introspection for ROS interfaces[0m
[ 22%] [34m[1mGenerating C type support dispatch for ROS interfaces[0m
[ 26%] [32mBuilding CXX object CMakeFiles/camera_interface_pkg__rosidl_typesupport_cpp.dir/rosidl_typesupport_cpp/camera_interface_pkg/msg/points__type_support.cpp.o[0m
[ 25%] [32mBuilding CXX object CMakeFiles/camera_interface_pkg__rosidl_typesupport_cpp.dir/rosidl_typesupport_cpp/camera_interface_pkg/msg/points_list__type_support.cpp.o[0m
[ 25%] [32mBuilding CXX object CMakeFiles/camera_interface_pkg__rosidl_typesupport_cpp.dir/rosidl_typesupport_cpp/camera_interface_pkg/msg/robot_state__type_support.cpp.o[0m
[ 28%] [32mBuilding CXX object CMakeFiles/camera_interface_pkg__rosidl_typesupport_introspection_cpp.dir/rosidl_typesupport_introspection_cpp/camera_interface_pkg/msg/detail/robot_state__type_support.cpp.o[0m
[ 30%] [32mBuilding CXX object CMakeFiles/camera_interface_pkg__rosidl_typesupport_c.dir/rosidl_typesupport_c/camera_interface_pkg/msg/robot_state__type_support.cpp.o[0m
[ 31%] [32mBuilding CXX object CMakeFiles/camera_interface_pkg__rosidl_typesupport_introspection_cpp.dir/rosidl_typesupport_introspection_cpp/camera_interface_pkg/msg/detail/points__type_support.cpp.o[0m
[ 34%] [32mBuilding CXX object CMakeFiles/camera_interface_pkg__rosidl_typesupport_cpp.dir/rosidl_typesupport_cpp/camera_interface_pkg/srv/set_calibration__type_support.cpp.o[0m
[ 34%] [32mBuilding CXX object CMakeFiles/camera_interface_pkg__rosidl_typesupport_cpp.dir/rosidl_typesupport_cpp/camera_interface_pkg/srv/update_n20_set_points__type_support.cpp.o[0m
[ 36%] [32mBuilding CXX object CMakeFiles/camera_interface_pkg__rosidl_typesupport_c.dir/rosidl_typesupport_c/camera_interface_pkg/msg/points__type_support.cpp.o[0m
[ 38%] [32mBuilding CXX object CMakeFiles/camera_interface_pkg__rosidl_typesupport_fastrtps_cpp.dir/rosidl_typesupport_fastrtps_cpp/camera_interface_pkg/msg/detail/dds_fastrtps/robot_state__type_support.cpp.o[0m
[ 39%] [32mBuilding CXX object CMakeFiles/camera_interface_pkg__rosidl_typesupport_c.dir/rosidl_typesupport_c/camera_interface_pkg/msg/points_list__type_support.cpp.o[0m
[ 41%] [32mBuilding CXX object CMakeFiles/camera_interface_pkg__rosidl_typesupport_c.dir/rosidl_typesupport_c/camera_interface_pkg/srv/update_n20_set_points__type_support.cpp.o[0m
[ 42%] [32mBuilding C object CMakeFiles/camera_interface_pkg__rosidl_typesupport_introspection_c.dir/rosidl_typesupport_introspection_c/camera_interface_pkg/msg/detail/robot_state__type_support.c.o[0m
[ 44%] [32mBuilding CXX object CMakeFiles/camera_interface_pkg__rosidl_typesupport_c.dir/rosidl_typesupport_c/camera_interface_pkg/srv/set_calibration__type_support.cpp.o[0m
[ 47%] [32m[1mLinking CXX shared library libcamera_interface_pkg__rosidl_typesupport_c.so[0m
[ 47%] [32mBuilding C object CMakeFiles/camera_interface_pkg__rosidl_typesupport_introspection_c.dir/rosidl_typesupport_introspection_c/camera_interface_pkg/msg/detail/points__type_support.c.o[0m
[ 49%] [32mBuilding CXX object CMakeFiles/camera_interface_pkg__rosidl_typesupport_fastrtps_c.dir/rosidl_typesupport_fastrtps_c/camera_interface_pkg/msg/detail/robot_state__type_support_c.cpp.o[0m
[ 50%] [32mBuilding C object CMakeFiles/camera_interface_pkg__rosidl_typesupport_introspection_c.dir/rosidl_typesupport_introspection_c/camera_interface_pkg/msg/detail/points_list__type_support.c.o[0m
[ 50%] Built target camera_interface_pkg__rosidl_typesupport_c
[ 52%] [32mBuilding CXX object CMakeFiles/camera_interface_pkg__rosidl_typesupport_fastrtps_cpp.dir/rosidl_typesupport_fastrtps_cpp/camera_interface_pkg/msg/detail/dds_fastrtps/points__type_support.cpp.o[0m
[ 53%] [32mBuilding C object CMakeFiles/camera_interface_pkg__rosidl_typesupport_introspection_c.dir/rosidl_typesupport_introspection_c/camera_interface_pkg/srv/detail/update_n20_set_points__type_support.c.o[0m
[ 55%] [32mBuilding C object CMakeFiles/camera_interface_pkg__rosidl_typesupport_introspection_c.dir/rosidl_typesupport_introspection_c/camera_interface_pkg/srv/detail/set_calibration__type_support.c.o[0m
[ 57%] [32mBuilding CXX object CMakeFiles/camera_interface_pkg__rosidl_typesupport_fastrtps_cpp.dir/rosidl_typesupport_fastrtps_cpp/camera_interface_pkg/msg/detail/dds_fastrtps/points_list__type_support.cpp.o[0m
[ 58%] [32mBuilding CXX object CMakeFiles/camera_interface_pkg__rosidl_typesupport_fastrtps_cpp.dir/rosidl_typesupport_fastrtps_cpp/camera_interface_pkg/srv/detail/dds_fastrtps/update_n20_set_points__type_support.cpp.o[0m
[ 60%] [32m[1mLinking CXX shared library libcamera_interface_pkg__rosidl_typesupport_cpp.so[0m
[ 61%] [32m[1mLinking C shared library libcamera_interface_pkg__rosidl_typesupport_introspection_c.so[0m
[ 61%] Built target camera_interface_pkg__rosidl_typesupport_introspection_c
[ 61%] Built target camera_interface_pkg__rosidl_typesupport_cpp
[ 63%] [32mBuilding CXX object CMakeFiles/camera_interface_pkg__rosidl_typesupport_fastrtps_cpp.dir/rosidl_typesupport_fastrtps_cpp/camera_interface_pkg/srv/detail/dds_fastrtps/set_calibration__type_support.cpp.o[0m
[ 65%] [32mBuilding CXX object CMakeFiles/camera_interface_pkg__rosidl_typesupport_fastrtps_c.dir/rosidl_typesupport_fastrtps_c/camera_interface_pkg/msg/detail/points__type_support_c.cpp.o[0m
[ 66%] [32mBuilding CXX object CMakeFiles/camera_interface_pkg__rosidl_typesupport_introspection_cpp.dir/rosidl_typesupport_introspection_cpp/camera_interface_pkg/msg/detail/points_list__type_support.cpp.o[0m
[ 68%] [32mBuilding CXX object CMakeFiles/camera_interface_pkg__rosidl_typesupport_introspection_cpp.dir/rosidl_typesupport_introspection_cpp/camera_interface_pkg/srv/detail/update_n20_set_points__type_support.cpp.o[0m
[ 69%] [32mBuilding CXX object CMakeFiles/camera_interface_pkg__rosidl_typesupport_introspection_cpp.dir/rosidl_typesupport_introspection_cpp/camera_interface_pkg/srv/detail/set_calibration__type_support.cpp.o[0m
[ 71%] [32mBuilding CXX object CMakeFiles/camera_interface_pkg__rosidl_typesupport_fastrtps_c.dir/rosidl_typesupport_fastrtps_c/camera_interface_pkg/msg/detail/points_list__type_support_c.cpp.o[0m
[ 73%] [32mBuilding CXX object CMakeFiles/camera_interface_pkg__rosidl_typesupport_fastrtps_c.dir/rosidl_typesupport_fastrtps_c/camera_interface_pkg/srv/detail/update_n20_set_points__type_support_c.cpp.o[0m
[ 74%] [32mBuilding CXX object CMakeFiles/camera_interface_pkg__rosidl_typesupport_fastrtps_c.dir/rosidl_typesupport_fastrtps_c/camera_interface_pkg/srv/detail/set_calibration__type_support_c.cpp.o[0m
[ 76%] [32m[1mLinking CXX shared library libcamera_interface_pkg__rosidl_typesupport_fastrtps_cpp.so[0m
[ 76%] Built target camera_interface_pkg__rosidl_typesupport_fastrtps_cpp
[ 77%] [32m[1mLinking CXX shared library libcamera_interface_pkg__rosidl_typesupport_introspection_cpp.so[0m
[ 77%] Built target camera_interface_pkg__rosidl_typesupport_introspection_cpp
[ 79%] [32m[1mLinking CXX shared library libcamera_interface_pkg__rosidl_typesupport_fastrtps_c.so[0m
[ 79%] Built target camera_interface_pkg__rosidl_typesupport_fastrtps_c
[ 79%] Built target camera_interface_pkg
[ 80%] [34m[1mGenerating Python code for ROS interfaces[0m
[ 80%] Built target camera_interface_pkg__py
[ 82%] [32mBuilding C object CMakeFiles/camera_interface_pkg__rosidl_generator_py.dir/rosidl_generator_py/camera_interface_pkg/msg/_points_s.c.o[0m
[ 84%] [32mBuilding C object CMakeFiles/camera_interface_pkg__rosidl_generator_py.dir/rosidl_generator_py/camera_interface_pkg/srv/_update_n20_set_points_s.c.o[0m
[ 85%] [32mBuilding C object CMakeFiles/camera_interface_pkg__rosidl_generator_py.dir/rosidl_generator_py/camera_interface_pkg/srv/_set_calibration_s.c.o[0m
[ 87%] [32mBuilding C object CMakeFiles/camera_interface_pkg__rosidl_generator_py.dir/rosidl_generator_py/camera_interface_pkg/msg/_robot_state_s.c.o[0m
[ 88%] [32mBuilding C object CMakeFiles/camera_interface_pkg__rosidl_generator_py.dir/rosidl_generator_py/camera_interface_pkg/msg/_points_list_s.c.o[0m
[ 90%] [32m[1mLinking C shared library rosidl_generator_py/camera_interface_pkg/libcamera_interface_pkg__rosidl_generator_py.so[0m
[ 90%] Built target camera_interface_pkg__rosidl_generator_py
[ 95%] [32mBuilding C object CMakeFiles/camera_interface_pkg__rosidl_typesupport_fastrtps_c__pyext.dir/rosidl_generator_py/camera_interface_pkg/_camera_interface_pkg_s.ep.rosidl_typesupport_fastrtps_c.c.o[0m
[ 95%] [32mBuilding C object CMakeFiles/camera_interface_pkg__rosidl_typesupport_introspection_c__pyext.dir/rosidl_generator_py/camera_interface_pkg/_camera_interface_pkg_s.ep.rosidl_typesupport_introspection_c.c.o[0m
[ 95%] [32mBuilding C object CMakeFiles/camera_interface_pkg__rosidl_typesupport_c__pyext.dir/rosidl_generator_py/camera_interface_pkg/_camera_interface_pkg_s.ep.rosidl_typesupport_c.c.o[0m
[ 98%] [32m[1mLinking C shared library rosidl_generator_py/camera_interface_pkg/camera_interface_pkg_s__rosidl_typesupport_introspection_c.cpython-310-x86_64-linux-gnu.so[0m
[ 98%] [32m[1mLinking C shared library rosidl_generator_py/camera_interface_pkg/camera_interface_pkg_s__rosidl_typesupport_c.cpython-310-x86_64-linux-gnu.so[0m
[100%] [32m[1mLinking C shared library rosidl_generator_py/camera_interface_pkg/camera_interface_pkg_s__rosidl_typesupport_fastrtps_c.cpython-310-x86_64-linux-gnu.so[0m
[100%] Built target camera_interface_pkg__rosidl_typesupport_c__pyext
[100%] Built target camera_interface_pkg__rosidl_typesupport_introspection_c__pyext
[100%] Built target camera_interface_pkg__rosidl_typesupport_fastrtps_c__pyext
-- Install configuration: ""
-- Installing: /home/achintya/Software/ROSPlayground/camera_ws_main/install/camera_interface_pkg/share/ament_index/resource_index/rosidl_interfaces/camera_interface_pkg
-- Installing: /home/achintya/Software/ROSPlayground/camera_ws_main/install/camera_interface_pkg/include/camera_interface_pkg/camera_interface_pkg
-- Installing: /home/achintya/Software/ROSPlayground/camera_ws_main/install/camera_interface_pkg/include/camera_interface_pkg/camera_interface_pkg/srv
-- Installing: /home/achintya/Software/ROSPlayground/camera_ws_main/install/camera_interface_pkg/include/camera_interface_pkg/camera_interface_pkg/srv/detail
-- Installing: /home/achintya/Software/ROSPlayground/camera_ws_main/install/camera_interface_pkg/include/camera_interface_pkg/camera_interface_pkg/srv/detail/update_n20_set_points__functions.h
-- Installing: /home/achintya/Software/ROSPlayground/camera_ws_main/install/camera_interface_pkg/include/camera_interface_pkg/camera_interface_pkg/srv/detail/set_calibration__functions.h
-- Installing: /home/achintya/Software/ROSPlayground/camera_ws_main/install/camera_interface_pkg/include/camera_interface_pkg/camera_interface_pkg/srv/detail/update_n20_set_points__struct.h
-- Installing: /home/achintya/Software/ROSPlayground/camera_ws_main/install/camera_interface_pkg/include/camera_interface_pkg/camera_interface_pkg/srv/detail/set_calibration__functions.c
-- Installing: /home/achintya/Software/ROSPlayground/camera_ws_main/install/camera_interface_pkg/include/camera_interface_pkg/camera_interface_pkg/srv/detail/update_n20_set_points__type_support.h
-- Installing: /home/achintya/Software/ROSPlayground/camera_ws_main/install/camera_interface_pkg/include/camera_interface_pkg/camera_interface_pkg/srv/detail/set_calibration__type_support.h
-- Installing: /home/achintya/Software/ROSPlayground/camera_ws_main/install/camera_interface_pkg/include/camera_interface_pkg/camera_interface_pkg/srv/detail/set_calibration__struct.h
-- Installing: /home/achintya/Software/ROSPlayground/camera_ws_main/install/camera_interface_pkg/include/camera_interface_pkg/camera_interface_pkg/srv/detail/update_n20_set_points__functions.c
-- Installing: /home/achintya/Software/ROSPlayground/camera_ws_main/install/camera_interface_pkg/include/camera_interface_pkg/camera_interface_pkg/srv/update_n20_set_points.h
-- Installing: /home/achintya/Software/ROSPlayground/camera_ws_main/install/camera_interface_pkg/include/camera_interface_pkg/camera_interface_pkg/srv/set_calibration.h
-- Installing: /home/achintya/Software/ROSPlayground/camera_ws_main/install/camera_interface_pkg/include/camera_interface_pkg/camera_interface_pkg/msg
-- Installing: /home/achintya/Software/ROSPlayground/camera_ws_main/install/camera_interface_pkg/include/camera_interface_pkg/camera_interface_pkg/msg/detail
-- Installing: /home/achintya/Software/ROSPlayground/camera_ws_main/install/camera_interface_pkg/include/camera_interface_pkg/camera_interface_pkg/msg/detail/points_list__functions.c
-- Installing: /home/achintya/Software/ROSPlayground/camera_ws_main/install/camera_interface_pkg/include/camera_interface_pkg/camera_interface_pkg/msg/detail/points_list__type_support.h
-- Installing: /home/achintya/Software/ROSPlayground/camera_ws_main/install/camera_interface_pkg/include/camera_interface_pkg/camera_interface_pkg/msg/detail/points_list__functions.h
-- Installing: /home/achintya/Software/ROSPlayground/camera_ws_main/install/camera_interface_pkg/include/camera_interface_pkg/camera_interface_pkg/msg/detail/points__struct.h
-- Installing: /home/achintya/Software/ROSPlayground/camera_ws_main/install/camera_interface_pkg/include/camera_interface_pkg/camera_interface_pkg/msg/detail/robot_state__functions.h
-- Installing: /home/achintya/Software/ROSPlayground/camera_ws_main/install/camera_interface_pkg/include/camera_interface_pkg/camera_interface_pkg/msg/detail/robot_state__functions.c
-- Installing: /home/achintya/Software/ROSPlayground/camera_ws_main/install/camera_interface_pkg/include/camera_interface_pkg/camera_interface_pkg/msg/detail/points__functions.c
-- Installing: /home/achintya/Software/ROSPlayground/camera_ws_main/install/camera_interface_pkg/include/camera_interface_pkg/camera_interface_pkg/msg/detail/robot_state__type_support.h
-- Installing: /home/achintya/Software/ROSPlayground/camera_ws_main/install/camera_interface_pkg/include/camera_interface_pkg/camera_interface_pkg/msg/detail/points__type_support.h
-- Installing: /home/achintya/Software/ROSPlayground/camera_ws_main/install/camera_interface_pkg/include/camera_interface_pkg/camera_interface_pkg/msg/detail/robot_state__struct.h
-- Installing: /home/achintya/Software/ROSPlayground/camera_ws_main/install/camera_interface_pkg/include/camera_interface_pkg/camera_interface_pkg/msg/detail/points__functions.h
-- Installing: /home/achintya/Software/ROSPlayground/camera_ws_main/install/camera_interface_pkg/include/camera_interface_pkg/camera_interface_pkg/msg/detail/points_list__struct.h
-- Installing: /home/achintya/Software/ROSPlayground/camera_ws_main/install/camera_interface_pkg/include/camera_interface_pkg/camera_interface_pkg/msg/points.h
-- Installing: /home/achintya/Software/ROSPlayground/camera_ws_main/install/camera_interface_pkg/include/camera_interface_pkg/camera_interface_pkg/msg/points_list.h
-- Installing: /home/achintya/Software/ROSPlayground/camera_ws_main/install/camera_interface_pkg/include/camera_interface_pkg/camera_interface_pkg/msg/robot_state.h
-- Installing: /home/achintya/Software/ROSPlayground/camera_ws_main/install/camera_interface_pkg/include/camera_interface_pkg/camera_interface_pkg/msg/rosidl_generator_c__visibility_control.h
-- Installing: /home/achintya/Software/ROSPlayground/camera_ws_main/install/camera_interface_pkg/share/camera_interface_pkg/environment/library_path.sh
-- Installing: /home/achintya/Software/ROSPlayground/camera_ws_main/install/camera_interface_pkg/share/camera_interface_pkg/environment/library_path.dsv
-- Installing: /home/achintya/Software/ROSPlayground/camera_ws_main/install/camera_interface_pkg/lib/libcamera_interface_pkg__rosidl_generator_c.so
-- Set runtime path of "/home/achintya/Software/ROSPlayground/camera_ws_main/install/camera_interface_pkg/lib/libcamera_interface_pkg__rosidl_generator_c.so" to ""
-- Up-to-date: /home/achintya/Software/ROSPlayground/camera_ws_main/install/camera_interface_pkg/include/camera_interface_pkg/camera_interface_pkg
-- Up-to-date: /home/achintya/Software/ROSPlayground/camera_ws_main/install/camera_interface_pkg/include/camera_interface_pkg/camera_interface_pkg/srv
-- Up-to-date: /home/achintya/Software/ROSPlayground/camera_ws_main/install/camera_interface_pkg/include/camera_interface_pkg/camera_interface_pkg/srv/detail
-- Installing: /home/achintya/Software/ROSPlayground/camera_ws_main/install/camera_interface_pkg/include/camera_interface_pkg/camera_interface_pkg/srv/detail/update_n20_set_points__rosidl_typesupport_fastrtps_c.h
-- Installing: /home/achintya/Software/ROSPlayground/camera_ws_main/install/camera_interface_pkg/include/camera_interface_pkg/camera_interface_pkg/srv/detail/set_calibration__rosidl_typesupport_fastrtps_c.h
-- Up-to-date: /home/achintya/Software/ROSPlayground/camera_ws_main/install/camera_interface_pkg/include/camera_interface_pkg/camera_interface_pkg/msg
-- Installing: /home/achintya/Software/ROSPlayground/camera_ws_main/install/camera_interface_pkg/include/camera_interface_pkg/camera_interface_pkg/msg/rosidl_typesupport_fastrtps_c__visibility_control.h
-- Up-to-date: /home/achintya/Software/ROSPlayground/camera_ws_main/install/camera_interface_pkg/include/camera_interface_pkg/camera_interface_pkg/msg/detail
-- Installing: /home/achintya/Software/ROSPlayground/camera_ws_main/install/camera_interface_pkg/include/camera_interface_pkg/camera_interface_pkg/msg/detail/points_list__rosidl_typesupport_fastrtps_c.h
-- Installing: /home/achintya/Software/ROSPlayground/camera_ws_main/install/camera_interface_pkg/include/camera_interface_pkg/camera_interface_pkg/msg/detail/robot_state__rosidl_typesupport_fastrtps_c.h
-- Installing: /home/achintya/Software/ROSPlayground/camera_ws_main/install/camera_interface_pkg/include/camera_interface_pkg/camera_interface_pkg/msg/detail/points__rosidl_typesupport_fastrtps_c.h
-- Installing: /home/achintya/Software/ROSPlayground/camera_ws_main/install/camera_interface_pkg/lib/libcamera_interface_pkg__rosidl_typesupport_fastrtps_c.so
-- Set runtime path of "/home/achintya/Software/ROSPlayground/camera_ws_main/install/camera_interface_pkg/lib/libcamera_interface_pkg__rosidl_typesupport_fastrtps_c.so" to ""
-- Up-to-date: /home/achintya/Software/ROSPlayground/camera_ws_main/install/camera_interface_pkg/include/camera_interface_pkg/camera_interface_pkg
-- Up-to-date: /home/achintya/Software/ROSPlayground/camera_ws_main/install/camera_interface_pkg/include/camera_interface_pkg/camera_interface_pkg/srv
-- Up-to-date: /home/achintya/Software/ROSPlayground/camera_ws_main/install/camera_interface_pkg/include/camera_interface_pkg/camera_interface_pkg/srv/detail
-- Installing: /home/achintya/Software/ROSPlayground/camera_ws_main/install/camera_interface_pkg/include/camera_interface_pkg/camera_interface_pkg/srv/detail/set_calibration__rosidl_typesupport_introspection_c.h
-- Installing: /home/achintya/Software/ROSPlayground/camera_ws_main/install/camera_interface_pkg/include/camera_interface_pkg/camera_interface_pkg/srv/detail/set_calibration__type_support.c
-- Installing: /home/achintya/Software/ROSPlayground/camera_ws_main/install/camera_interface_pkg/include/camera_interface_pkg/camera_interface_pkg/srv/detail/update_n20_set_points__type_support.c
-- Installing: /home/achintya/Software/ROSPlayground/camera_ws_main/install/camera_interface_pkg/include/camera_interface_pkg/camera_interface_pkg/srv/detail/update_n20_set_points__rosidl_typesupport_introspection_c.h
-- Up-to-date: /home/achintya/Software/ROSPlayground/camera_ws_main/install/camera_interface_pkg/include/camera_interface_pkg/camera_interface_pkg/msg
-- Up-to-date: /home/achintya/Software/ROSPlayground/camera_ws_main/install/camera_interface_pkg/include/camera_interface_pkg/camera_interface_pkg/msg/detail
-- Installing: /home/achintya/Software/ROSPlayground/camera_ws_main/install/camera_interface_pkg/include/camera_interface_pkg/camera_interface_pkg/msg/detail/points__type_support.c
-- Installing: /home/achintya/Software/ROSPlayground/camera_ws_main/install/camera_interface_pkg/include/camera_interface_pkg/camera_interface_pkg/msg/detail/points_list__type_support.c
-- Installing: /home/achintya/Software/ROSPlayground/camera_ws_main/install/camera_interface_pkg/include/camera_interface_pkg/camera_interface_pkg/msg/detail/points__rosidl_typesupport_introspection_c.h
-- Installing: /home/achintya/Software/ROSPlayground/camera_ws_main/install/camera_interface_pkg/include/camera_interface_pkg/camera_interface_pkg/msg/detail/robot_state__type_support.c
-- Installing: /home/achintya/Software/ROSPlayground/camera_ws_main/install/camera_interface_pkg/include/camera_interface_pkg/camera_interface_pkg/msg/detail/robot_state__rosidl_typesupport_introspection_c.h
-- Installing: /home/achintya/Software/ROSPlayground/camera_ws_main/install/camera_interface_pkg/include/camera_interface_pkg/camera_interface_pkg/msg/detail/points_list__rosidl_typesupport_introspection_c.h
-- Installing: /home/achintya/Software/ROSPlayground/camera_ws_main/install/camera_interface_pkg/include/camera_interface_pkg/camera_interface_pkg/msg/rosidl_typesupport_introspection_c__visibility_control.h
-- Installing: /home/achintya/Software/ROSPlayground/camera_ws_main/install/camera_interface_pkg/lib/libcamera_interface_pkg__rosidl_typesupport_introspection_c.so
-- Set runtime path of "/home/achintya/Software/ROSPlayground/camera_ws_main/install/camera_interface_pkg/lib/libcamera_interface_pkg__rosidl_typesupport_introspection_c.so" to ""
-- Installing: /home/achintya/Software/ROSPlayground/camera_ws_main/install/camera_interface_pkg/lib/libcamera_interface_pkg__rosidl_typesupport_c.so
-- Set runtime path of "/home/achintya/Software/ROSPlayground/camera_ws_main/install/camera_interface_pkg/lib/libcamera_interface_pkg__rosidl_typesupport_c.so" to ""
-- Up-to-date: /home/achintya/Software/ROSPlayground/camera_ws_main/install/camera_interface_pkg/include/camera_interface_pkg/camera_interface_pkg
-- Up-to-date: /home/achintya/Software/ROSPlayground/camera_ws_main/install/camera_interface_pkg/include/camera_interface_pkg/camera_interface_pkg/srv
-- Up-to-date: /home/achintya/Software/ROSPlayground/camera_ws_main/install/camera_interface_pkg/include/camera_interface_pkg/camera_interface_pkg/srv/detail
-- Installing: /home/achintya/Software/ROSPlayground/camera_ws_main/install/camera_interface_pkg/include/camera_interface_pkg/camera_interface_pkg/srv/detail/update_n20_set_points__type_support.hpp
-- Installing: /home/achintya/Software/ROSPlayground/camera_ws_main/install/camera_interface_pkg/include/camera_interface_pkg/camera_interface_pkg/srv/detail/update_n20_set_points__struct.hpp
-- Installing: /home/achintya/Software/ROSPlayground/camera_ws_main/install/camera_interface_pkg/include/camera_interface_pkg/camera_interface_pkg/srv/detail/set_calibration__type_support.hpp
-- Installing: /home/achintya/Software/ROSPlayground/camera_ws_main/install/camera_interface_pkg/include/camera_interface_pkg/camera_interface_pkg/srv/detail/set_calibration__traits.hpp
-- Installing: /home/achintya/Software/ROSPlayground/camera_ws_main/install/camera_interface_pkg/include/camera_interface_pkg/camera_interface_pkg/srv/detail/set_calibration__struct.hpp
-- Installing: /home/achintya/Software/ROSPlayground/camera_ws_main/install/camera_interface_pkg/include/camera_interface_pkg/camera_interface_pkg/srv/detail/set_calibration__builder.hpp
-- Installing: /home/achintya/Software/ROSPlayground/camera_ws_main/install/camera_interface_pkg/include/camera_interface_pkg/camera_interface_pkg/srv/detail/update_n20_set_points__traits.hpp
-- Installing: /home/achintya/Software/ROSPlayground/camera_ws_main/install/camera_interface_pkg/include/camera_interface_pkg/camera_interface_pkg/srv/detail/update_n20_set_points__builder.hpp
-- Installing: /home/achintya/Software/ROSPlayground/camera_ws_main/install/camera_interface_pkg/include/camera_interface_pkg/camera_interface_pkg/srv/set_calibration.hpp
-- Installing: /home/achintya/Software/ROSPlayground/camera_ws_main/install/camera_interface_pkg/include/camera_interface_pkg/camera_interface_pkg/srv/update_n20_set_points.hpp
-- Up-to-date: /home/achintya/Software/ROSPlayground/camera_ws_main/install/camera_interface_pkg/include/camera_interface_pkg/camera_interface_pkg/msg
-- Installing: /home/achintya/Software/ROSPlayground/camera_ws_main/install/camera_interface_pkg/include/camera_interface_pkg/camera_interface_pkg/msg/points_list.hpp
-- Installing: /home/achintya/Software/ROSPlayground/camera_ws_main/install/camera_interface_pkg/include/camera_interface_pkg/camera_interface_pkg/msg/rosidl_generator_cpp__visibility_control.hpp
-- Up-to-date: /home/achintya/Software/ROSPlayground/camera_ws_main/install/camera_interface_pkg/include/camera_interface_pkg/camera_interface_pkg/msg/detail
-- Installing: /home/achintya/Software/ROSPlayground/camera_ws_main/install/camera_interface_pkg/include/camera_interface_pkg/camera_interface_pkg/msg/detail/robot_state__type_support.hpp
-- Installing: /home/achintya/Software/ROSPlayground/camera_ws_main/install/camera_interface_pkg/include/camera_interface_pkg/camera_interface_pkg/msg/detail/points__struct.hpp
-- Installing: /home/achintya/Software/ROSPlayground/camera_ws_main/install/camera_interface_pkg/include/camera_interface_pkg/camera_interface_pkg/msg/detail/points_list__struct.hpp
-- Installing: /home/achintya/Software/ROSPlayground/camera_ws_main/install/camera_interface_pkg/include/camera_interface_pkg/camera_interface_pkg/msg/detail/robot_state__struct.hpp
-- Installing: /home/achintya/Software/ROSPlayground/camera_ws_main/install/camera_interface_pkg/include/camera_interface_pkg/camera_interface_pkg/msg/detail/robot_state__builder.hpp
-- Installing: /home/achintya/Software/ROSPlayground/camera_ws_main/install/camera_interface_pkg/include/camera_interface_pkg/camera_interface_pkg/msg/detail/points_list__builder.hpp
-- Installing: /home/achintya/Software/ROSPlayground/camera_ws_main/install/camera_interface_pkg/include/camera_interface_pkg/camera_interface_pkg/msg/detail/points__type_support.hpp
-- Installing: /home/achintya/Software/ROSPlayground/camera_ws_main/install/camera_interface_pkg/include/camera_interface_pkg/camera_interface_pkg/msg/detail/points_list__traits.hpp
-- Installing: /home/achintya/Software/ROSPlayground/camera_ws_main/install/camera_interface_pkg/include/camera_interface_pkg/camera_interface_pkg/msg/detail/points__builder.hpp
-- Installing: /home/achintya/Software/ROSPlayground/camera_ws_main/install/camera_interface_pkg/include/camera_interface_pkg/camera_interface_pkg/msg/detail/robot_state__traits.hpp
-- Installing: /home/achintya/Software/ROSPlayground/camera_ws_main/install/camera_interface_pkg/include/camera_interface_pkg/camera_interface_pkg/msg/detail/points_list__type_support.hpp
-- Installing: /home/achintya/Software/ROSPlayground/camera_ws_main/install/camera_interface_pkg/include/camera_interface_pkg/camera_interface_pkg/msg/detail/points__traits.hpp
-- Installing: /home/achintya/Software/ROSPlayground/camera_ws_main/install/camera_interface_pkg/include/camera_interface_pkg/camera_interface_pkg/msg/points.hpp
-- Installing: /home/achintya/Software/ROSPlayground/camera_ws_main/install/camera_interface_pkg/include/camera_interface_pkg/camera_interface_pkg/msg/robot_state.hpp
-- Up-to-date: /home/achintya/Software/ROSPlayground/camera_ws_main/install/camera_interface_pkg/include/camera_interface_pkg/camera_interface_pkg
-- Up-to-date: /home/achintya/Software/ROSPlayground/camera_ws_main/install/camera_interface_pkg/include/camera_interface_pkg/camera_interface_pkg/srv
-- Up-to-date: /home/achintya/Software/ROSPlayground/camera_ws_main/install/camera_interface_pkg/include/camera_interface_pkg/camera_interface_pkg/srv/detail
-- Installing: /home/achintya/Software/ROSPlayground/camera_ws_main/install/camera_interface_pkg/include/camera_interface_pkg/camera_interface_pkg/srv/detail/dds_fastrtps
-- Installing: /home/achintya/Software/ROSPlayground/camera_ws_main/install/camera_interface_pkg/include/camera_interface_pkg/camera_interface_pkg/srv/detail/update_n20_set_points__rosidl_typesupport_fastrtps_cpp.hpp
-- Installing: /home/achintya/Software/ROSPlayground/camera_ws_main/install/camera_interface_pkg/include/camera_interface_pkg/camera_interface_pkg/srv/detail/set_calibration__rosidl_typesupport_fastrtps_cpp.hpp
-- Up-to-date: /home/achintya/Software/ROSPlayground/camera_ws_main/install/camera_interface_pkg/include/camera_interface_pkg/camera_interface_pkg/msg
-- Up-to-date: /home/achintya/Software/ROSPlayground/camera_ws_main/install/camera_interface_pkg/include/camera_interface_pkg/camera_interface_pkg/msg/detail
-- Installing: /home/achintya/Software/ROSPlayground/camera_ws_main/install/camera_interface_pkg/include/camera_interface_pkg/camera_interface_pkg/msg/detail/dds_fastrtps
-- Installing: /home/achintya/Software/ROSPlayground/camera_ws_main/install/camera_interface_pkg/include/camera_interface_pkg/camera_interface_pkg/msg/detail/robot_state__rosidl_typesupport_fastrtps_cpp.hpp
-- Installing: /home/achintya/Software/ROSPlayground/camera_ws_main/install/camera_interface_pkg/include/camera_interface_pkg/camera_interface_pkg/msg/detail/points__rosidl_typesupport_fastrtps_cpp.hpp
-- Installing: /home/achintya/Software/ROSPlayground/camera_ws_main/install/camera_interface_pkg/include/camera_interface_pkg/camera_interface_pkg/msg/detail/points_list__rosidl_typesupport_fastrtps_cpp.hpp
-- Installing: /home/achintya/Software/ROSPlayground/camera_ws_main/install/camera_interface_pkg/include/camera_interface_pkg/camera_interface_pkg/msg/rosidl_typesupport_fastrtps_cpp__visibility_control.h
-- Installing: /home/achintya/Software/ROSPlayground/camera_ws_main/install/camera_interface_pkg/lib/libcamera_interface_pkg__rosidl_typesupport_fastrtps_cpp.so
-- Set runtime path of "/home/achintya/Software/ROSPlayground/camera_ws_main/install/camera_interface_pkg/lib/libcamera_interface_pkg__rosidl_typesupport_fastrtps_cpp.so" to ""
-- Up-to-date: /home/achintya/Software/ROSPlayground/camera_ws_main/install/camera_interface_pkg/include/camera_interface_pkg/camera_interface_pkg
-- Up-to-date: /home/achintya/Software/ROSPlayground/camera_ws_main/install/camera_interface_pkg/include/camera_interface_pkg/camera_interface_pkg/srv
-- Up-to-date: /home/achintya/Software/ROSPlayground/camera_ws_main/install/camera_interface_pkg/include/camera_interface_pkg/camera_interface_pkg/srv/detail
-- Installing: /home/achintya/Software/ROSPlayground/camera_ws_main/install/camera_interface_pkg/include/camera_interface_pkg/camera_interface_pkg/srv/detail/update_n20_set_points__type_support.cpp
-- Installing: /home/achintya/Software/ROSPlayground/camera_ws_main/install/camera_interface_pkg/include/camera_interface_pkg/camera_interface_pkg/srv/detail/set_calibration__type_support.cpp
-- Installing: /home/achintya/Software/ROSPlayground/camera_ws_main/install/camera_interface_pkg/include/camera_interface_pkg/camera_interface_pkg/srv/detail/set_calibration__rosidl_typesupport_introspection_cpp.hpp
-- Installing: /home/achintya/Software/ROSPlayground/camera_ws_main/install/camera_interface_pkg/include/camera_interface_pkg/camera_interface_pkg/srv/detail/update_n20_set_points__rosidl_typesupport_introspection_cpp.hpp
-- Up-to-date: /home/achintya/Software/ROSPlayground/camera_ws_main/install/camera_interface_pkg/include/camera_interface_pkg/camera_interface_pkg/msg
-- Up-to-date: /home/achintya/Software/ROSPlayground/camera_ws_main/install/camera_interface_pkg/include/camera_interface_pkg/camera_interface_pkg/msg/detail
-- Installing: /home/achintya/Software/ROSPlayground/camera_ws_main/install/camera_interface_pkg/include/camera_interface_pkg/camera_interface_pkg/msg/detail/points_list__rosidl_typesupport_introspection_cpp.hpp
-- Installing: /home/achintya/Software/ROSPlayground/camera_ws_main/install/camera_interface_pkg/include/camera_interface_pkg/camera_interface_pkg/msg/detail/points__type_support.cpp
-- Installing: /home/achintya/Software/ROSPlayground/camera_ws_main/install/camera_interface_pkg/include/camera_interface_pkg/camera_interface_pkg/msg/detail/robot_state__rosidl_typesupport_introspection_cpp.hpp
-- Installing: /home/achintya/Software/ROSPlayground/camera_ws_main/install/camera_interface_pkg/include/camera_interface_pkg/camera_interface_pkg/msg/detail/points__rosidl_typesupport_introspection_cpp.hpp
-- Installing: /home/achintya/Software/ROSPlayground/camera_ws_main/install/camera_interface_pkg/include/camera_interface_pkg/camera_interface_pkg/msg/detail/points_list__type_support.cpp
-- Installing: /home/achintya/Software/ROSPlayground/camera_ws_main/install/camera_interface_pkg/include/camera_interface_pkg/camera_interface_pkg/msg/detail/robot_state__type_support.cpp
-- Installing: /home/achintya/Software/ROSPlayground/camera_ws_main/install/camera_interface_pkg/lib/libcamera_interface_pkg__rosidl_typesupport_introspection_cpp.so
-- Set runtime path of "/home/achintya/Software/ROSPlayground/camera_ws_main/install/camera_interface_pkg/lib/libcamera_interface_pkg__rosidl_typesupport_introspection_cpp.so" to ""
-- Installing: /home/achintya/Software/ROSPlayground/camera_ws_main/install/camera_interface_pkg/lib/libcamera_interface_pkg__rosidl_typesupport_cpp.so
-- Set runtime path of "/home/achintya/Software/ROSPlayground/camera_ws_main/install/camera_interface_pkg/lib/libcamera_interface_pkg__rosidl_typesupport_cpp.so" to ""
-- Installing: /home/achintya/Software/ROSPlayground/camera_ws_main/install/camera_interface_pkg/share/camera_interface_pkg/environment/pythonpath.sh
-- Installing: /home/achintya/Software/ROSPlayground/camera_ws_main/install/camera_interface_pkg/share/camera_interface_pkg/environment/pythonpath.dsv
-- Installing: /home/achintya/Software/ROSPlayground/camera_ws_main/install/camera_interface_pkg/local/lib/python3.10/dist-packages/camera_interface_pkg-0.0.0-py3.10.egg-info
-- Installing: /home/achintya/Software/ROSPlayground/camera_ws_main/install/camera_interface_pkg/local/lib/python3.10/dist-packages/camera_interface_pkg-0.0.0-py3.10.egg-info/dependency_links.txt
-- Installing: /home/achintya/Software/ROSPlayground/camera_ws_main/install/camera_interface_pkg/local/lib/python3.10/dist-packages/camera_interface_pkg-0.0.0-py3.10.egg-info/PKG-INFO
-- Installing: /home/achintya/Software/ROSPlayground/camera_ws_main/install/camera_interface_pkg/local/lib/python3.10/dist-packages/camera_interface_pkg-0.0.0-py3.10.egg-info/top_level.txt
-- Installing: /home/achintya/Software/ROSPlayground/camera_ws_main/install/camera_interface_pkg/local/lib/python3.10/dist-packages/camera_interface_pkg-0.0.0-py3.10.egg-info/SOURCES.txt
-- Installing: /home/achintya/Software/ROSPlayground/camera_ws_main/install/camera_interface_pkg/local/lib/python3.10/dist-packages/camera_interface_pkg
-- Installing: /home/achintya/Software/ROSPlayground/camera_ws_main/install/camera_interface_pkg/local/lib/python3.10/dist-packages/camera_interface_pkg/__init__.py
-- Installing: /home/achintya/Software/ROSPlayground/camera_ws_main/install/camera_interface_pkg/local/lib/python3.10/dist-packages/camera_interface_pkg/_camera_interface_pkg_s.ep.rosidl_typesupport_introspection_c.c
-- Installing: /home/achintya/Software/ROSPlayground/camera_ws_main/install/camera_interface_pkg/local/lib/python3.10/dist-packages/camera_interface_pkg/_camera_interface_pkg_s.ep.rosidl_typesupport_c.c
-- Installing: /home/achintya/Software/ROSPlayground/camera_ws_main/install/camera_interface_pkg/local/lib/python3.10/dist-packages/camera_interface_pkg/camera_interface_pkg_s__rosidl_typesupport_fastrtps_c.cpython-310-x86_64-linux-gnu.so
-- Installing: /home/achintya/Software/ROSPlayground/camera_ws_main/install/camera_interface_pkg/local/lib/python3.10/dist-packages/camera_interface_pkg/srv
-- Installing: /home/achintya/Software/ROSPlayground/camera_ws_main/install/camera_interface_pkg/local/lib/python3.10/dist-packages/camera_interface_pkg/srv/__init__.py
-- Installing: /home/achintya/Software/ROSPlayground/camera_ws_main/install/camera_interface_pkg/local/lib/python3.10/dist-packages/camera_interface_pkg/srv/_update_n20_set_points_s.c
-- Installing: /home/achintya/Software/ROSPlayground/camera_ws_main/install/camera_interface_pkg/local/lib/python3.10/dist-packages/camera_interface_pkg/srv/_set_calibration_s.c
-- Installing: /home/achintya/Software/ROSPlayground/camera_ws_main/install/camera_interface_pkg/local/lib/python3.10/dist-packages/camera_interface_pkg/srv/_update_n20_set_points.py
-- Installing: /home/achintya/Software/ROSPlayground/camera_ws_main/install/camera_interface_pkg/local/lib/python3.10/dist-packages/camera_interface_pkg/srv/_set_calibration.py
-- Installing: /home/achintya/Software/ROSPlayground/camera_ws_main/install/camera_interface_pkg/local/lib/python3.10/dist-packages/camera_interface_pkg/libcamera_interface_pkg__rosidl_generator_py.so
-- Installing: /home/achintya/Software/ROSPlayground/camera_ws_main/install/camera_interface_pkg/local/lib/python3.10/dist-packages/camera_interface_pkg/camera_interface_pkg_s__rosidl_typesupport_introspection_c.cpython-310-x86_64-linux-gnu.so
-- Installing: /home/achintya/Software/ROSPlayground/camera_ws_main/install/camera_interface_pkg/local/lib/python3.10/dist-packages/camera_interface_pkg/camera_interface_pkg_s__rosidl_typesupport_c.cpython-310-x86_64-linux-gnu.so
-- Installing: /home/achintya/Software/ROSPlayground/camera_ws_main/install/camera_interface_pkg/local/lib/python3.10/dist-packages/camera_interface_pkg/_camera_interface_pkg_s.ep.rosidl_typesupport_fastrtps_c.c
-- Installing: /home/achintya/Software/ROSPlayground/camera_ws_main/install/camera_interface_pkg/local/lib/python3.10/dist-packages/camera_interface_pkg/msg
-- Installing: /home/achintya/Software/ROSPlayground/camera_ws_main/install/camera_interface_pkg/local/lib/python3.10/dist-packages/camera_interface_pkg/msg/__init__.py
-- Installing: /home/achintya/Software/ROSPlayground/camera_ws_main/install/camera_interface_pkg/local/lib/python3.10/dist-packages/camera_interface_pkg/msg/_points_list_s.c
-- Installing: /home/achintya/Software/ROSPlayground/camera_ws_main/install/camera_interface_pkg/local/lib/python3.10/dist-packages/camera_interface_pkg/msg/_robot_state.py
-- Installing: /home/achintya/Software/ROSPlayground/camera_ws_main/install/camera_interface_pkg/local/lib/python3.10/dist-packages/camera_interface_pkg/msg/_points_list.py
-- Installing: /home/achintya/Software/ROSPlayground/camera_ws_main/install/camera_interface_pkg/local/lib/python3.10/dist-packages/camera_interface_pkg/msg/_points.py
-- Installing: /home/achintya/Software/ROSPlayground/camera_ws_main/install/camera_interface_pkg/local/lib/python3.10/dist-packages/camera_interface_pkg/msg/_points_s.c
-- Installing: /home/achintya/Software/ROSPlayground/camera_ws_main/install/camera_interface_pkg/local/lib/python3.10/dist-packages/camera_interface_pkg/msg/_robot_state_s.c
Listing '/home/achintya/Software/ROSPlayground/camera_ws_main/install/camera_interface_pkg/local/lib/python3.10/dist-packages/camera_interface_pkg'...
Compiling '/home/achintya/Software/ROSPlayground/camera_ws_main/install/camera_interface_pkg/local/lib/python3.10/dist-packages/camera_interface_pkg/__init__.py'...
Listing '/home/achintya/Software/ROSPlayground/camera_ws_main/install/camera_interface_pkg/local/lib/python3.10/dist-packages/camera_interface_pkg/msg'...
Compiling '/home/achintya/Software/ROSPlayground/camera_ws_main/install/camera_interface_pkg/local/lib/python3.10/dist-packages/camera_interface_pkg/msg/__init__.py'...
Compiling '/home/achintya/Software/ROSPlayground/camera_ws_main/install/camera_interface_pkg/local/lib/python3.10/dist-packages/camera_interface_pkg/msg/_points.py'...
Compiling '/home/achintya/Software/ROSPlayground/camera_ws_main/install/camera_interface_pkg/local/lib/python3.10/dist-packages/camera_interface_pkg/msg/_points_list.py'...
Compiling '/home/achintya/Software/ROSPlayground/camera_ws_main/install/camera_interface_pkg/local/lib/python3.10/dist-packages/camera_interface_pkg/msg/_robot_state.py'...
Listing '/home/achintya/Software/ROSPlayground/camera_ws_main/install/camera_interface_pkg/local/lib/python3.10/dist-packages/camera_interface_pkg/srv'...
Compiling '/home/achintya/Software/ROSPlayground/camera_ws_main/install/camera_interface_pkg/local/lib/python3.10/dist-packages/camera_interface_pkg/srv/__init__.py'...
Compiling '/home/achintya/Software/ROSPlayground/camera_ws_main/install/camera_interface_pkg/local/lib/python3.10/dist-packages/camera_interface_pkg/srv/_set_calibration.py'...
Compiling '/home/achintya/Software/ROSPlayground/camera_ws_main/install/camera_interface_pkg/local/lib/python3.10/dist-packages/camera_interface_pkg/srv/_update_n20_set_points.py'...
-- Installing: /home/achintya/Software/ROSPlayground/camera_ws_main/install/camera_interface_pkg/local/lib/python3.10/dist-packages/camera_interface_pkg/camera_interface_pkg_s__rosidl_typesupport_fastrtps_c.cpython-310-x86_64-linux-gnu.so
-- Set runtime path of "/home/achintya/Software/ROSPlayground/camera_ws_main/install/camera_interface_pkg/local/lib/python3.10/dist-packages/camera_interface_pkg/camera_interface_pkg_s__rosidl_typesupport_fastrtps_c.cpython-310-x86_64-linux-gnu.so" to ""
-- Installing: /home/achintya/Software/ROSPlayground/camera_ws_main/install/camera_interface_pkg/local/lib/python3.10/dist-packages/camera_interface_pkg/camera_interface_pkg_s__rosidl_typesupport_introspection_c.cpython-310-x86_64-linux-gnu.so
-- Set runtime path of "/home/achintya/Software/ROSPlayground/camera_ws_main/install/camera_interface_pkg/local/lib/python3.10/dist-packages/camera_interface_pkg/camera_interface_pkg_s__rosidl_typesupport_introspection_c.cpython-310-x86_64-linux-gnu.so" to ""
-- Installing: /home/achintya/Software/ROSPlayground/camera_ws_main/install/camera_interface_pkg/local/lib/python3.10/dist-packages/camera_interface_pkg/camera_interface_pkg_s__rosidl_typesupport_c.cpython-310-x86_64-linux-gnu.so
-- Set runtime path of "/home/achintya/Software/ROSPlayground/camera_ws_main/install/camera_interface_pkg/local/lib/python3.10/dist-packages/camera_interface_pkg/camera_interface_pkg_s__rosidl_typesupport_c.cpython-310-x86_64-linux-gnu.so" to ""
-- Installing: /home/achintya/Software/ROSPlayground/camera_ws_main/install/camera_interface_pkg/lib/libcamera_interface_pkg__rosidl_generator_py.so
-- Set runtime path of "/home/achintya/Software/ROSPlayground/camera_ws_main/install/camera_interface_pkg/lib/libcamera_interface_pkg__rosidl_generator_py.so" to ""
-- Installing: /home/achintya/Software/ROSPlayground/camera_ws_main/install/camera_interface_pkg/share/camera_interface_pkg/msg/RobotState.idl
-- Installing: /home/achintya/Software/ROSPlayground/camera_ws_main/install/camera_interface_pkg/share/camera_interface_pkg/msg/Points.idl
-- Installing: /home/achintya/Software/ROSPlayground/camera_ws_main/install/camera_interface_pkg/share/camera_interface_pkg/msg/PointsList.idl
-- Installing: /home/achintya/Software/ROSPlayground/camera_ws_main/install/camera_interface_pkg/share/camera_interface_pkg/srv/UpdateN20SetPoints.idl
-- Installing: /home/achintya/Software/ROSPlayground/camera_ws_main/install/camera_interface_pkg/share/camera_interface_pkg/srv/SetCalibration.idl
-- Installing: /home/achintya/Software/ROSPlayground/camera_ws_main/install/camera_interface_pkg/share/camera_interface_pkg/msg/RobotState.msg
-- Installing: /home/achintya/Software/ROSPlayground/camera_ws_main/install/camera_interface_pkg/share/camera_interface_pkg/msg/Points.msg
-- Installing: /home/achintya/Software/ROSPlayground/camera_ws_main/install/camera_interface_pkg/share/camera_interface_pkg/msg/PointsList.msg
-- Installing: /home/achintya/Software/ROSPlayground/camera_ws_main/install/camera_interface_pkg/share/camera_interface_pkg/srv/UpdateN20SetPoints.srv
-- Installing: /home/achintya/Software/ROSPlayground/camera_ws_main/install/camera_interface_pkg/share/camera_interface_pkg/srv/UpdateN20SetPoints_Request.msg
-- Installing: /home/achintya/Software/ROSPlayground/camera_ws_main/install/camera_interface_pkg/share/camera_interface_pkg/srv/UpdateN20SetPoints_Response.msg
-- Installing: /home/achintya/Software/ROSPlayground/camera_ws_main/install/camera_interface_pkg/share/camera_interface_pkg/srv/SetCalibration.srv
-- Installing: /home/achintya/Software/ROSPlayground/camera_ws_main/install/camera_interface_pkg/share/camera_interface_pkg/srv/SetCalibration_Request.msg
-- Installing: /home/achintya/Software/ROSPlayground/camera_ws_main/install/camera_interface_pkg/share/camera_interface_pkg/srv/SetCalibration_Response.msg
-- Installing: /home/achintya/Software/ROSPlayground/camera_ws_main/install/camera_interface_pkg/share/ament_index/resource_index/package_run_dependencies/camera_interface_pkg
-- Installing: /home/achintya/Software/ROSPlayground/camera_ws_main/install/camera_interface_pkg/share/ament_index/resource_index/parent_prefix_path/camera_interface_pkg
-- Up-to-date: /home/achintya/Software/ROSPlayground/camera_ws_main/install/camera_interface_pkg/share/camera_interface_pkg/environment/ament_prefix_path.sh
-- Installing: /home/achintya/Software/ROSPlayground/camera_ws_main/install/camera_interface_pkg/share/camera_interface_pkg/environment/ament_prefix_path.dsv
-- Up-to-date: /home/achintya/Software/ROSPlayground/camera_ws_main/install/camera_interface_pkg/share/camera_interface_pkg/environment/path.sh
-- Installing: /home/achintya/Software/ROSPlayground/camera_ws_main/install/camera_interface_pkg/share/camera_interface_pkg/environment/path.dsv
-- Up-to-date: /home/achintya/Software/ROSPlayground/camera_ws_main/install/camera_interface_pkg/share/camera_interface_pkg/local_setup.bash
-- Installing: /home/achintya/Software/ROSPlayground/camera_ws_main/install/camera_interface_pkg/share/camera_interface_pkg/local_setup.sh
-- Up-to-date: /home/achintya/Software/ROSPlayground/camera_ws_main/install/camera_interface_pkg/share/camera_interface_pkg/local_setup.zsh
-- Installing: /home/achintya/Software/ROSPlayground/camera_ws_main/install/camera_interface_pkg/share/camera_interface_pkg/local_setup.dsv
-- Installing: /home/achintya/Software/ROSPlayground/camera_ws_main/install/camera_interface_pkg/share/camera_interface_pkg/package.dsv
-- Up-to-date: /home/achintya/Software/ROSPlayground/camera_ws_main/install/camera_interface_pkg/share/ament_index/resource_index/packages/camera_interface_pkg
-- Installing: /home/achintya/Software/ROSPlayground/camera_ws_main/install/camera_interface_pkg/share/camera_interface_pkg/cmake/export_camera_interface_pkg__rosidl_generator_cExport.cmake
-- Installing: /home/achintya/Software/ROSPlayground/camera_ws_main/install/camera_interface_pkg/share/camera_interface_pkg/cmake/export_camera_interface_pkg__rosidl_generator_cExport-noconfig.cmake
-- Installing: /home/achintya/Software/ROSPlayground/camera_ws_main/install/camera_interface_pkg/share/camera_interface_pkg/cmake/export_camera_interface_pkg__rosidl_typesupport_fastrtps_cExport.cmake
-- Installing: /home/achintya/Software/ROSPlayground/camera_ws_main/install/camera_interface_pkg/share/camera_interface_pkg/cmake/export_camera_interface_pkg__rosidl_typesupport_fastrtps_cExport-noconfig.cmake
-- Installing: /home/achintya/Software/ROSPlayground/camera_ws_main/install/camera_interface_pkg/share/camera_interface_pkg/cmake/camera_interface_pkg__rosidl_typesupport_introspection_cExport.cmake
-- Installing: /home/achintya/Software/ROSPlayground/camera_ws_main/install/camera_interface_pkg/share/camera_interface_pkg/cmake/camera_interface_pkg__rosidl_typesupport_introspection_cExport-noconfig.cmake
-- Installing: /home/achintya/Software/ROSPlayground/camera_ws_main/install/camera_interface_pkg/share/camera_interface_pkg/cmake/camera_interface_pkg__rosidl_typesupport_cExport.cmake
-- Installing: /home/achintya/Software/ROSPlayground/camera_ws_main/install/camera_interface_pkg/share/camera_interface_pkg/cmake/camera_interface_pkg__rosidl_typesupport_cExport-noconfig.cmake
-- Installing: /home/achintya/Software/ROSPlayground/camera_ws_main/install/camera_interface_pkg/share/camera_interface_pkg/cmake/export_camera_interface_pkg__rosidl_generator_cppExport.cmake
-- Installing: /home/achintya/Software/ROSPlayground/camera_ws_main/install/camera_interface_pkg/share/camera_interface_pkg/cmake/export_camera_interface_pkg__rosidl_typesupport_fastrtps_cppExport.cmake
-- Installing: /home/achintya/Software/ROSPlayground/camera_ws_main/install/camera_interface_pkg/share/camera_interface_pkg/cmake/export_camera_interface_pkg__rosidl_typesupport_fastrtps_cppExport-noconfig.cmake
-- Installing: /home/achintya/Software/ROSPlayground/camera_ws_main/install/camera_interface_pkg/share/camera_interface_pkg/cmake/camera_interface_pkg__rosidl_typesupport_introspection_cppExport.cmake
-- Installing: /home/achintya/Software/ROSPlayground/camera_ws_main/install/camera_interface_pkg/share/camera_interface_pkg/cmake/camera_interface_pkg__rosidl_typesupport_introspection_cppExport-noconfig.cmake
-- Installing: /home/achintya/Software/ROSPlayground/camera_ws_main/install/camera_interface_pkg/share/camera_interface_pkg/cmake/camera_interface_pkg__rosidl_typesupport_cppExport.cmake
-- Installing: /home/achintya/Software/ROSPlayground/camera_ws_main/install/camera_interface_pkg/share/camera_interface_pkg/cmake/camera_interface_pkg__rosidl_typesupport_cppExport-noconfig.cmake
-- Installing: /home/achintya/Software/ROSPlayground/camera_ws_main/install/camera_interface_pkg/share/camera_interface_pkg/cmake/export_camera_interface_pkg__rosidl_generator_pyExport.cmake
-- Installing: /home/achintya/Software/ROSPlayground/camera_ws_main/install/camera_interface_pkg/share/camera_interface_pkg/cmake/export_camera_interface_pkg__rosidl_generator_pyExport-noconfig.cmake
-- Installing: /home/achintya/Software/ROSPlayground/camera_ws_main/install/camera_interface_pkg/share/camera_interface_pkg/cmake/rosidl_cmake-extras.cmake
-- Installing: /home/achintya/Software/ROSPlayground/camera_ws_main/install/camera_interface_pkg/share/camera_interface_pkg/cmake/ament_cmake_export_include_directories-extras.cmake
-- Installing: /home/achintya/Software/ROSPlayground/camera_ws_main/install/camera_interface_pkg/share/camera_interface_pkg/cmake/ament_cmake_export_libraries-extras.cmake
-- Installing: /home/achintya/Software/ROSPlayground/camera_ws_main/install/camera_interface_pkg/share/camera_interface_pkg/cmake/ament_cmake_export_targets-extras.cmake
-- Installing: /home/achintya/Software/ROSPlayground/camera_ws_main/install/camera_interface_pkg/share/camera_interface_pkg/cmake/rosidl_cmake_export_typesupport_targets-extras.cmake
-- Installing: /home/achintya/Software/ROSPlayground/camera_ws_main/install/camera_interface_pkg/share/camera_interface_pkg/cmake/ament_cmake_export_dependencies-extras.cmake
-- Installing: /home/achintya/Software/ROSPlayground/camera_ws_main/install/camera_interface_pkg/share/camera_interface_pkg/cmake/rosidl_cmake_export_typesupport_libraries-extras.cmake
-- Installing: /home/achintya/Software/ROSPlayground/camera_ws_main/install/camera_interface_pkg/share/camera_interface_pkg/cmake/camera_interface_pkgConfig.cmake
-- Up-to-date: /home/achintya/Software/ROSPlayground/camera_ws_main/install/camera_interface_pkg/share/camera_interface_pkg/cmake/camera_interface_pkgConfig-version.cmake
-- Installing: /home/achintya/Software/ROSPlayground/camera_ws_main/install/camera_interface_pkg/share/camera_interface_pkg/package.xml
