[0.012s] Invoking command in '/home/achintya/Software/ROSPlayground/camera_ws_main/build/camera_cpp_pkg': CMAKE_PREFIX_PATH=${CMAKE_PREFIX_PATH}:/home/achintya/Software/ROSPlayground/camera_ws_main/install/camera_py_pkg:/opt/ros/humble /usr/bin/cmake --build /home/achintya/Software/ROSPlayground/camera_ws_main/build/camera_cpp_pkg -- -j8 -l8
[0.242s] Invoked command in '/home/achintya/Software/ROSPlayground/camera_ws_main/build/camera_cpp_pkg' returned '0': CMAKE_PREFIX_PATH=${CMAKE_PREFIX_PATH}:/home/achintya/Software/ROSPlayground/camera_ws_main/install/camera_py_pkg:/opt/ros/humble /usr/bin/cmake --build /home/achintya/Software/ROSPlayground/camera_ws_main/build/camera_cpp_pkg -- -j8 -l8
[0.249s] Invoking command in '/home/achintya/Software/ROSPlayground/camera_ws_main/build/camera_cpp_pkg': CMAKE_PREFIX_PATH=${CMAKE_PREFIX_PATH}:/home/achintya/Software/ROSPlayground/camera_ws_main/install/camera_py_pkg:/opt/ros/humble /usr/bin/cmake --install /home/achintya/Software/ROSPlayground/camera_ws_main/build/camera_cpp_pkg
[0.254s] -- Install configuration: ""
[0.254s] -- Up-to-date: /home/achintya/Software/ROSPlayground/camera_ws_main/install/camera_cpp_pkg/share/ament_index/resource_index/package_run_dependencies/camera_cpp_pkg
[0.254s] -- Up-to-date: /home/achintya/Software/ROSPlayground/camera_ws_main/install/camera_cpp_pkg/share/ament_index/resource_index/parent_prefix_path/camera_cpp_pkg
[0.254s] -- Up-to-date: /home/achintya/Software/ROSPlayground/camera_ws_main/install/camera_cpp_pkg/share/camera_cpp_pkg/environment/ament_prefix_path.sh
[0.254s] -- Up-to-date: /home/achintya/Software/ROSPlayground/camera_ws_main/install/camera_cpp_pkg/share/camera_cpp_pkg/environment/ament_prefix_path.dsv
[0.254s] -- Up-to-date: /home/achintya/Software/ROSPlayground/camera_ws_main/install/camera_cpp_pkg/share/camera_cpp_pkg/environment/path.sh
[0.254s] -- Up-to-date: /home/achintya/Software/ROSPlayground/camera_ws_main/install/camera_cpp_pkg/share/camera_cpp_pkg/environment/path.dsv
[0.254s] -- Up-to-date: /home/achintya/Software/ROSPlayground/camera_ws_main/install/camera_cpp_pkg/share/camera_cpp_pkg/local_setup.bash
[0.254s] -- Up-to-date: /home/achintya/Software/ROSPlayground/camera_ws_main/install/camera_cpp_pkg/share/camera_cpp_pkg/local_setup.sh
[0.254s] -- Up-to-date: /home/achintya/Software/ROSPlayground/camera_ws_main/install/camera_cpp_pkg/share/camera_cpp_pkg/local_setup.zsh
[0.255s] -- Up-to-date: /home/achintya/Software/ROSPlayground/camera_ws_main/install/camera_cpp_pkg/share/camera_cpp_pkg/local_setup.dsv
[0.255s] -- Installing: /home/achintya/Software/ROSPlayground/camera_ws_main/install/camera_cpp_pkg/share/camera_cpp_pkg/package.dsv
[0.255s] -- Up-to-date: /home/achintya/Software/ROSPlayground/camera_ws_main/install/camera_cpp_pkg/share/ament_index/resource_index/packages/camera_cpp_pkg
[0.255s] -- Up-to-date: /home/achintya/Software/ROSPlayground/camera_ws_main/install/camera_cpp_pkg/share/camera_cpp_pkg/cmake/camera_cpp_pkgConfig.cmake
[0.255s] -- Up-to-date: /home/achintya/Software/ROSPlayground/camera_ws_main/install/camera_cpp_pkg/share/camera_cpp_pkg/cmake/camera_cpp_pkgConfig-version.cmake
[0.255s] -- Up-to-date: /home/achintya/Software/ROSPlayground/camera_ws_main/install/camera_cpp_pkg/share/camera_cpp_pkg/package.xml
[0.256s] Invoked command in '/home/achintya/Software/ROSPlayground/camera_ws_main/build/camera_cpp_pkg' returned '0': CMAKE_PREFIX_PATH=${CMAKE_PREFIX_PATH}:/home/achintya/Software/ROSPlayground/camera_ws_main/install/camera_py_pkg:/opt/ros/humble /usr/bin/cmake --install /home/achintya/Software/ROSPlayground/camera_ws_main/build/camera_cpp_pkg
