[0.084s] DEBUG:colcon:Command line arguments: ['/usr/bin/colcon', 'build']
[0.084s] DEBUG:colcon:Parsed command line arguments: Namespace(log_base=None, log_level=None, verb_name='build', build_base='build', install_base='install', merge_install=False, symlink_install=False, test_result_base=None, continue_on_error=False, executor='parallel', parallel_workers=8, event_handlers=None, ignore_user_meta=False, metas=['./colcon.meta'], base_paths=['.'], packages_ignore=None, packages_ignore_regex=None, paths=None, packages_up_to=None, packages_up_to_regex=None, packages_above=None, packages_above_and_dependencies=None, packages_above_depth=None, packages_select_by_dep=None, packages_skip_by_dep=None, packages_skip_up_to=None, packages_select_build_failed=False, packages_skip_build_finished=False, packages_select_test_failures=False, packages_skip_test_passed=False, packages_select=None, packages_skip=None, packages_select_regex=None, packages_skip_regex=None, packages_start=None, packages_end=None, allow_overriding=[], cmake_args=None, cmake_target=None, cmake_target_skip_unavailable=False, cmake_clean_cache=False, cmake_clean_first=False, cmake_force_configure=False, ament_cmake_args=None, catkin_cmake_args=None, catkin_skip_building_tests=False, verb_parser=<colcon_defaults.argument_parser.defaults.DefaultArgumentsDecorator object at 0x755e02c44220>, verb_extension=<colcon_core.verb.build.BuildVerb object at 0x755e02c17ca0>, main=<bound method BuildVerb.main of <colcon_core.verb.build.BuildVerb object at 0x755e02c17ca0>>)
[0.264s] Level 1:colcon.colcon_core.package_discovery:discover_packages(colcon_meta) check parameters
[0.264s] Level 1:colcon.colcon_core.package_discovery:discover_packages(recursive) check parameters
[0.265s] Level 1:colcon.colcon_core.package_discovery:discover_packages(ignore) check parameters
[0.265s] Level 1:colcon.colcon_core.package_discovery:discover_packages(path) check parameters
[0.265s] Level 1:colcon.colcon_core.package_discovery:discover_packages(colcon_meta) discover
[0.265s] Level 1:colcon.colcon_core.package_discovery:discover_packages(recursive) discover
[0.265s] INFO:colcon.colcon_core.package_discovery:Crawling recursively for packages in '/home/achintya/Software/ROSPlayground/camera_ws_main'
[0.265s] Level 1:colcon.colcon_core.package_identification:_identify(.) by extensions ['ignore', 'ignore_ament_install']
[0.265s] Level 1:colcon.colcon_core.package_identification:_identify(.) by extension 'ignore'
[0.265s] Level 1:colcon.colcon_core.package_identification:_identify(.) by extension 'ignore_ament_install'
[0.265s] Level 1:colcon.colcon_core.package_identification:_identify(.) by extensions ['colcon_pkg']
[0.265s] Level 1:colcon.colcon_core.package_identification:_identify(.) by extension 'colcon_pkg'
[0.265s] Level 1:colcon.colcon_core.package_identification:_identify(.) by extensions ['colcon_meta']
[0.265s] Level 1:colcon.colcon_core.package_identification:_identify(.) by extension 'colcon_meta'
[0.265s] Level 1:colcon.colcon_core.package_identification:_identify(.) by extensions ['ros']
[0.265s] Level 1:colcon.colcon_core.package_identification:_identify(.) by extension 'ros'
[0.279s] Level 1:colcon.colcon_core.package_identification:_identify(.) by extensions ['cmake', 'python']
[0.279s] Level 1:colcon.colcon_core.package_identification:_identify(.) by extension 'cmake'
[0.279s] Level 1:colcon.colcon_core.package_identification:_identify(.) by extension 'python'
[0.279s] Level 1:colcon.colcon_core.package_identification:_identify(.) by extensions ['python_setup_py']
[0.279s] Level 1:colcon.colcon_core.package_identification:_identify(.) by extension 'python_setup_py'
[0.279s] Level 1:colcon.colcon_core.package_identification:_identify(build) by extensions ['ignore', 'ignore_ament_install']
[0.279s] Level 1:colcon.colcon_core.package_identification:_identify(build) by extension 'ignore'
[0.279s] Level 1:colcon.colcon_core.package_identification:_identify(build) ignored
[0.279s] Level 1:colcon.colcon_core.package_identification:_identify(install) by extensions ['ignore', 'ignore_ament_install']
[0.279s] Level 1:colcon.colcon_core.package_identification:_identify(install) by extension 'ignore'
[0.279s] Level 1:colcon.colcon_core.package_identification:_identify(install) ignored
[0.280s] Level 1:colcon.colcon_core.package_identification:_identify(log) by extensions ['ignore', 'ignore_ament_install']
[0.280s] Level 1:colcon.colcon_core.package_identification:_identify(log) by extension 'ignore'
[0.280s] Level 1:colcon.colcon_core.package_identification:_identify(log) ignored
[0.280s] Level 1:colcon.colcon_core.package_identification:_identify(src) by extensions ['ignore', 'ignore_ament_install']
[0.280s] Level 1:colcon.colcon_core.package_identification:_identify(src) by extension 'ignore'
[0.280s] Level 1:colcon.colcon_core.package_identification:_identify(src) by extension 'ignore_ament_install'
[0.280s] Level 1:colcon.colcon_core.package_identification:_identify(src) by extensions ['colcon_pkg']
[0.280s] Level 1:colcon.colcon_core.package_identification:_identify(src) by extension 'colcon_pkg'
[0.280s] Level 1:colcon.colcon_core.package_identification:_identify(src) by extensions ['colcon_meta']
[0.280s] Level 1:colcon.colcon_core.package_identification:_identify(src) by extension 'colcon_meta'
[0.280s] Level 1:colcon.colcon_core.package_identification:_identify(src) by extensions ['ros']
[0.280s] Level 1:colcon.colcon_core.package_identification:_identify(src) by extension 'ros'
[0.280s] Level 1:colcon.colcon_core.package_identification:_identify(src) by extensions ['cmake', 'python']
[0.280s] Level 1:colcon.colcon_core.package_identification:_identify(src) by extension 'cmake'
[0.280s] Level 1:colcon.colcon_core.package_identification:_identify(src) by extension 'python'
[0.280s] Level 1:colcon.colcon_core.package_identification:_identify(src) by extensions ['python_setup_py']
[0.280s] Level 1:colcon.colcon_core.package_identification:_identify(src) by extension 'python_setup_py'
[0.280s] Level 1:colcon.colcon_core.package_identification:_identify(src/camera_bringup_pkg) by extensions ['ignore', 'ignore_ament_install']
[0.280s] Level 1:colcon.colcon_core.package_identification:_identify(src/camera_bringup_pkg) by extension 'ignore'
[0.280s] Level 1:colcon.colcon_core.package_identification:_identify(src/camera_bringup_pkg) by extension 'ignore_ament_install'
[0.280s] Level 1:colcon.colcon_core.package_identification:_identify(src/camera_bringup_pkg) by extensions ['colcon_pkg']
[0.280s] Level 1:colcon.colcon_core.package_identification:_identify(src/camera_bringup_pkg) by extension 'colcon_pkg'
[0.280s] Level 1:colcon.colcon_core.package_identification:_identify(src/camera_bringup_pkg) by extensions ['colcon_meta']
[0.280s] Level 1:colcon.colcon_core.package_identification:_identify(src/camera_bringup_pkg) by extension 'colcon_meta'
[0.280s] Level 1:colcon.colcon_core.package_identification:_identify(src/camera_bringup_pkg) by extensions ['ros']
[0.280s] Level 1:colcon.colcon_core.package_identification:_identify(src/camera_bringup_pkg) by extension 'ros'
[0.282s] DEBUG:colcon.colcon_core.package_identification:Package 'src/camera_bringup_pkg' with type 'ros.ament_cmake' and name 'camera_bringup_pkg'
[0.282s] Level 1:colcon.colcon_core.package_identification:_identify(src/camera_cpp_pkg) by extensions ['ignore', 'ignore_ament_install']
[0.282s] Level 1:colcon.colcon_core.package_identification:_identify(src/camera_cpp_pkg) by extension 'ignore'
[0.282s] Level 1:colcon.colcon_core.package_identification:_identify(src/camera_cpp_pkg) by extension 'ignore_ament_install'
[0.282s] Level 1:colcon.colcon_core.package_identification:_identify(src/camera_cpp_pkg) by extensions ['colcon_pkg']
[0.282s] Level 1:colcon.colcon_core.package_identification:_identify(src/camera_cpp_pkg) by extension 'colcon_pkg'
[0.282s] Level 1:colcon.colcon_core.package_identification:_identify(src/camera_cpp_pkg) by extensions ['colcon_meta']
[0.282s] Level 1:colcon.colcon_core.package_identification:_identify(src/camera_cpp_pkg) by extension 'colcon_meta'
[0.283s] Level 1:colcon.colcon_core.package_identification:_identify(src/camera_cpp_pkg) by extensions ['ros']
[0.283s] Level 1:colcon.colcon_core.package_identification:_identify(src/camera_cpp_pkg) by extension 'ros'
[0.283s] DEBUG:colcon.colcon_core.package_identification:Package 'src/camera_cpp_pkg' with type 'ros.ament_cmake' and name 'camera_cpp_pkg'
[0.283s] Level 1:colcon.colcon_core.package_identification:_identify(src/camera_interface_pkg) by extensions ['ignore', 'ignore_ament_install']
[0.283s] Level 1:colcon.colcon_core.package_identification:_identify(src/camera_interface_pkg) by extension 'ignore'
[0.283s] Level 1:colcon.colcon_core.package_identification:_identify(src/camera_interface_pkg) by extension 'ignore_ament_install'
[0.283s] Level 1:colcon.colcon_core.package_identification:_identify(src/camera_interface_pkg) by extensions ['colcon_pkg']
[0.283s] Level 1:colcon.colcon_core.package_identification:_identify(src/camera_interface_pkg) by extension 'colcon_pkg'
[0.283s] Level 1:colcon.colcon_core.package_identification:_identify(src/camera_interface_pkg) by extensions ['colcon_meta']
[0.283s] Level 1:colcon.colcon_core.package_identification:_identify(src/camera_interface_pkg) by extension 'colcon_meta'
[0.283s] Level 1:colcon.colcon_core.package_identification:_identify(src/camera_interface_pkg) by extensions ['ros']
[0.283s] Level 1:colcon.colcon_core.package_identification:_identify(src/camera_interface_pkg) by extension 'ros'
[0.284s] DEBUG:colcon.colcon_core.package_identification:Package 'src/camera_interface_pkg' with type 'ros.ament_cmake' and name 'camera_interface_pkg'
[0.284s] Level 1:colcon.colcon_core.package_identification:_identify(src/camera_main_pkg) by extensions ['ignore', 'ignore_ament_install']
[0.284s] Level 1:colcon.colcon_core.package_identification:_identify(src/camera_main_pkg) by extension 'ignore'
[0.284s] Level 1:colcon.colcon_core.package_identification:_identify(src/camera_main_pkg) by extension 'ignore_ament_install'
[0.284s] Level 1:colcon.colcon_core.package_identification:_identify(src/camera_main_pkg) by extensions ['colcon_pkg']
[0.284s] Level 1:colcon.colcon_core.package_identification:_identify(src/camera_main_pkg) by extension 'colcon_pkg'
[0.284s] Level 1:colcon.colcon_core.package_identification:_identify(src/camera_main_pkg) by extensions ['colcon_meta']
[0.284s] Level 1:colcon.colcon_core.package_identification:_identify(src/camera_main_pkg) by extension 'colcon_meta'
[0.284s] Level 1:colcon.colcon_core.package_identification:_identify(src/camera_main_pkg) by extensions ['ros']
[0.284s] Level 1:colcon.colcon_core.package_identification:_identify(src/camera_main_pkg) by extension 'ros'
[0.284s] DEBUG:colcon.colcon_core.package_identification:Package 'src/camera_main_pkg' with type 'ros.ament_python' and name 'camera_main_pkg'
[0.284s] Level 1:colcon.colcon_core.package_discovery:discover_packages(recursive) using defaults
[0.284s] Level 1:colcon.colcon_core.package_discovery:discover_packages(ignore) discover
[0.284s] Level 1:colcon.colcon_core.package_discovery:discover_packages(ignore) using defaults
[0.285s] Level 1:colcon.colcon_core.package_discovery:discover_packages(path) discover
[0.285s] Level 1:colcon.colcon_core.package_discovery:discover_packages(path) using defaults
[0.300s] Level 1:colcon.colcon_core.package_discovery:discover_packages(prefix_path) check parameters
[0.300s] Level 1:colcon.colcon_core.package_discovery:discover_packages(prefix_path) discover
[0.301s] DEBUG:colcon.colcon_installed_package_information.package_discovery:Found 4 installed packages in /home/achintya/Software/ROSPlayground/camera_ws_main/install
[0.301s] DEBUG:colcon.colcon_installed_package_information.package_discovery:Found 0 installed packages in /home/achintya/Software/ROSPlayground/camera_ws/install
[0.302s] DEBUG:colcon.colcon_installed_package_information.package_discovery:Found 275 installed packages in /opt/ros/humble
[0.303s] Level 1:colcon.colcon_core.package_discovery:discover_packages(prefix_path) using defaults
[0.331s] Level 5:colcon.colcon_core.verb:set package 'camera_cpp_pkg' build argument 'cmake_args' from command line to 'None'
[0.331s] Level 5:colcon.colcon_core.verb:set package 'camera_cpp_pkg' build argument 'cmake_target' from command line to 'None'
[0.332s] Level 5:colcon.colcon_core.verb:set package 'camera_cpp_pkg' build argument 'cmake_target_skip_unavailable' from command line to 'False'
[0.332s] Level 5:colcon.colcon_core.verb:set package 'camera_cpp_pkg' build argument 'cmake_clean_cache' from command line to 'False'
[0.332s] Level 5:colcon.colcon_core.verb:set package 'camera_cpp_pkg' build argument 'cmake_clean_first' from command line to 'False'
[0.332s] Level 5:colcon.colcon_core.verb:set package 'camera_cpp_pkg' build argument 'cmake_force_configure' from command line to 'False'
[0.332s] Level 5:colcon.colcon_core.verb:set package 'camera_cpp_pkg' build argument 'ament_cmake_args' from command line to 'None'
[0.332s] Level 5:colcon.colcon_core.verb:set package 'camera_cpp_pkg' build argument 'catkin_cmake_args' from command line to 'None'
[0.332s] Level 5:colcon.colcon_core.verb:set package 'camera_cpp_pkg' build argument 'catkin_skip_building_tests' from command line to 'False'
[0.332s] DEBUG:colcon.colcon_core.verb:Building package 'camera_cpp_pkg' with the following arguments: {'ament_cmake_args': None, 'build_base': '/home/achintya/Software/ROSPlayground/camera_ws_main/build/camera_cpp_pkg', 'catkin_cmake_args': None, 'catkin_skip_building_tests': False, 'cmake_args': None, 'cmake_clean_cache': False, 'cmake_clean_first': False, 'cmake_force_configure': False, 'cmake_target': None, 'cmake_target_skip_unavailable': False, 'install_base': '/home/achintya/Software/ROSPlayground/camera_ws_main/install/camera_cpp_pkg', 'merge_install': False, 'path': '/home/achintya/Software/ROSPlayground/camera_ws_main/src/camera_cpp_pkg', 'symlink_install': False, 'test_result_base': None}
[0.332s] Level 5:colcon.colcon_core.verb:set package 'camera_interface_pkg' build argument 'cmake_args' from command line to 'None'
[0.332s] Level 5:colcon.colcon_core.verb:set package 'camera_interface_pkg' build argument 'cmake_target' from command line to 'None'
[0.332s] Level 5:colcon.colcon_core.verb:set package 'camera_interface_pkg' build argument 'cmake_target_skip_unavailable' from command line to 'False'
[0.332s] Level 5:colcon.colcon_core.verb:set package 'camera_interface_pkg' build argument 'cmake_clean_cache' from command line to 'False'
[0.332s] Level 5:colcon.colcon_core.verb:set package 'camera_interface_pkg' build argument 'cmake_clean_first' from command line to 'False'
[0.332s] Level 5:colcon.colcon_core.verb:set package 'camera_interface_pkg' build argument 'cmake_force_configure' from command line to 'False'
[0.332s] Level 5:colcon.colcon_core.verb:set package 'camera_interface_pkg' build argument 'ament_cmake_args' from command line to 'None'
[0.332s] Level 5:colcon.colcon_core.verb:set package 'camera_interface_pkg' build argument 'catkin_cmake_args' from command line to 'None'
[0.332s] Level 5:colcon.colcon_core.verb:set package 'camera_interface_pkg' build argument 'catkin_skip_building_tests' from command line to 'False'
[0.332s] DEBUG:colcon.colcon_core.verb:Building package 'camera_interface_pkg' with the following arguments: {'ament_cmake_args': None, 'build_base': '/home/achintya/Software/ROSPlayground/camera_ws_main/build/camera_interface_pkg', 'catkin_cmake_args': None, 'catkin_skip_building_tests': False, 'cmake_args': None, 'cmake_clean_cache': False, 'cmake_clean_first': False, 'cmake_force_configure': False, 'cmake_target': None, 'cmake_target_skip_unavailable': False, 'install_base': '/home/achintya/Software/ROSPlayground/camera_ws_main/install/camera_interface_pkg', 'merge_install': False, 'path': '/home/achintya/Software/ROSPlayground/camera_ws_main/src/camera_interface_pkg', 'symlink_install': False, 'test_result_base': None}
[0.332s] Level 5:colcon.colcon_core.verb:set package 'camera_bringup_pkg' build argument 'cmake_args' from command line to 'None'
[0.332s] Level 5:colcon.colcon_core.verb:set package 'camera_bringup_pkg' build argument 'cmake_target' from command line to 'None'
[0.332s] Level 5:colcon.colcon_core.verb:set package 'camera_bringup_pkg' build argument 'cmake_target_skip_unavailable' from command line to 'False'
[0.332s] Level 5:colcon.colcon_core.verb:set package 'camera_bringup_pkg' build argument 'cmake_clean_cache' from command line to 'False'
[0.332s] Level 5:colcon.colcon_core.verb:set package 'camera_bringup_pkg' build argument 'cmake_clean_first' from command line to 'False'
[0.332s] Level 5:colcon.colcon_core.verb:set package 'camera_bringup_pkg' build argument 'cmake_force_configure' from command line to 'False'
[0.332s] Level 5:colcon.colcon_core.verb:set package 'camera_bringup_pkg' build argument 'ament_cmake_args' from command line to 'None'
[0.333s] Level 5:colcon.colcon_core.verb:set package 'camera_bringup_pkg' build argument 'catkin_cmake_args' from command line to 'None'
[0.333s] Level 5:colcon.colcon_core.verb:set package 'camera_bringup_pkg' build argument 'catkin_skip_building_tests' from command line to 'False'
[0.333s] DEBUG:colcon.colcon_core.verb:Building package 'camera_bringup_pkg' with the following arguments: {'ament_cmake_args': None, 'build_base': '/home/achintya/Software/ROSPlayground/camera_ws_main/build/camera_bringup_pkg', 'catkin_cmake_args': None, 'catkin_skip_building_tests': False, 'cmake_args': None, 'cmake_clean_cache': False, 'cmake_clean_first': False, 'cmake_force_configure': False, 'cmake_target': None, 'cmake_target_skip_unavailable': False, 'install_base': '/home/achintya/Software/ROSPlayground/camera_ws_main/install/camera_bringup_pkg', 'merge_install': False, 'path': '/home/achintya/Software/ROSPlayground/camera_ws_main/src/camera_bringup_pkg', 'symlink_install': False, 'test_result_base': None}
[0.333s] Level 5:colcon.colcon_core.verb:set package 'camera_main_pkg' build argument 'cmake_args' from command line to 'None'
[0.333s] Level 5:colcon.colcon_core.verb:set package 'camera_main_pkg' build argument 'cmake_target' from command line to 'None'
[0.333s] Level 5:colcon.colcon_core.verb:set package 'camera_main_pkg' build argument 'cmake_target_skip_unavailable' from command line to 'False'
[0.333s] Level 5:colcon.colcon_core.verb:set package 'camera_main_pkg' build argument 'cmake_clean_cache' from command line to 'False'
[0.333s] Level 5:colcon.colcon_core.verb:set package 'camera_main_pkg' build argument 'cmake_clean_first' from command line to 'False'
[0.333s] Level 5:colcon.colcon_core.verb:set package 'camera_main_pkg' build argument 'cmake_force_configure' from command line to 'False'
[0.333s] Level 5:colcon.colcon_core.verb:set package 'camera_main_pkg' build argument 'ament_cmake_args' from command line to 'None'
[0.333s] Level 5:colcon.colcon_core.verb:set package 'camera_main_pkg' build argument 'catkin_cmake_args' from command line to 'None'
[0.333s] Level 5:colcon.colcon_core.verb:set package 'camera_main_pkg' build argument 'catkin_skip_building_tests' from command line to 'False'
[0.333s] DEBUG:colcon.colcon_core.verb:Building package 'camera_main_pkg' with the following arguments: {'ament_cmake_args': None, 'build_base': '/home/achintya/Software/ROSPlayground/camera_ws_main/build/camera_main_pkg', 'catkin_cmake_args': None, 'catkin_skip_building_tests': False, 'cmake_args': None, 'cmake_clean_cache': False, 'cmake_clean_first': False, 'cmake_force_configure': False, 'cmake_target': None, 'cmake_target_skip_unavailable': False, 'install_base': '/home/achintya/Software/ROSPlayground/camera_ws_main/install/camera_main_pkg', 'merge_install': False, 'path': '/home/achintya/Software/ROSPlayground/camera_ws_main/src/camera_main_pkg', 'symlink_install': False, 'test_result_base': None}
[0.333s] INFO:colcon.colcon_core.executor:Executing jobs using 'parallel' executor
[0.334s] DEBUG:colcon.colcon_parallel_executor.executor.parallel:run_until_complete
[0.334s] INFO:colcon.colcon_ros.task.ament_cmake.build:Building ROS package in '/home/achintya/Software/ROSPlayground/camera_ws_main/src/camera_cpp_pkg' with build type 'ament_cmake'
[0.334s] INFO:colcon.colcon_cmake.task.cmake.build:Building CMake package in '/home/achintya/Software/ROSPlayground/camera_ws_main/src/camera_cpp_pkg'
[0.336s] INFO:colcon.colcon_core.plugin_system:Skipping extension 'colcon_core.shell.bat': Not used on non-Windows systems
[0.336s] INFO:colcon.colcon_core.shell:Skip shell extension 'powershell' for command environment: Not usable outside of PowerShell
[0.336s] DEBUG:colcon.colcon_core.shell:Skip shell extension 'dsv' for command environment
[0.339s] INFO:colcon.colcon_ros.task.ament_cmake.build:Building ROS package in '/home/achintya/Software/ROSPlayground/camera_ws_main/src/camera_interface_pkg' with build type 'ament_cmake'
[0.339s] INFO:colcon.colcon_cmake.task.cmake.build:Building CMake package in '/home/achintya/Software/ROSPlayground/camera_ws_main/src/camera_interface_pkg'
[0.339s] INFO:colcon.colcon_core.shell:Skip shell extension 'powershell' for command environment: Not usable outside of PowerShell
[0.339s] DEBUG:colcon.colcon_core.shell:Skip shell extension 'dsv' for command environment
[0.346s] DEBUG:colcon.colcon_core.event_handler.log_command:Invoking command in '/home/achintya/Software/ROSPlayground/camera_ws_main/build/camera_cpp_pkg': CMAKE_PREFIX_PATH=${CMAKE_PREFIX_PATH}:/home/achintya/Software/ROSPlayground/camera_ws_main/install/camera_main_pkg:/opt/ros/humble /usr/bin/cmake --build /home/achintya/Software/ROSPlayground/camera_ws_main/build/camera_cpp_pkg -- -j8 -l8
[0.349s] DEBUG:colcon.colcon_core.event_handler.log_command:Invoking command in '/home/achintya/Software/ROSPlayground/camera_ws_main/build/camera_interface_pkg': CMAKE_PREFIX_PATH=${CMAKE_PREFIX_PATH}:/home/achintya/Software/ROSPlayground/camera_ws_main/install/camera_main_pkg:/opt/ros/humble /usr/bin/cmake --build /home/achintya/Software/ROSPlayground/camera_ws_main/build/camera_interface_pkg -- -j8 -l8
[0.373s] DEBUG:colcon.colcon_core.event_handler.log_command:Invoked command in '/home/achintya/Software/ROSPlayground/camera_ws_main/build/camera_cpp_pkg' returned '0': CMAKE_PREFIX_PATH=${CMAKE_PREFIX_PATH}:/home/achintya/Software/ROSPlayground/camera_ws_main/install/camera_main_pkg:/opt/ros/humble /usr/bin/cmake --build /home/achintya/Software/ROSPlayground/camera_ws_main/build/camera_cpp_pkg -- -j8 -l8
[0.380s] DEBUG:colcon.colcon_core.event_handler.log_command:Invoking command in '/home/achintya/Software/ROSPlayground/camera_ws_main/build/camera_cpp_pkg': CMAKE_PREFIX_PATH=${CMAKE_PREFIX_PATH}:/home/achintya/Software/ROSPlayground/camera_ws_main/install/camera_main_pkg:/opt/ros/humble /usr/bin/cmake --install /home/achintya/Software/ROSPlayground/camera_ws_main/build/camera_cpp_pkg
[0.388s] Level 1:colcon.colcon_core.environment:create_environment_scripts_only(camera_cpp_pkg)
[0.389s] DEBUG:colcon.colcon_core.event_handler.log_command:Invoked command in '/home/achintya/Software/ROSPlayground/camera_ws_main/build/camera_cpp_pkg' returned '0': CMAKE_PREFIX_PATH=${CMAKE_PREFIX_PATH}:/home/achintya/Software/ROSPlayground/camera_ws_main/install/camera_main_pkg:/opt/ros/humble /usr/bin/cmake --install /home/achintya/Software/ROSPlayground/camera_ws_main/build/camera_cpp_pkg
[0.393s] Level 1:colcon.colcon_core.environment:checking '/home/achintya/Software/ROSPlayground/camera_ws_main/install/camera_cpp_pkg' for CMake module files
[0.393s] Level 1:colcon.colcon_core.environment:checking '/home/achintya/Software/ROSPlayground/camera_ws_main/install/camera_cpp_pkg' for CMake config files
[0.394s] Level 1:colcon.colcon_core.shell:create_environment_hook('camera_cpp_pkg', 'cmake_prefix_path')
[0.394s] INFO:colcon.colcon_core.shell:Creating environment hook '/home/achintya/Software/ROSPlayground/camera_ws_main/install/camera_cpp_pkg/share/camera_cpp_pkg/hook/cmake_prefix_path.ps1'
[0.395s] INFO:colcon.colcon_core.shell:Creating environment descriptor '/home/achintya/Software/ROSPlayground/camera_ws_main/install/camera_cpp_pkg/share/camera_cpp_pkg/hook/cmake_prefix_path.dsv'
[0.395s] INFO:colcon.colcon_core.shell:Creating environment hook '/home/achintya/Software/ROSPlayground/camera_ws_main/install/camera_cpp_pkg/share/camera_cpp_pkg/hook/cmake_prefix_path.sh'
[0.397s] Level 1:colcon.colcon_core.environment:checking '/home/achintya/Software/ROSPlayground/camera_ws_main/install/camera_cpp_pkg/bin'
[0.397s] Level 1:colcon.colcon_core.environment:checking '/home/achintya/Software/ROSPlayground/camera_ws_main/install/camera_cpp_pkg/lib/pkgconfig/camera_cpp_pkg.pc'
[0.397s] Level 1:colcon.colcon_core.environment:checking '/home/achintya/Software/ROSPlayground/camera_ws_main/install/camera_cpp_pkg/lib/python3.10/site-packages'
[0.398s] Level 1:colcon.colcon_core.environment:checking '/home/achintya/Software/ROSPlayground/camera_ws_main/install/camera_cpp_pkg/bin'
[0.398s] INFO:colcon.colcon_core.shell:Creating package script '/home/achintya/Software/ROSPlayground/camera_ws_main/install/camera_cpp_pkg/share/camera_cpp_pkg/package.ps1'
[0.399s] INFO:colcon.colcon_core.shell:Creating package descriptor '/home/achintya/Software/ROSPlayground/camera_ws_main/install/camera_cpp_pkg/share/camera_cpp_pkg/package.dsv'
[0.400s] INFO:colcon.colcon_core.shell:Creating package script '/home/achintya/Software/ROSPlayground/camera_ws_main/install/camera_cpp_pkg/share/camera_cpp_pkg/package.sh'
[0.401s] INFO:colcon.colcon_core.shell:Creating package script '/home/achintya/Software/ROSPlayground/camera_ws_main/install/camera_cpp_pkg/share/camera_cpp_pkg/package.bash'
[0.402s] INFO:colcon.colcon_core.shell:Creating package script '/home/achintya/Software/ROSPlayground/camera_ws_main/install/camera_cpp_pkg/share/camera_cpp_pkg/package.zsh'
[0.403s] Level 1:colcon.colcon_core.environment:create_file_with_runtime_dependencies(/home/achintya/Software/ROSPlayground/camera_ws_main/install/camera_cpp_pkg/share/colcon-core/packages/camera_cpp_pkg)
[0.404s] Level 1:colcon.colcon_core.environment:create_environment_scripts_only(camera_cpp_pkg)
[0.404s] Level 1:colcon.colcon_core.environment:checking '/home/achintya/Software/ROSPlayground/camera_ws_main/install/camera_cpp_pkg' for CMake module files
[0.405s] Level 1:colcon.colcon_core.environment:checking '/home/achintya/Software/ROSPlayground/camera_ws_main/install/camera_cpp_pkg' for CMake config files
[0.405s] Level 1:colcon.colcon_core.shell:create_environment_hook('camera_cpp_pkg', 'cmake_prefix_path')
[0.405s] INFO:colcon.colcon_core.shell:Creating environment hook '/home/achintya/Software/ROSPlayground/camera_ws_main/install/camera_cpp_pkg/share/camera_cpp_pkg/hook/cmake_prefix_path.ps1'
[0.406s] INFO:colcon.colcon_core.shell:Creating environment descriptor '/home/achintya/Software/ROSPlayground/camera_ws_main/install/camera_cpp_pkg/share/camera_cpp_pkg/hook/cmake_prefix_path.dsv'
[0.407s] INFO:colcon.colcon_core.shell:Creating environment hook '/home/achintya/Software/ROSPlayground/camera_ws_main/install/camera_cpp_pkg/share/camera_cpp_pkg/hook/cmake_prefix_path.sh'
[0.407s] Level 1:colcon.colcon_core.environment:checking '/home/achintya/Software/ROSPlayground/camera_ws_main/install/camera_cpp_pkg/bin'
[0.407s] Level 1:colcon.colcon_core.environment:checking '/home/achintya/Software/ROSPlayground/camera_ws_main/install/camera_cpp_pkg/lib/pkgconfig/camera_cpp_pkg.pc'
[0.408s] Level 1:colcon.colcon_core.environment:checking '/home/achintya/Software/ROSPlayground/camera_ws_main/install/camera_cpp_pkg/lib/python3.10/site-packages'
[0.408s] Level 1:colcon.colcon_core.environment:checking '/home/achintya/Software/ROSPlayground/camera_ws_main/install/camera_cpp_pkg/bin'
[0.409s] INFO:colcon.colcon_core.shell:Creating package script '/home/achintya/Software/ROSPlayground/camera_ws_main/install/camera_cpp_pkg/share/camera_cpp_pkg/package.ps1'
[0.409s] INFO:colcon.colcon_core.shell:Creating package descriptor '/home/achintya/Software/ROSPlayground/camera_ws_main/install/camera_cpp_pkg/share/camera_cpp_pkg/package.dsv'
[0.410s] INFO:colcon.colcon_core.shell:Creating package script '/home/achintya/Software/ROSPlayground/camera_ws_main/install/camera_cpp_pkg/share/camera_cpp_pkg/package.sh'
[0.410s] INFO:colcon.colcon_core.shell:Creating package script '/home/achintya/Software/ROSPlayground/camera_ws_main/install/camera_cpp_pkg/share/camera_cpp_pkg/package.bash'
[0.411s] INFO:colcon.colcon_core.shell:Creating package script '/home/achintya/Software/ROSPlayground/camera_ws_main/install/camera_cpp_pkg/share/camera_cpp_pkg/package.zsh'
[0.411s] Level 1:colcon.colcon_core.environment:create_file_with_runtime_dependencies(/home/achintya/Software/ROSPlayground/camera_ws_main/install/camera_cpp_pkg/share/colcon-core/packages/camera_cpp_pkg)
[0.412s] INFO:colcon.colcon_ros.task.ament_cmake.build:Building ROS package in '/home/achintya/Software/ROSPlayground/camera_ws_main/src/camera_bringup_pkg' with build type 'ament_cmake'
[0.413s] INFO:colcon.colcon_cmake.task.cmake.build:Building CMake package in '/home/achintya/Software/ROSPlayground/camera_ws_main/src/camera_bringup_pkg'
[0.413s] INFO:colcon.colcon_core.shell:Skip shell extension 'powershell' for command environment: Not usable outside of PowerShell
[0.413s] DEBUG:colcon.colcon_core.shell:Skip shell extension 'dsv' for command environment
[0.425s] DEBUG:colcon.colcon_core.event_handler.log_command:Invoking command in '/home/achintya/Software/ROSPlayground/camera_ws_main/build/camera_bringup_pkg': CMAKE_PREFIX_PATH=/home/achintya/Software/ROSPlayground/camera_ws_main/install/camera_cpp_pkg:/home/achintya/Software/ROSPlayground/camera_ws_main/install/camera_interface_pkg:/home/achintya/Software/ROSPlayground/camera_ws_main/install/camera_bringup_pkg:/home/achintya/Software/ROSPlayground/camera_ws_main/install/camera_main_pkg:/opt/ros/humble /usr/bin/cmake --build /home/achintya/Software/ROSPlayground/camera_ws_main/build/camera_bringup_pkg -- -j8 -l8
[0.477s] DEBUG:colcon.colcon_core.event_handler.log_command:Invoked command in '/home/achintya/Software/ROSPlayground/camera_ws_main/build/camera_bringup_pkg' returned '0': CMAKE_PREFIX_PATH=/home/achintya/Software/ROSPlayground/camera_ws_main/install/camera_cpp_pkg:/home/achintya/Software/ROSPlayground/camera_ws_main/install/camera_interface_pkg:/home/achintya/Software/ROSPlayground/camera_ws_main/install/camera_bringup_pkg:/home/achintya/Software/ROSPlayground/camera_ws_main/install/camera_main_pkg:/opt/ros/humble /usr/bin/cmake --build /home/achintya/Software/ROSPlayground/camera_ws_main/build/camera_bringup_pkg -- -j8 -l8
[0.479s] DEBUG:colcon.colcon_core.event_handler.log_command:Invoking command in '/home/achintya/Software/ROSPlayground/camera_ws_main/build/camera_bringup_pkg': CMAKE_PREFIX_PATH=/home/achintya/Software/ROSPlayground/camera_ws_main/install/camera_cpp_pkg:/home/achintya/Software/ROSPlayground/camera_ws_main/install/camera_interface_pkg:/home/achintya/Software/ROSPlayground/camera_ws_main/install/camera_bringup_pkg:/home/achintya/Software/ROSPlayground/camera_ws_main/install/camera_main_pkg:/opt/ros/humble /usr/bin/cmake --install /home/achintya/Software/ROSPlayground/camera_ws_main/build/camera_bringup_pkg
[0.495s] Level 1:colcon.colcon_core.environment:create_environment_scripts_only(camera_bringup_pkg)
[0.495s] Level 1:colcon.colcon_core.environment:checking '/home/achintya/Software/ROSPlayground/camera_ws_main/install/camera_bringup_pkg' for CMake module files
[0.496s] Level 1:colcon.colcon_core.environment:checking '/home/achintya/Software/ROSPlayground/camera_ws_main/install/camera_bringup_pkg' for CMake config files
[0.496s] Level 1:colcon.colcon_core.shell:create_environment_hook('camera_bringup_pkg', 'cmake_prefix_path')
[0.496s] INFO:colcon.colcon_core.shell:Creating environment hook '/home/achintya/Software/ROSPlayground/camera_ws_main/install/camera_bringup_pkg/share/camera_bringup_pkg/hook/cmake_prefix_path.ps1'
[0.499s] DEBUG:colcon.colcon_core.event_handler.log_command:Invoked command in '/home/achintya/Software/ROSPlayground/camera_ws_main/build/camera_bringup_pkg' returned '0': CMAKE_PREFIX_PATH=/home/achintya/Software/ROSPlayground/camera_ws_main/install/camera_cpp_pkg:/home/achintya/Software/ROSPlayground/camera_ws_main/install/camera_interface_pkg:/home/achintya/Software/ROSPlayground/camera_ws_main/install/camera_bringup_pkg:/home/achintya/Software/ROSPlayground/camera_ws_main/install/camera_main_pkg:/opt/ros/humble /usr/bin/cmake --install /home/achintya/Software/ROSPlayground/camera_ws_main/build/camera_bringup_pkg
[0.500s] INFO:colcon.colcon_core.shell:Creating environment descriptor '/home/achintya/Software/ROSPlayground/camera_ws_main/install/camera_bringup_pkg/share/camera_bringup_pkg/hook/cmake_prefix_path.dsv'
[0.500s] INFO:colcon.colcon_core.shell:Creating environment hook '/home/achintya/Software/ROSPlayground/camera_ws_main/install/camera_bringup_pkg/share/camera_bringup_pkg/hook/cmake_prefix_path.sh'
[0.501s] Level 1:colcon.colcon_core.environment:checking '/home/achintya/Software/ROSPlayground/camera_ws_main/install/camera_bringup_pkg/bin'
[0.501s] Level 1:colcon.colcon_core.environment:checking '/home/achintya/Software/ROSPlayground/camera_ws_main/install/camera_bringup_pkg/lib/pkgconfig/camera_bringup_pkg.pc'
[0.501s] Level 1:colcon.colcon_core.environment:checking '/home/achintya/Software/ROSPlayground/camera_ws_main/install/camera_bringup_pkg/lib/python3.10/site-packages'
[0.502s] Level 1:colcon.colcon_core.environment:checking '/home/achintya/Software/ROSPlayground/camera_ws_main/install/camera_bringup_pkg/bin'
[0.502s] INFO:colcon.colcon_core.shell:Creating package script '/home/achintya/Software/ROSPlayground/camera_ws_main/install/camera_bringup_pkg/share/camera_bringup_pkg/package.ps1'
[0.503s] INFO:colcon.colcon_core.shell:Creating package descriptor '/home/achintya/Software/ROSPlayground/camera_ws_main/install/camera_bringup_pkg/share/camera_bringup_pkg/package.dsv'
[0.503s] INFO:colcon.colcon_core.shell:Creating package script '/home/achintya/Software/ROSPlayground/camera_ws_main/install/camera_bringup_pkg/share/camera_bringup_pkg/package.sh'
[0.504s] INFO:colcon.colcon_core.shell:Creating package script '/home/achintya/Software/ROSPlayground/camera_ws_main/install/camera_bringup_pkg/share/camera_bringup_pkg/package.bash'
[0.504s] INFO:colcon.colcon_core.shell:Creating package script '/home/achintya/Software/ROSPlayground/camera_ws_main/install/camera_bringup_pkg/share/camera_bringup_pkg/package.zsh'
[0.505s] Level 1:colcon.colcon_core.environment:create_file_with_runtime_dependencies(/home/achintya/Software/ROSPlayground/camera_ws_main/install/camera_bringup_pkg/share/colcon-core/packages/camera_bringup_pkg)
[0.505s] Level 1:colcon.colcon_core.environment:create_environment_scripts_only(camera_bringup_pkg)
[0.506s] Level 1:colcon.colcon_core.environment:checking '/home/achintya/Software/ROSPlayground/camera_ws_main/install/camera_bringup_pkg' for CMake module files
[0.506s] Level 1:colcon.colcon_core.environment:checking '/home/achintya/Software/ROSPlayground/camera_ws_main/install/camera_bringup_pkg' for CMake config files
[0.507s] Level 1:colcon.colcon_core.shell:create_environment_hook('camera_bringup_pkg', 'cmake_prefix_path')
[0.507s] INFO:colcon.colcon_core.shell:Creating environment hook '/home/achintya/Software/ROSPlayground/camera_ws_main/install/camera_bringup_pkg/share/camera_bringup_pkg/hook/cmake_prefix_path.ps1'
[0.508s] INFO:colcon.colcon_core.shell:Creating environment descriptor '/home/achintya/Software/ROSPlayground/camera_ws_main/install/camera_bringup_pkg/share/camera_bringup_pkg/hook/cmake_prefix_path.dsv'
[0.508s] INFO:colcon.colcon_core.shell:Creating environment hook '/home/achintya/Software/ROSPlayground/camera_ws_main/install/camera_bringup_pkg/share/camera_bringup_pkg/hook/cmake_prefix_path.sh'
[0.509s] Level 1:colcon.colcon_core.environment:checking '/home/achintya/Software/ROSPlayground/camera_ws_main/install/camera_bringup_pkg/bin'
[0.509s] Level 1:colcon.colcon_core.environment:checking '/home/achintya/Software/ROSPlayground/camera_ws_main/install/camera_bringup_pkg/lib/pkgconfig/camera_bringup_pkg.pc'
[0.509s] Level 1:colcon.colcon_core.environment:checking '/home/achintya/Software/ROSPlayground/camera_ws_main/install/camera_bringup_pkg/lib/python3.10/site-packages'
[0.510s] Level 1:colcon.colcon_core.environment:checking '/home/achintya/Software/ROSPlayground/camera_ws_main/install/camera_bringup_pkg/bin'
[0.510s] INFO:colcon.colcon_core.shell:Creating package script '/home/achintya/Software/ROSPlayground/camera_ws_main/install/camera_bringup_pkg/share/camera_bringup_pkg/package.ps1'
[0.512s] INFO:colcon.colcon_core.shell:Creating package descriptor '/home/achintya/Software/ROSPlayground/camera_ws_main/install/camera_bringup_pkg/share/camera_bringup_pkg/package.dsv'
[0.513s] INFO:colcon.colcon_core.shell:Creating package script '/home/achintya/Software/ROSPlayground/camera_ws_main/install/camera_bringup_pkg/share/camera_bringup_pkg/package.sh'
[0.514s] INFO:colcon.colcon_core.shell:Creating package script '/home/achintya/Software/ROSPlayground/camera_ws_main/install/camera_bringup_pkg/share/camera_bringup_pkg/package.bash'
[0.515s] INFO:colcon.colcon_core.shell:Creating package script '/home/achintya/Software/ROSPlayground/camera_ws_main/install/camera_bringup_pkg/share/camera_bringup_pkg/package.zsh'
[0.516s] Level 1:colcon.colcon_core.environment:create_file_with_runtime_dependencies(/home/achintya/Software/ROSPlayground/camera_ws_main/install/camera_bringup_pkg/share/colcon-core/packages/camera_bringup_pkg)
[0.799s] DEBUG:colcon.colcon_core.event_handler.log_command:Invoked command in '/home/achintya/Software/ROSPlayground/camera_ws_main/build/camera_interface_pkg' returned '0': CMAKE_PREFIX_PATH=${CMAKE_PREFIX_PATH}:/home/achintya/Software/ROSPlayground/camera_ws_main/install/camera_main_pkg:/opt/ros/humble /usr/bin/cmake --build /home/achintya/Software/ROSPlayground/camera_ws_main/build/camera_interface_pkg -- -j8 -l8
[0.800s] DEBUG:colcon.colcon_core.event_handler.log_command:Invoking command in '/home/achintya/Software/ROSPlayground/camera_ws_main/build/camera_interface_pkg': CMAKE_PREFIX_PATH=${CMAKE_PREFIX_PATH}:/home/achintya/Software/ROSPlayground/camera_ws_main/install/camera_main_pkg:/opt/ros/humble /usr/bin/cmake --install /home/achintya/Software/ROSPlayground/camera_ws_main/build/camera_interface_pkg
[0.853s] Level 1:colcon.colcon_core.environment:create_environment_scripts_only(camera_interface_pkg)
[0.854s] Level 1:colcon.colcon_core.environment:checking '/home/achintya/Software/ROSPlayground/camera_ws_main/install/camera_interface_pkg' for CMake module files
[0.854s] DEBUG:colcon.colcon_core.event_handler.log_command:Invoked command in '/home/achintya/Software/ROSPlayground/camera_ws_main/build/camera_interface_pkg' returned '0': CMAKE_PREFIX_PATH=${CMAKE_PREFIX_PATH}:/home/achintya/Software/ROSPlayground/camera_ws_main/install/camera_main_pkg:/opt/ros/humble /usr/bin/cmake --install /home/achintya/Software/ROSPlayground/camera_ws_main/build/camera_interface_pkg
[0.855s] Level 1:colcon.colcon_core.environment:checking '/home/achintya/Software/ROSPlayground/camera_ws_main/install/camera_interface_pkg' for CMake config files
[0.855s] Level 1:colcon.colcon_core.shell:create_environment_hook('camera_interface_pkg', 'cmake_prefix_path')
[0.855s] INFO:colcon.colcon_core.shell:Creating environment hook '/home/achintya/Software/ROSPlayground/camera_ws_main/install/camera_interface_pkg/share/camera_interface_pkg/hook/cmake_prefix_path.ps1'
[0.856s] INFO:colcon.colcon_core.shell:Creating environment descriptor '/home/achintya/Software/ROSPlayground/camera_ws_main/install/camera_interface_pkg/share/camera_interface_pkg/hook/cmake_prefix_path.dsv'
[0.856s] INFO:colcon.colcon_core.shell:Creating environment hook '/home/achintya/Software/ROSPlayground/camera_ws_main/install/camera_interface_pkg/share/camera_interface_pkg/hook/cmake_prefix_path.sh'
[0.857s] Level 1:colcon.colcon_core.environment:checking '/home/achintya/Software/ROSPlayground/camera_ws_main/install/camera_interface_pkg/lib'
[0.857s] Level 1:colcon.colcon_core.shell:create_environment_hook('camera_interface_pkg', 'ld_library_path_lib')
[0.857s] INFO:colcon.colcon_core.shell:Creating environment hook '/home/achintya/Software/ROSPlayground/camera_ws_main/install/camera_interface_pkg/share/camera_interface_pkg/hook/ld_library_path_lib.ps1'
[0.857s] INFO:colcon.colcon_core.shell:Creating environment descriptor '/home/achintya/Software/ROSPlayground/camera_ws_main/install/camera_interface_pkg/share/camera_interface_pkg/hook/ld_library_path_lib.dsv'
[0.858s] INFO:colcon.colcon_core.shell:Creating environment hook '/home/achintya/Software/ROSPlayground/camera_ws_main/install/camera_interface_pkg/share/camera_interface_pkg/hook/ld_library_path_lib.sh'
[0.858s] Level 1:colcon.colcon_core.environment:checking '/home/achintya/Software/ROSPlayground/camera_ws_main/install/camera_interface_pkg/bin'
[0.858s] Level 1:colcon.colcon_core.environment:checking '/home/achintya/Software/ROSPlayground/camera_ws_main/install/camera_interface_pkg/lib/pkgconfig/camera_interface_pkg.pc'
[0.858s] Level 1:colcon.colcon_core.environment:checking '/home/achintya/Software/ROSPlayground/camera_ws_main/install/camera_interface_pkg/lib/python3.10/site-packages'
[0.858s] Level 1:colcon.colcon_core.environment:checking '/home/achintya/Software/ROSPlayground/camera_ws_main/install/camera_interface_pkg/bin'
[0.859s] INFO:colcon.colcon_core.shell:Creating package script '/home/achintya/Software/ROSPlayground/camera_ws_main/install/camera_interface_pkg/share/camera_interface_pkg/package.ps1'
[0.859s] INFO:colcon.colcon_core.shell:Creating package descriptor '/home/achintya/Software/ROSPlayground/camera_ws_main/install/camera_interface_pkg/share/camera_interface_pkg/package.dsv'
[0.859s] INFO:colcon.colcon_core.shell:Creating package script '/home/achintya/Software/ROSPlayground/camera_ws_main/install/camera_interface_pkg/share/camera_interface_pkg/package.sh'
[0.860s] INFO:colcon.colcon_core.shell:Creating package script '/home/achintya/Software/ROSPlayground/camera_ws_main/install/camera_interface_pkg/share/camera_interface_pkg/package.bash'
[0.860s] INFO:colcon.colcon_core.shell:Creating package script '/home/achintya/Software/ROSPlayground/camera_ws_main/install/camera_interface_pkg/share/camera_interface_pkg/package.zsh'
[0.860s] Level 1:colcon.colcon_core.environment:create_file_with_runtime_dependencies(/home/achintya/Software/ROSPlayground/camera_ws_main/install/camera_interface_pkg/share/colcon-core/packages/camera_interface_pkg)
[0.861s] Level 1:colcon.colcon_core.environment:create_environment_scripts_only(camera_interface_pkg)
[0.861s] Level 1:colcon.colcon_core.environment:checking '/home/achintya/Software/ROSPlayground/camera_ws_main/install/camera_interface_pkg' for CMake module files
[0.862s] Level 1:colcon.colcon_core.environment:checking '/home/achintya/Software/ROSPlayground/camera_ws_main/install/camera_interface_pkg' for CMake config files
[0.862s] Level 1:colcon.colcon_core.shell:create_environment_hook('camera_interface_pkg', 'cmake_prefix_path')
[0.862s] INFO:colcon.colcon_core.shell:Creating environment hook '/home/achintya/Software/ROSPlayground/camera_ws_main/install/camera_interface_pkg/share/camera_interface_pkg/hook/cmake_prefix_path.ps1'
[0.863s] INFO:colcon.colcon_core.shell:Creating environment descriptor '/home/achintya/Software/ROSPlayground/camera_ws_main/install/camera_interface_pkg/share/camera_interface_pkg/hook/cmake_prefix_path.dsv'
[0.863s] INFO:colcon.colcon_core.shell:Creating environment hook '/home/achintya/Software/ROSPlayground/camera_ws_main/install/camera_interface_pkg/share/camera_interface_pkg/hook/cmake_prefix_path.sh'
[0.864s] Level 1:colcon.colcon_core.environment:checking '/home/achintya/Software/ROSPlayground/camera_ws_main/install/camera_interface_pkg/lib'
[0.864s] Level 1:colcon.colcon_core.shell:create_environment_hook('camera_interface_pkg', 'ld_library_path_lib')
[0.864s] INFO:colcon.colcon_core.shell:Creating environment hook '/home/achintya/Software/ROSPlayground/camera_ws_main/install/camera_interface_pkg/share/camera_interface_pkg/hook/ld_library_path_lib.ps1'
[0.864s] INFO:colcon.colcon_core.shell:Creating environment descriptor '/home/achintya/Software/ROSPlayground/camera_ws_main/install/camera_interface_pkg/share/camera_interface_pkg/hook/ld_library_path_lib.dsv'
[0.865s] INFO:colcon.colcon_core.shell:Creating environment hook '/home/achintya/Software/ROSPlayground/camera_ws_main/install/camera_interface_pkg/share/camera_interface_pkg/hook/ld_library_path_lib.sh'
[0.865s] Level 1:colcon.colcon_core.environment:checking '/home/achintya/Software/ROSPlayground/camera_ws_main/install/camera_interface_pkg/bin'
[0.865s] Level 1:colcon.colcon_core.environment:checking '/home/achintya/Software/ROSPlayground/camera_ws_main/install/camera_interface_pkg/lib/pkgconfig/camera_interface_pkg.pc'
[0.865s] Level 1:colcon.colcon_core.environment:checking '/home/achintya/Software/ROSPlayground/camera_ws_main/install/camera_interface_pkg/lib/python3.10/site-packages'
[0.865s] Level 1:colcon.colcon_core.environment:checking '/home/achintya/Software/ROSPlayground/camera_ws_main/install/camera_interface_pkg/bin'
[0.866s] INFO:colcon.colcon_core.shell:Creating package script '/home/achintya/Software/ROSPlayground/camera_ws_main/install/camera_interface_pkg/share/camera_interface_pkg/package.ps1'
[0.866s] INFO:colcon.colcon_core.shell:Creating package descriptor '/home/achintya/Software/ROSPlayground/camera_ws_main/install/camera_interface_pkg/share/camera_interface_pkg/package.dsv'
[0.867s] INFO:colcon.colcon_core.shell:Creating package script '/home/achintya/Software/ROSPlayground/camera_ws_main/install/camera_interface_pkg/share/camera_interface_pkg/package.sh'
[0.867s] INFO:colcon.colcon_core.shell:Creating package script '/home/achintya/Software/ROSPlayground/camera_ws_main/install/camera_interface_pkg/share/camera_interface_pkg/package.bash'
[0.867s] INFO:colcon.colcon_core.shell:Creating package script '/home/achintya/Software/ROSPlayground/camera_ws_main/install/camera_interface_pkg/share/camera_interface_pkg/package.zsh'
[0.868s] Level 1:colcon.colcon_core.environment:create_file_with_runtime_dependencies(/home/achintya/Software/ROSPlayground/camera_ws_main/install/camera_interface_pkg/share/colcon-core/packages/camera_interface_pkg)
[0.868s] INFO:colcon.colcon_ros.task.ament_python.build:Building ROS package in '/home/achintya/Software/ROSPlayground/camera_ws_main/src/camera_main_pkg' with build type 'ament_python'
[0.868s] Level 1:colcon.colcon_core.shell:create_environment_hook('camera_main_pkg', 'ament_prefix_path')
[0.868s] INFO:colcon.colcon_core.shell:Creating environment hook '/home/achintya/Software/ROSPlayground/camera_ws_main/install/camera_main_pkg/share/camera_main_pkg/hook/ament_prefix_path.ps1'
[0.869s] INFO:colcon.colcon_core.shell:Creating environment descriptor '/home/achintya/Software/ROSPlayground/camera_ws_main/install/camera_main_pkg/share/camera_main_pkg/hook/ament_prefix_path.dsv'
[0.869s] INFO:colcon.colcon_core.shell:Creating environment hook '/home/achintya/Software/ROSPlayground/camera_ws_main/install/camera_main_pkg/share/camera_main_pkg/hook/ament_prefix_path.sh'
[0.870s] INFO:colcon.colcon_core.shell:Skip shell extension 'powershell' for command environment: Not usable outside of PowerShell
[0.870s] DEBUG:colcon.colcon_core.shell:Skip shell extension 'dsv' for command environment
[1.172s] INFO:colcon.colcon_core.task.python.build:Building Python package in '/home/achintya/Software/ROSPlayground/camera_ws_main/src/camera_main_pkg'
[1.172s] INFO:colcon.colcon_core.shell:Skip shell extension 'powershell' for command environment: Not usable outside of PowerShell
[1.172s] DEBUG:colcon.colcon_core.shell:Skip shell extension 'dsv' for command environment
[1.577s] DEBUG:colcon.colcon_core.event_handler.log_command:Invoking command in '/home/achintya/Software/ROSPlayground/camera_ws_main/src/camera_main_pkg': PYTHONPATH=/home/achintya/Software/ROSPlayground/camera_ws_main/build/camera_main_pkg/prefix_override:/usr/lib/python3/dist-packages/colcon_core/task/python/colcon_distutils_commands:/home/achintya/Software/ROSPlayground/camera_ws_main/install/camera_main_pkg/lib/python3.10/site-packages:${PYTHONPATH} /usr/bin/python3 -W ignore:setup.py install is deprecated -W ignore:easy_install command is deprecated setup.py egg_info --egg-base ../../build/camera_main_pkg build --build-base /home/achintya/Software/ROSPlayground/camera_ws_main/build/camera_main_pkg/build install --record /home/achintya/Software/ROSPlayground/camera_ws_main/build/camera_main_pkg/install.log --single-version-externally-managed install_data
[1.907s] Level 1:colcon.colcon_core.environment:checking '/home/achintya/Software/ROSPlayground/camera_ws_main/install/camera_main_pkg' for CMake module files
[1.908s] DEBUG:colcon.colcon_core.event_handler.log_command:Invoked command in '/home/achintya/Software/ROSPlayground/camera_ws_main/src/camera_main_pkg' returned '0': PYTHONPATH=/home/achintya/Software/ROSPlayground/camera_ws_main/build/camera_main_pkg/prefix_override:/usr/lib/python3/dist-packages/colcon_core/task/python/colcon_distutils_commands:/home/achintya/Software/ROSPlayground/camera_ws_main/install/camera_main_pkg/lib/python3.10/site-packages:${PYTHONPATH} /usr/bin/python3 -W ignore:setup.py install is deprecated -W ignore:easy_install command is deprecated setup.py egg_info --egg-base ../../build/camera_main_pkg build --build-base /home/achintya/Software/ROSPlayground/camera_ws_main/build/camera_main_pkg/build install --record /home/achintya/Software/ROSPlayground/camera_ws_main/build/camera_main_pkg/install.log --single-version-externally-managed install_data
[1.908s] Level 1:colcon.colcon_core.environment:checking '/home/achintya/Software/ROSPlayground/camera_ws_main/install/camera_main_pkg' for CMake config files
[1.908s] Level 1:colcon.colcon_core.environment:checking '/home/achintya/Software/ROSPlayground/camera_ws_main/install/camera_main_pkg/lib'
[1.908s] Level 1:colcon.colcon_core.environment:checking '/home/achintya/Software/ROSPlayground/camera_ws_main/install/camera_main_pkg/bin'
[1.908s] Level 1:colcon.colcon_core.environment:checking '/home/achintya/Software/ROSPlayground/camera_ws_main/install/camera_main_pkg/lib/pkgconfig/camera_main_pkg.pc'
[1.908s] Level 1:colcon.colcon_core.environment:checking '/home/achintya/Software/ROSPlayground/camera_ws_main/install/camera_main_pkg/lib/python3.10/site-packages'
[1.908s] Level 1:colcon.colcon_core.shell:create_environment_hook('camera_main_pkg', 'pythonpath')
[1.909s] INFO:colcon.colcon_core.shell:Creating environment hook '/home/achintya/Software/ROSPlayground/camera_ws_main/install/camera_main_pkg/share/camera_main_pkg/hook/pythonpath.ps1'
[1.909s] INFO:colcon.colcon_core.shell:Creating environment descriptor '/home/achintya/Software/ROSPlayground/camera_ws_main/install/camera_main_pkg/share/camera_main_pkg/hook/pythonpath.dsv'
[1.909s] INFO:colcon.colcon_core.shell:Creating environment hook '/home/achintya/Software/ROSPlayground/camera_ws_main/install/camera_main_pkg/share/camera_main_pkg/hook/pythonpath.sh'
[1.910s] Level 1:colcon.colcon_core.environment:checking '/home/achintya/Software/ROSPlayground/camera_ws_main/install/camera_main_pkg/bin'
[1.910s] Level 1:colcon.colcon_core.environment:create_environment_scripts_only(camera_main_pkg)
[1.910s] INFO:colcon.colcon_core.shell:Creating package script '/home/achintya/Software/ROSPlayground/camera_ws_main/install/camera_main_pkg/share/camera_main_pkg/package.ps1'
[1.910s] INFO:colcon.colcon_core.shell:Creating package descriptor '/home/achintya/Software/ROSPlayground/camera_ws_main/install/camera_main_pkg/share/camera_main_pkg/package.dsv'
[1.911s] INFO:colcon.colcon_core.shell:Creating package script '/home/achintya/Software/ROSPlayground/camera_ws_main/install/camera_main_pkg/share/camera_main_pkg/package.sh'
[1.911s] INFO:colcon.colcon_core.shell:Creating package script '/home/achintya/Software/ROSPlayground/camera_ws_main/install/camera_main_pkg/share/camera_main_pkg/package.bash'
[1.911s] INFO:colcon.colcon_core.shell:Creating package script '/home/achintya/Software/ROSPlayground/camera_ws_main/install/camera_main_pkg/share/camera_main_pkg/package.zsh'
[1.911s] Level 1:colcon.colcon_core.environment:create_file_with_runtime_dependencies(/home/achintya/Software/ROSPlayground/camera_ws_main/install/camera_main_pkg/share/colcon-core/packages/camera_main_pkg)
[1.912s] DEBUG:colcon.colcon_parallel_executor.executor.parallel:closing loop
[1.912s] DEBUG:colcon.colcon_parallel_executor.executor.parallel:loop closed
[1.912s] DEBUG:colcon.colcon_parallel_executor.executor.parallel:run_until_complete finished with '0'
[1.912s] DEBUG:colcon.colcon_core.event_reactor:joining thread
[1.916s] INFO:colcon.colcon_core.plugin_system:Skipping extension 'colcon_notification.desktop_notification.terminal_notifier': Not used on non-Darwin systems
[1.916s] INFO:colcon.colcon_core.plugin_system:Skipping extension 'colcon_notification.desktop_notification.win32': Not used on non-Windows systems
[1.916s] INFO:colcon.colcon_notification.desktop_notification:Sending desktop notification using 'notify2'
[1.926s] DEBUG:colcon.colcon_core.event_reactor:joined thread
[1.926s] INFO:colcon.colcon_core.shell:Creating prefix script '/home/achintya/Software/ROSPlayground/camera_ws_main/install/local_setup.ps1'
[1.927s] INFO:colcon.colcon_core.shell:Creating prefix util module '/home/achintya/Software/ROSPlayground/camera_ws_main/install/_local_setup_util_ps1.py'
[1.928s] INFO:colcon.colcon_core.shell:Creating prefix chain script '/home/achintya/Software/ROSPlayground/camera_ws_main/install/setup.ps1'
[1.929s] INFO:colcon.colcon_core.shell:Creating prefix script '/home/achintya/Software/ROSPlayground/camera_ws_main/install/local_setup.sh'
[1.930s] INFO:colcon.colcon_core.shell:Creating prefix util module '/home/achintya/Software/ROSPlayground/camera_ws_main/install/_local_setup_util_sh.py'
[1.930s] INFO:colcon.colcon_core.shell:Creating prefix chain script '/home/achintya/Software/ROSPlayground/camera_ws_main/install/setup.sh'
[1.932s] INFO:colcon.colcon_core.shell:Creating prefix script '/home/achintya/Software/ROSPlayground/camera_ws_main/install/local_setup.bash'
[1.933s] INFO:colcon.colcon_core.shell:Creating prefix chain script '/home/achintya/Software/ROSPlayground/camera_ws_main/install/setup.bash'
[1.933s] INFO:colcon.colcon_core.shell:Creating prefix script '/home/achintya/Software/ROSPlayground/camera_ws_main/install/local_setup.zsh'
[1.934s] INFO:colcon.colcon_core.shell:Creating prefix chain script '/home/achintya/Software/ROSPlayground/camera_ws_main/install/setup.zsh'
