[0.016s] Invoking command in '/home/achintya/Software/ROSPlayground/camera_ws_main/build/camera_cpp_pkg': CMAKE_PREFIX_PATH=${CMAKE_PREFIX_PATH}:/home/achintya/Software/ROSPlayground/camera_ws_main/install/camera_main_pkg:/opt/ros/humble /usr/bin/cmake --build /home/achintya/Software/ROSPlayground/camera_ws_main/build/camera_cpp_pkg -- -j8 -l8
[0.053s] Invoked command in '/home/achintya/Software/ROSPlayground/camera_ws_main/build/camera_cpp_pkg' returned '0': CMAKE_PREFIX_PATH=${CMAKE_PREFIX_PATH}:/home/achintya/Software/ROSPlayground/camera_ws_main/install/camera_main_pkg:/opt/ros/humble /usr/bin/cmake --build /home/achintya/Software/ROSPlayground/camera_ws_main/build/camera_cpp_pkg -- -j8 -l8
[0.066s] Invoking command in '/home/achintya/Software/ROSPlayground/camera_ws_main/build/camera_cpp_pkg': CMAKE_PREFIX_PATH=${CMAKE_PREFIX_PATH}:/home/achintya/Software/ROSPlayground/camera_ws_main/install/camera_main_pkg:/opt/ros/humble /usr/bin/cmake --install /home/achintya/Software/ROSPlayground/camera_ws_main/build/camera_cpp_pkg
[0.078s] -- Install configuration: ""
[0.078s] -- Up-to-date: /home/achintya/Software/ROSPlayground/camera_ws_main/install/camera_cpp_pkg/share/ament_index/resource_index/package_run_dependencies/camera_cpp_pkg
[0.079s] -- Up-to-date: /home/achintya/Software/ROSPlayground/camera_ws_main/install/camera_cpp_pkg/share/ament_index/resource_index/parent_prefix_path/camera_cpp_pkg
[0.079s] -- Up-to-date: /home/achintya/Software/ROSPlayground/camera_ws_main/install/camera_cpp_pkg/share/camera_cpp_pkg/environment/ament_prefix_path.sh
[0.079s] -- Up-to-date: /home/achintya/Software/ROSPlayground/camera_ws_main/install/camera_cpp_pkg/share/camera_cpp_pkg/environment/ament_prefix_path.dsv
[0.080s] -- Up-to-date: /home/achintya/Software/ROSPlayground/camera_ws_main/install/camera_cpp_pkg/share/camera_cpp_pkg/environment/path.sh
[0.080s] -- Up-to-date: /home/achintya/Software/ROSPlayground/camera_ws_main/install/camera_cpp_pkg/share/camera_cpp_pkg/environment/path.dsv
[0.080s] -- Up-to-date: /home/achintya/Software/ROSPlayground/camera_ws_main/install/camera_cpp_pkg/share/camera_cpp_pkg/local_setup.bash
[0.081s] -- Up-to-date: /home/achintya/Software/ROSPlayground/camera_ws_main/install/camera_cpp_pkg/share/camera_cpp_pkg/local_setup.sh
[0.081s] -- Up-to-date: /home/achintya/Software/ROSPlayground/camera_ws_main/install/camera_cpp_pkg/share/camera_cpp_pkg/local_setup.zsh
[0.081s] -- Up-to-date: /home/achintya/Software/ROSPlayground/camera_ws_main/install/camera_cpp_pkg/share/camera_cpp_pkg/local_setup.dsv
[0.081s] -- Installing: /home/achintya/Software/ROSPlayground/camera_ws_main/install/camera_cpp_pkg/share/camera_cpp_pkg/package.dsv
[0.081s] -- Up-to-date: /home/achintya/Software/ROSPlayground/camera_ws_main/install/camera_cpp_pkg/share/ament_index/resource_index/packages/camera_cpp_pkg
[0.081s] -- Up-to-date: /home/achintya/Software/ROSPlayground/camera_ws_main/install/camera_cpp_pkg/share/camera_cpp_pkg/cmake/camera_cpp_pkgConfig.cmake
[0.081s] -- Up-to-date: /home/achintya/Software/ROSPlayground/camera_ws_main/install/camera_cpp_pkg/share/camera_cpp_pkg/cmake/camera_cpp_pkgConfig-version.cmake
[0.081s] -- Up-to-date: /home/achintya/Software/ROSPlayground/camera_ws_main/install/camera_cpp_pkg/share/camera_cpp_pkg/package.xml
[0.086s] Invoked command in '/home/achintya/Software/ROSPlayground/camera_ws_main/build/camera_cpp_pkg' returned '0': CMAKE_PREFIX_PATH=${CMAKE_PREFIX_PATH}:/home/achintya/Software/ROSPlayground/camera_ws_main/install/camera_main_pkg:/opt/ros/humble /usr/bin/cmake --install /home/achintya/Software/ROSPlayground/camera_ws_main/build/camera_cpp_pkg
