[0.114s] DEBUG:colcon:Command line arguments: ['/usr/bin/colcon', 'build']
[0.114s] DEBUG:colcon:Parsed command line arguments: Namespace(log_base=None, log_level=None, verb_name='build', build_base='build', install_base='install', merge_install=False, symlink_install=False, test_result_base=None, continue_on_error=False, executor='parallel', parallel_workers=8, event_handlers=None, ignore_user_meta=False, metas=['./colcon.meta'], base_paths=['.'], packages_ignore=None, packages_ignore_regex=None, paths=None, packages_up_to=None, packages_up_to_regex=None, packages_above=None, packages_above_and_dependencies=None, packages_above_depth=None, packages_select_by_dep=None, packages_skip_by_dep=None, packages_skip_up_to=None, packages_select_build_failed=False, packages_skip_build_finished=False, packages_select_test_failures=False, packages_skip_test_passed=False, packages_select=None, packages_skip=None, packages_select_regex=None, packages_skip_regex=None, packages_start=None, packages_end=None, allow_overriding=[], cmake_args=None, cmake_target=None, cmake_target_skip_unavailable=False, cmake_clean_cache=False, cmake_clean_first=False, cmake_force_configure=False, ament_cmake_args=None, catkin_cmake_args=None, catkin_skip_building_tests=False, verb_parser=<colcon_defaults.argument_parser.defaults.DefaultArgumentsDecorator object at 0x7567362481f0>, verb_extension=<colcon_core.verb.build.BuildVerb object at 0x756736217c70>, main=<bound method BuildVerb.main of <colcon_core.verb.build.BuildVerb object at 0x756736217c70>>)
[0.334s] Level 1:colcon.colcon_core.package_discovery:discover_packages(colcon_meta) check parameters
[0.335s] Level 1:colcon.colcon_core.package_discovery:discover_packages(recursive) check parameters
[0.335s] Level 1:colcon.colcon_core.package_discovery:discover_packages(ignore) check parameters
[0.335s] Level 1:colcon.colcon_core.package_discovery:discover_packages(path) check parameters
[0.335s] Level 1:colcon.colcon_core.package_discovery:discover_packages(colcon_meta) discover
[0.335s] Level 1:colcon.colcon_core.package_discovery:discover_packages(recursive) discover
[0.335s] INFO:colcon.colcon_core.package_discovery:Crawling recursively for packages in '/home/achintya/Software/ROSPlayground/camera_ws_main'
[0.335s] Level 1:colcon.colcon_core.package_identification:_identify(.) by extensions ['ignore', 'ignore_ament_install']
[0.335s] Level 1:colcon.colcon_core.package_identification:_identify(.) by extension 'ignore'
[0.335s] Level 1:colcon.colcon_core.package_identification:_identify(.) by extension 'ignore_ament_install'
[0.335s] Level 1:colcon.colcon_core.package_identification:_identify(.) by extensions ['colcon_pkg']
[0.335s] Level 1:colcon.colcon_core.package_identification:_identify(.) by extension 'colcon_pkg'
[0.335s] Level 1:colcon.colcon_core.package_identification:_identify(.) by extensions ['colcon_meta']
[0.335s] Level 1:colcon.colcon_core.package_identification:_identify(.) by extension 'colcon_meta'
[0.335s] Level 1:colcon.colcon_core.package_identification:_identify(.) by extensions ['ros']
[0.335s] Level 1:colcon.colcon_core.package_identification:_identify(.) by extension 'ros'
[0.352s] Level 1:colcon.colcon_core.package_identification:_identify(.) by extensions ['cmake', 'python']
[0.353s] Level 1:colcon.colcon_core.package_identification:_identify(.) by extension 'cmake'
[0.353s] Level 1:colcon.colcon_core.package_identification:_identify(.) by extension 'python'
[0.353s] Level 1:colcon.colcon_core.package_identification:_identify(.) by extensions ['python_setup_py']
[0.353s] Level 1:colcon.colcon_core.package_identification:_identify(.) by extension 'python_setup_py'
[0.353s] Level 1:colcon.colcon_core.package_identification:_identify(build) by extensions ['ignore', 'ignore_ament_install']
[0.353s] Level 1:colcon.colcon_core.package_identification:_identify(build) by extension 'ignore'
[0.353s] Level 1:colcon.colcon_core.package_identification:_identify(build) ignored
[0.353s] Level 1:colcon.colcon_core.package_identification:_identify(install) by extensions ['ignore', 'ignore_ament_install']
[0.353s] Level 1:colcon.colcon_core.package_identification:_identify(install) by extension 'ignore'
[0.353s] Level 1:colcon.colcon_core.package_identification:_identify(install) ignored
[0.354s] Level 1:colcon.colcon_core.package_identification:_identify(log) by extensions ['ignore', 'ignore_ament_install']
[0.354s] Level 1:colcon.colcon_core.package_identification:_identify(log) by extension 'ignore'
[0.354s] Level 1:colcon.colcon_core.package_identification:_identify(log) ignored
[0.354s] Level 1:colcon.colcon_core.package_identification:_identify(src) by extensions ['ignore', 'ignore_ament_install']
[0.354s] Level 1:colcon.colcon_core.package_identification:_identify(src) by extension 'ignore'
[0.354s] Level 1:colcon.colcon_core.package_identification:_identify(src) by extension 'ignore_ament_install'
[0.354s] Level 1:colcon.colcon_core.package_identification:_identify(src) by extensions ['colcon_pkg']
[0.354s] Level 1:colcon.colcon_core.package_identification:_identify(src) by extension 'colcon_pkg'
[0.354s] Level 1:colcon.colcon_core.package_identification:_identify(src) by extensions ['colcon_meta']
[0.354s] Level 1:colcon.colcon_core.package_identification:_identify(src) by extension 'colcon_meta'
[0.354s] Level 1:colcon.colcon_core.package_identification:_identify(src) by extensions ['ros']
[0.354s] Level 1:colcon.colcon_core.package_identification:_identify(src) by extension 'ros'
[0.354s] Level 1:colcon.colcon_core.package_identification:_identify(src) by extensions ['cmake', 'python']
[0.354s] Level 1:colcon.colcon_core.package_identification:_identify(src) by extension 'cmake'
[0.354s] Level 1:colcon.colcon_core.package_identification:_identify(src) by extension 'python'
[0.354s] Level 1:colcon.colcon_core.package_identification:_identify(src) by extensions ['python_setup_py']
[0.354s] Level 1:colcon.colcon_core.package_identification:_identify(src) by extension 'python_setup_py'
[0.354s] Level 1:colcon.colcon_core.package_identification:_identify(src/camera_bringup_pkg) by extensions ['ignore', 'ignore_ament_install']
[0.355s] Level 1:colcon.colcon_core.package_identification:_identify(src/camera_bringup_pkg) by extension 'ignore'
[0.355s] Level 1:colcon.colcon_core.package_identification:_identify(src/camera_bringup_pkg) by extension 'ignore_ament_install'
[0.355s] Level 1:colcon.colcon_core.package_identification:_identify(src/camera_bringup_pkg) by extensions ['colcon_pkg']
[0.355s] Level 1:colcon.colcon_core.package_identification:_identify(src/camera_bringup_pkg) by extension 'colcon_pkg'
[0.355s] Level 1:colcon.colcon_core.package_identification:_identify(src/camera_bringup_pkg) by extensions ['colcon_meta']
[0.355s] Level 1:colcon.colcon_core.package_identification:_identify(src/camera_bringup_pkg) by extension 'colcon_meta'
[0.355s] Level 1:colcon.colcon_core.package_identification:_identify(src/camera_bringup_pkg) by extensions ['ros']
[0.355s] Level 1:colcon.colcon_core.package_identification:_identify(src/camera_bringup_pkg) by extension 'ros'
[0.357s] DEBUG:colcon.colcon_core.package_identification:Package 'src/camera_bringup_pkg' with type 'ros.ament_cmake' and name 'camera_bringup_pkg'
[0.357s] Level 1:colcon.colcon_core.package_identification:_identify(src/camera_cpp_pkg) by extensions ['ignore', 'ignore_ament_install']
[0.357s] Level 1:colcon.colcon_core.package_identification:_identify(src/camera_cpp_pkg) by extension 'ignore'
[0.357s] Level 1:colcon.colcon_core.package_identification:_identify(src/camera_cpp_pkg) by extension 'ignore_ament_install'
[0.357s] Level 1:colcon.colcon_core.package_identification:_identify(src/camera_cpp_pkg) by extensions ['colcon_pkg']
[0.357s] Level 1:colcon.colcon_core.package_identification:_identify(src/camera_cpp_pkg) by extension 'colcon_pkg'
[0.358s] Level 1:colcon.colcon_core.package_identification:_identify(src/camera_cpp_pkg) by extensions ['colcon_meta']
[0.358s] Level 1:colcon.colcon_core.package_identification:_identify(src/camera_cpp_pkg) by extension 'colcon_meta'
[0.358s] Level 1:colcon.colcon_core.package_identification:_identify(src/camera_cpp_pkg) by extensions ['ros']
[0.358s] Level 1:colcon.colcon_core.package_identification:_identify(src/camera_cpp_pkg) by extension 'ros'
[0.358s] DEBUG:colcon.colcon_core.package_identification:Package 'src/camera_cpp_pkg' with type 'ros.ament_cmake' and name 'camera_cpp_pkg'
[0.358s] Level 1:colcon.colcon_core.package_identification:_identify(src/camera_interface_pkg) by extensions ['ignore', 'ignore_ament_install']
[0.358s] Level 1:colcon.colcon_core.package_identification:_identify(src/camera_interface_pkg) by extension 'ignore'
[0.358s] Level 1:colcon.colcon_core.package_identification:_identify(src/camera_interface_pkg) by extension 'ignore_ament_install'
[0.358s] Level 1:colcon.colcon_core.package_identification:_identify(src/camera_interface_pkg) by extensions ['colcon_pkg']
[0.358s] Level 1:colcon.colcon_core.package_identification:_identify(src/camera_interface_pkg) by extension 'colcon_pkg'
[0.358s] Level 1:colcon.colcon_core.package_identification:_identify(src/camera_interface_pkg) by extensions ['colcon_meta']
[0.359s] Level 1:colcon.colcon_core.package_identification:_identify(src/camera_interface_pkg) by extension 'colcon_meta'
[0.359s] Level 1:colcon.colcon_core.package_identification:_identify(src/camera_interface_pkg) by extensions ['ros']
[0.359s] Level 1:colcon.colcon_core.package_identification:_identify(src/camera_interface_pkg) by extension 'ros'
[0.359s] DEBUG:colcon.colcon_core.package_identification:Package 'src/camera_interface_pkg' with type 'ros.ament_cmake' and name 'camera_interface_pkg'
[0.360s] Level 1:colcon.colcon_core.package_identification:_identify(src/camera_py_pkg) by extensions ['ignore', 'ignore_ament_install']
[0.360s] Level 1:colcon.colcon_core.package_identification:_identify(src/camera_py_pkg) by extension 'ignore'
[0.360s] Level 1:colcon.colcon_core.package_identification:_identify(src/camera_py_pkg) by extension 'ignore_ament_install'
[0.360s] Level 1:colcon.colcon_core.package_identification:_identify(src/camera_py_pkg) by extensions ['colcon_pkg']
[0.360s] Level 1:colcon.colcon_core.package_identification:_identify(src/camera_py_pkg) by extension 'colcon_pkg'
[0.360s] Level 1:colcon.colcon_core.package_identification:_identify(src/camera_py_pkg) by extensions ['colcon_meta']
[0.360s] Level 1:colcon.colcon_core.package_identification:_identify(src/camera_py_pkg) by extension 'colcon_meta'
[0.360s] Level 1:colcon.colcon_core.package_identification:_identify(src/camera_py_pkg) by extensions ['ros']
[0.360s] Level 1:colcon.colcon_core.package_identification:_identify(src/camera_py_pkg) by extension 'ros'
[0.361s] DEBUG:colcon.colcon_core.package_identification:Failed to parse potential ROS package manifest in'src/camera_py_pkg': Error(s) in package 'src/camera_py_pkg/package.xml':
Error(s):
- The generic dependency on 'rclpy' is redundant with: exec_depend
[0.362s] Level 1:colcon.colcon_core.package_identification:_identify(src/camera_py_pkg) by extensions ['cmake', 'python']
[0.362s] Level 1:colcon.colcon_core.package_identification:_identify(src/camera_py_pkg) by extension 'cmake'
[0.362s] Level 1:colcon.colcon_core.package_identification:_identify(src/camera_py_pkg) by extension 'python'
[0.362s] DEBUG:colcon.colcon_core.package_identification:Python package in 'src/camera_py_pkg' passes arguments to the setup() function which requires a different identification extension than 'python'
[0.362s] Level 1:colcon.colcon_core.package_identification:_identify(src/camera_py_pkg) by extensions ['python_setup_py']
[0.362s] Level 1:colcon.colcon_core.package_identification:_identify(src/camera_py_pkg) by extension 'python_setup_py'
[0.707s] DEBUG:colcon.colcon_core.package_identification:Package 'src/camera_py_pkg' with type 'python' and name 'camera_py_pkg'
[0.707s] Level 1:colcon.colcon_core.package_identification:_identify(src/log) by extensions ['ignore', 'ignore_ament_install']
[0.707s] Level 1:colcon.colcon_core.package_identification:_identify(src/log) by extension 'ignore'
[0.707s] Level 1:colcon.colcon_core.package_identification:_identify(src/log) ignored
[0.707s] Level 1:colcon.colcon_core.package_discovery:discover_packages(recursive) using defaults
[0.707s] Level 1:colcon.colcon_core.package_discovery:discover_packages(ignore) discover
[0.707s] Level 1:colcon.colcon_core.package_discovery:discover_packages(ignore) using defaults
[0.707s] Level 1:colcon.colcon_core.package_discovery:discover_packages(path) discover
[0.708s] Level 1:colcon.colcon_core.package_discovery:discover_packages(path) using defaults
[0.731s] Level 1:colcon.colcon_core.package_discovery:discover_packages(prefix_path) check parameters
[0.731s] Level 1:colcon.colcon_core.package_discovery:discover_packages(prefix_path) discover
[0.733s] WARNING:colcon.colcon_ros.prefix_path.ament:The path '/home/achintya/Software/ROSPlayground/camera_ws/install/camera_interface_pkg' in the environment variable AMENT_PREFIX_PATH doesn't exist
[0.733s] WARNING:colcon.colcon_ros.prefix_path.ament:The path '/home/achintya/Software/ROSPlayground/camera_ws/install/camera_cpp_pkg' in the environment variable AMENT_PREFIX_PATH doesn't exist
[0.733s] WARNING:colcon.colcon_ros.prefix_path.catkin:The path '/home/achintya/Software/ROSPlayground/camera_ws/install/camera_interface_pkg' in the environment variable CMAKE_PREFIX_PATH doesn't exist
[0.733s] WARNING:colcon.colcon_ros.prefix_path.catkin:The path '/home/achintya/Software/ROSPlayground/camera_ws/install/camera_cpp_pkg' in the environment variable CMAKE_PREFIX_PATH doesn't exist
[0.734s] DEBUG:colcon.colcon_installed_package_information.package_discovery:Found 4 installed packages in /home/achintya/Software/ROSPlayground/camera_ws_main/install
[0.734s] DEBUG:colcon.colcon_installed_package_information.package_discovery:Found 0 installed packages in /home/achintya/Software/ROSPlayground/camera_ws/install
[0.735s] DEBUG:colcon.colcon_installed_package_information.package_discovery:Found 270 installed packages in /opt/ros/humble
[0.737s] Level 1:colcon.colcon_core.package_discovery:discover_packages(prefix_path) using defaults
[0.801s] Level 5:colcon.colcon_core.verb:set package 'camera_cpp_pkg' build argument 'cmake_args' from command line to 'None'
[0.801s] Level 5:colcon.colcon_core.verb:set package 'camera_cpp_pkg' build argument 'cmake_target' from command line to 'None'
[0.801s] Level 5:colcon.colcon_core.verb:set package 'camera_cpp_pkg' build argument 'cmake_target_skip_unavailable' from command line to 'False'
[0.802s] Level 5:colcon.colcon_core.verb:set package 'camera_cpp_pkg' build argument 'cmake_clean_cache' from command line to 'False'
[0.802s] Level 5:colcon.colcon_core.verb:set package 'camera_cpp_pkg' build argument 'cmake_clean_first' from command line to 'False'
[0.802s] Level 5:colcon.colcon_core.verb:set package 'camera_cpp_pkg' build argument 'cmake_force_configure' from command line to 'False'
[0.802s] Level 5:colcon.colcon_core.verb:set package 'camera_cpp_pkg' build argument 'ament_cmake_args' from command line to 'None'
[0.802s] Level 5:colcon.colcon_core.verb:set package 'camera_cpp_pkg' build argument 'catkin_cmake_args' from command line to 'None'
[0.802s] Level 5:colcon.colcon_core.verb:set package 'camera_cpp_pkg' build argument 'catkin_skip_building_tests' from command line to 'False'
[0.802s] DEBUG:colcon.colcon_core.verb:Building package 'camera_cpp_pkg' with the following arguments: {'ament_cmake_args': None, 'build_base': '/home/achintya/Software/ROSPlayground/camera_ws_main/build/camera_cpp_pkg', 'catkin_cmake_args': None, 'catkin_skip_building_tests': False, 'cmake_args': None, 'cmake_clean_cache': False, 'cmake_clean_first': False, 'cmake_force_configure': False, 'cmake_target': None, 'cmake_target_skip_unavailable': False, 'install_base': '/home/achintya/Software/ROSPlayground/camera_ws_main/install/camera_cpp_pkg', 'merge_install': False, 'path': '/home/achintya/Software/ROSPlayground/camera_ws_main/src/camera_cpp_pkg', 'symlink_install': False, 'test_result_base': None}
[0.803s] Level 5:colcon.colcon_core.verb:set package 'camera_interface_pkg' build argument 'cmake_args' from command line to 'None'
[0.803s] Level 5:colcon.colcon_core.verb:set package 'camera_interface_pkg' build argument 'cmake_target' from command line to 'None'
[0.803s] Level 5:colcon.colcon_core.verb:set package 'camera_interface_pkg' build argument 'cmake_target_skip_unavailable' from command line to 'False'
[0.803s] Level 5:colcon.colcon_core.verb:set package 'camera_interface_pkg' build argument 'cmake_clean_cache' from command line to 'False'
[0.803s] Level 5:colcon.colcon_core.verb:set package 'camera_interface_pkg' build argument 'cmake_clean_first' from command line to 'False'
[0.803s] Level 5:colcon.colcon_core.verb:set package 'camera_interface_pkg' build argument 'cmake_force_configure' from command line to 'False'
[0.803s] Level 5:colcon.colcon_core.verb:set package 'camera_interface_pkg' build argument 'ament_cmake_args' from command line to 'None'
[0.803s] Level 5:colcon.colcon_core.verb:set package 'camera_interface_pkg' build argument 'catkin_cmake_args' from command line to 'None'
[0.803s] Level 5:colcon.colcon_core.verb:set package 'camera_interface_pkg' build argument 'catkin_skip_building_tests' from command line to 'False'
[0.803s] DEBUG:colcon.colcon_core.verb:Building package 'camera_interface_pkg' with the following arguments: {'ament_cmake_args': None, 'build_base': '/home/achintya/Software/ROSPlayground/camera_ws_main/build/camera_interface_pkg', 'catkin_cmake_args': None, 'catkin_skip_building_tests': False, 'cmake_args': None, 'cmake_clean_cache': False, 'cmake_clean_first': False, 'cmake_force_configure': False, 'cmake_target': None, 'cmake_target_skip_unavailable': False, 'install_base': '/home/achintya/Software/ROSPlayground/camera_ws_main/install/camera_interface_pkg', 'merge_install': False, 'path': '/home/achintya/Software/ROSPlayground/camera_ws_main/src/camera_interface_pkg', 'symlink_install': False, 'test_result_base': None}
[0.804s] Level 5:colcon.colcon_core.verb:set package 'camera_py_pkg' build argument 'cmake_args' from command line to 'None'
[0.804s] Level 5:colcon.colcon_core.verb:set package 'camera_py_pkg' build argument 'cmake_target' from command line to 'None'
[0.804s] Level 5:colcon.colcon_core.verb:set package 'camera_py_pkg' build argument 'cmake_target_skip_unavailable' from command line to 'False'
[0.804s] Level 5:colcon.colcon_core.verb:set package 'camera_py_pkg' build argument 'cmake_clean_cache' from command line to 'False'
[0.804s] Level 5:colcon.colcon_core.verb:set package 'camera_py_pkg' build argument 'cmake_clean_first' from command line to 'False'
[0.804s] Level 5:colcon.colcon_core.verb:set package 'camera_py_pkg' build argument 'cmake_force_configure' from command line to 'False'
[0.805s] Level 5:colcon.colcon_core.verb:set package 'camera_py_pkg' build argument 'ament_cmake_args' from command line to 'None'
[0.805s] Level 5:colcon.colcon_core.verb:set package 'camera_py_pkg' build argument 'catkin_cmake_args' from command line to 'None'
[0.805s] Level 5:colcon.colcon_core.verb:set package 'camera_py_pkg' build argument 'catkin_skip_building_tests' from command line to 'False'
[0.805s] DEBUG:colcon.colcon_core.verb:Building package 'camera_py_pkg' with the following arguments: {'ament_cmake_args': None, 'build_base': '/home/achintya/Software/ROSPlayground/camera_ws_main/build/camera_py_pkg', 'catkin_cmake_args': None, 'catkin_skip_building_tests': False, 'cmake_args': None, 'cmake_clean_cache': False, 'cmake_clean_first': False, 'cmake_force_configure': False, 'cmake_target': None, 'cmake_target_skip_unavailable': False, 'install_base': '/home/achintya/Software/ROSPlayground/camera_ws_main/install/camera_py_pkg', 'merge_install': False, 'path': '/home/achintya/Software/ROSPlayground/camera_ws_main/src/camera_py_pkg', 'symlink_install': False, 'test_result_base': None}
[0.805s] Level 5:colcon.colcon_core.verb:set package 'camera_bringup_pkg' build argument 'cmake_args' from command line to 'None'
[0.805s] Level 5:colcon.colcon_core.verb:set package 'camera_bringup_pkg' build argument 'cmake_target' from command line to 'None'
[0.805s] Level 5:colcon.colcon_core.verb:set package 'camera_bringup_pkg' build argument 'cmake_target_skip_unavailable' from command line to 'False'
[0.805s] Level 5:colcon.colcon_core.verb:set package 'camera_bringup_pkg' build argument 'cmake_clean_cache' from command line to 'False'
[0.806s] Level 5:colcon.colcon_core.verb:set package 'camera_bringup_pkg' build argument 'cmake_clean_first' from command line to 'False'
[0.806s] Level 5:colcon.colcon_core.verb:set package 'camera_bringup_pkg' build argument 'cmake_force_configure' from command line to 'False'
[0.806s] Level 5:colcon.colcon_core.verb:set package 'camera_bringup_pkg' build argument 'ament_cmake_args' from command line to 'None'
[0.806s] Level 5:colcon.colcon_core.verb:set package 'camera_bringup_pkg' build argument 'catkin_cmake_args' from command line to 'None'
[0.806s] Level 5:colcon.colcon_core.verb:set package 'camera_bringup_pkg' build argument 'catkin_skip_building_tests' from command line to 'False'
[0.806s] DEBUG:colcon.colcon_core.verb:Building package 'camera_bringup_pkg' with the following arguments: {'ament_cmake_args': None, 'build_base': '/home/achintya/Software/ROSPlayground/camera_ws_main/build/camera_bringup_pkg', 'catkin_cmake_args': None, 'catkin_skip_building_tests': False, 'cmake_args': None, 'cmake_clean_cache': False, 'cmake_clean_first': False, 'cmake_force_configure': False, 'cmake_target': None, 'cmake_target_skip_unavailable': False, 'install_base': '/home/achintya/Software/ROSPlayground/camera_ws_main/install/camera_bringup_pkg', 'merge_install': False, 'path': '/home/achintya/Software/ROSPlayground/camera_ws_main/src/camera_bringup_pkg', 'symlink_install': False, 'test_result_base': None}
[0.806s] INFO:colcon.colcon_core.executor:Executing jobs using 'parallel' executor
[0.808s] DEBUG:colcon.colcon_parallel_executor.executor.parallel:run_until_complete
[0.808s] INFO:colcon.colcon_ros.task.ament_cmake.build:Building ROS package in '/home/achintya/Software/ROSPlayground/camera_ws_main/src/camera_cpp_pkg' with build type 'ament_cmake'
[0.809s] INFO:colcon.colcon_cmake.task.cmake.build:Building CMake package in '/home/achintya/Software/ROSPlayground/camera_ws_main/src/camera_cpp_pkg'
[0.811s] INFO:colcon.colcon_core.plugin_system:Skipping extension 'colcon_core.shell.bat': Not used on non-Windows systems
[0.811s] INFO:colcon.colcon_core.shell:Skip shell extension 'powershell' for command environment: Not usable outside of PowerShell
[0.811s] DEBUG:colcon.colcon_core.shell:Skip shell extension 'dsv' for command environment
[0.816s] INFO:colcon.colcon_core.task.python.build:Building Python package in '/home/achintya/Software/ROSPlayground/camera_ws_main/src/camera_py_pkg'
[0.816s] INFO:colcon.colcon_core.shell:Skip shell extension 'powershell' for command environment: Not usable outside of PowerShell
[0.816s] DEBUG:colcon.colcon_core.shell:Skip shell extension 'dsv' for command environment
[0.820s] INFO:colcon.colcon_ros.task.ament_cmake.build:Building ROS package in '/home/achintya/Software/ROSPlayground/camera_ws_main/src/camera_interface_pkg' with build type 'ament_cmake'
[0.820s] INFO:colcon.colcon_cmake.task.cmake.build:Building CMake package in '/home/achintya/Software/ROSPlayground/camera_ws_main/src/camera_interface_pkg'
[0.820s] INFO:colcon.colcon_core.shell:Skip shell extension 'powershell' for command environment: Not usable outside of PowerShell
[0.821s] DEBUG:colcon.colcon_core.shell:Skip shell extension 'dsv' for command environment
[0.832s] DEBUG:colcon.colcon_core.event_handler.log_command:Invoking command in '/home/achintya/Software/ROSPlayground/camera_ws_main/build/camera_cpp_pkg': CMAKE_PREFIX_PATH=${CMAKE_PREFIX_PATH}:/home/achintya/Software/ROSPlayground/camera_ws_main/install/camera_py_pkg:/opt/ros/humble /usr/bin/cmake --build /home/achintya/Software/ROSPlayground/camera_ws_main/build/camera_cpp_pkg -- -j8 -l8
[1.192s] DEBUG:colcon.colcon_core.event_handler.log_command:Invoking command in '/home/achintya/Software/ROSPlayground/camera_ws_main/build/camera_interface_pkg': CMAKE_PREFIX_PATH=${CMAKE_PREFIX_PATH}:/home/achintya/Software/ROSPlayground/camera_ws_main/install/camera_py_pkg:/opt/ros/humble /usr/bin/cmake --build /home/achintya/Software/ROSPlayground/camera_ws_main/build/camera_interface_pkg -- -j8 -l8
[1.193s] DEBUG:colcon.colcon_core.event_handler.log_command:Invoked command in '/home/achintya/Software/ROSPlayground/camera_ws_main/build/camera_cpp_pkg' returned '0': CMAKE_PREFIX_PATH=${CMAKE_PREFIX_PATH}:/home/achintya/Software/ROSPlayground/camera_ws_main/install/camera_py_pkg:/opt/ros/humble /usr/bin/cmake --build /home/achintya/Software/ROSPlayground/camera_ws_main/build/camera_cpp_pkg -- -j8 -l8
[1.202s] DEBUG:colcon.colcon_core.event_handler.log_command:Invoking command in '/home/achintya/Software/ROSPlayground/camera_ws_main/build/camera_cpp_pkg': CMAKE_PREFIX_PATH=${CMAKE_PREFIX_PATH}:/home/achintya/Software/ROSPlayground/camera_ws_main/install/camera_py_pkg:/opt/ros/humble /usr/bin/cmake --install /home/achintya/Software/ROSPlayground/camera_ws_main/build/camera_cpp_pkg
[1.211s] Level 1:colcon.colcon_core.environment:create_environment_scripts_only(camera_cpp_pkg)
[1.212s] DEBUG:colcon.colcon_core.event_handler.log_command:Invoked command in '/home/achintya/Software/ROSPlayground/camera_ws_main/build/camera_cpp_pkg' returned '0': CMAKE_PREFIX_PATH=${CMAKE_PREFIX_PATH}:/home/achintya/Software/ROSPlayground/camera_ws_main/install/camera_py_pkg:/opt/ros/humble /usr/bin/cmake --install /home/achintya/Software/ROSPlayground/camera_ws_main/build/camera_cpp_pkg
[1.216s] Level 1:colcon.colcon_core.environment:checking '/home/achintya/Software/ROSPlayground/camera_ws_main/install/camera_cpp_pkg' for CMake module files
[1.217s] Level 1:colcon.colcon_core.environment:checking '/home/achintya/Software/ROSPlayground/camera_ws_main/install/camera_cpp_pkg' for CMake config files
[1.217s] Level 1:colcon.colcon_core.shell:create_environment_hook('camera_cpp_pkg', 'cmake_prefix_path')
[1.218s] INFO:colcon.colcon_core.shell:Creating environment hook '/home/achintya/Software/ROSPlayground/camera_ws_main/install/camera_cpp_pkg/share/camera_cpp_pkg/hook/cmake_prefix_path.ps1'
[1.219s] INFO:colcon.colcon_core.shell:Creating environment descriptor '/home/achintya/Software/ROSPlayground/camera_ws_main/install/camera_cpp_pkg/share/camera_cpp_pkg/hook/cmake_prefix_path.dsv'
[1.220s] INFO:colcon.colcon_core.shell:Creating environment hook '/home/achintya/Software/ROSPlayground/camera_ws_main/install/camera_cpp_pkg/share/camera_cpp_pkg/hook/cmake_prefix_path.sh'
[1.222s] Level 1:colcon.colcon_core.environment:checking '/home/achintya/Software/ROSPlayground/camera_ws_main/install/camera_cpp_pkg/bin'
[1.222s] Level 1:colcon.colcon_core.environment:checking '/home/achintya/Software/ROSPlayground/camera_ws_main/install/camera_cpp_pkg/lib/pkgconfig/camera_cpp_pkg.pc'
[1.222s] Level 1:colcon.colcon_core.environment:checking '/home/achintya/Software/ROSPlayground/camera_ws_main/install/camera_cpp_pkg/lib/python3.10/site-packages'
[1.223s] Level 1:colcon.colcon_core.environment:checking '/home/achintya/Software/ROSPlayground/camera_ws_main/install/camera_cpp_pkg/bin'
[1.223s] INFO:colcon.colcon_core.shell:Creating package script '/home/achintya/Software/ROSPlayground/camera_ws_main/install/camera_cpp_pkg/share/camera_cpp_pkg/package.ps1'
[1.225s] INFO:colcon.colcon_core.shell:Creating package descriptor '/home/achintya/Software/ROSPlayground/camera_ws_main/install/camera_cpp_pkg/share/camera_cpp_pkg/package.dsv'
[1.225s] INFO:colcon.colcon_core.shell:Creating package script '/home/achintya/Software/ROSPlayground/camera_ws_main/install/camera_cpp_pkg/share/camera_cpp_pkg/package.sh'
[1.226s] INFO:colcon.colcon_core.shell:Creating package script '/home/achintya/Software/ROSPlayground/camera_ws_main/install/camera_cpp_pkg/share/camera_cpp_pkg/package.bash'
[1.227s] INFO:colcon.colcon_core.shell:Creating package script '/home/achintya/Software/ROSPlayground/camera_ws_main/install/camera_cpp_pkg/share/camera_cpp_pkg/package.zsh'
[1.228s] Level 1:colcon.colcon_core.environment:create_file_with_runtime_dependencies(/home/achintya/Software/ROSPlayground/camera_ws_main/install/camera_cpp_pkg/share/colcon-core/packages/camera_cpp_pkg)
[1.228s] Level 1:colcon.colcon_core.environment:create_environment_scripts_only(camera_cpp_pkg)
[1.228s] Level 1:colcon.colcon_core.environment:checking '/home/achintya/Software/ROSPlayground/camera_ws_main/install/camera_cpp_pkg' for CMake module files
[1.229s] Level 1:colcon.colcon_core.environment:checking '/home/achintya/Software/ROSPlayground/camera_ws_main/install/camera_cpp_pkg' for CMake config files
[1.230s] Level 1:colcon.colcon_core.shell:create_environment_hook('camera_cpp_pkg', 'cmake_prefix_path')
[1.230s] INFO:colcon.colcon_core.shell:Creating environment hook '/home/achintya/Software/ROSPlayground/camera_ws_main/install/camera_cpp_pkg/share/camera_cpp_pkg/hook/cmake_prefix_path.ps1'
[1.230s] INFO:colcon.colcon_core.shell:Creating environment descriptor '/home/achintya/Software/ROSPlayground/camera_ws_main/install/camera_cpp_pkg/share/camera_cpp_pkg/hook/cmake_prefix_path.dsv'
[1.231s] INFO:colcon.colcon_core.shell:Creating environment hook '/home/achintya/Software/ROSPlayground/camera_ws_main/install/camera_cpp_pkg/share/camera_cpp_pkg/hook/cmake_prefix_path.sh'
[1.231s] Level 1:colcon.colcon_core.environment:checking '/home/achintya/Software/ROSPlayground/camera_ws_main/install/camera_cpp_pkg/bin'
[1.231s] Level 1:colcon.colcon_core.environment:checking '/home/achintya/Software/ROSPlayground/camera_ws_main/install/camera_cpp_pkg/lib/pkgconfig/camera_cpp_pkg.pc'
[1.232s] Level 1:colcon.colcon_core.environment:checking '/home/achintya/Software/ROSPlayground/camera_ws_main/install/camera_cpp_pkg/lib/python3.10/site-packages'
[1.232s] Level 1:colcon.colcon_core.environment:checking '/home/achintya/Software/ROSPlayground/camera_ws_main/install/camera_cpp_pkg/bin'
[1.232s] INFO:colcon.colcon_core.shell:Creating package script '/home/achintya/Software/ROSPlayground/camera_ws_main/install/camera_cpp_pkg/share/camera_cpp_pkg/package.ps1'
[1.233s] INFO:colcon.colcon_core.shell:Creating package descriptor '/home/achintya/Software/ROSPlayground/camera_ws_main/install/camera_cpp_pkg/share/camera_cpp_pkg/package.dsv'
[1.233s] INFO:colcon.colcon_core.shell:Creating package script '/home/achintya/Software/ROSPlayground/camera_ws_main/install/camera_cpp_pkg/share/camera_cpp_pkg/package.sh'
[1.234s] INFO:colcon.colcon_core.shell:Creating package script '/home/achintya/Software/ROSPlayground/camera_ws_main/install/camera_cpp_pkg/share/camera_cpp_pkg/package.bash'
[1.234s] INFO:colcon.colcon_core.shell:Creating package script '/home/achintya/Software/ROSPlayground/camera_ws_main/install/camera_cpp_pkg/share/camera_cpp_pkg/package.zsh'
[1.235s] Level 1:colcon.colcon_core.environment:create_file_with_runtime_dependencies(/home/achintya/Software/ROSPlayground/camera_ws_main/install/camera_cpp_pkg/share/colcon-core/packages/camera_cpp_pkg)
[1.689s] DEBUG:colcon.colcon_core.event_handler.log_command:Invoked command in '/home/achintya/Software/ROSPlayground/camera_ws_main/build/camera_interface_pkg' returned '0': CMAKE_PREFIX_PATH=${CMAKE_PREFIX_PATH}:/home/achintya/Software/ROSPlayground/camera_ws_main/install/camera_py_pkg:/opt/ros/humble /usr/bin/cmake --build /home/achintya/Software/ROSPlayground/camera_ws_main/build/camera_interface_pkg -- -j8 -l8
[1.691s] DEBUG:colcon.colcon_core.event_handler.log_command:Invoking command in '/home/achintya/Software/ROSPlayground/camera_ws_main/build/camera_interface_pkg': CMAKE_PREFIX_PATH=${CMAKE_PREFIX_PATH}:/home/achintya/Software/ROSPlayground/camera_ws_main/install/camera_py_pkg:/opt/ros/humble /usr/bin/cmake --install /home/achintya/Software/ROSPlayground/camera_ws_main/build/camera_interface_pkg
[1.763s] Level 1:colcon.colcon_core.environment:create_environment_scripts_only(camera_interface_pkg)
[1.764s] Level 1:colcon.colcon_core.environment:checking '/home/achintya/Software/ROSPlayground/camera_ws_main/install/camera_interface_pkg' for CMake module files
[1.764s] DEBUG:colcon.colcon_core.event_handler.log_command:Invoked command in '/home/achintya/Software/ROSPlayground/camera_ws_main/build/camera_interface_pkg' returned '0': CMAKE_PREFIX_PATH=${CMAKE_PREFIX_PATH}:/home/achintya/Software/ROSPlayground/camera_ws_main/install/camera_py_pkg:/opt/ros/humble /usr/bin/cmake --install /home/achintya/Software/ROSPlayground/camera_ws_main/build/camera_interface_pkg
[1.765s] Level 1:colcon.colcon_core.environment:checking '/home/achintya/Software/ROSPlayground/camera_ws_main/install/camera_interface_pkg' for CMake config files
[1.765s] Level 1:colcon.colcon_core.shell:create_environment_hook('camera_interface_pkg', 'cmake_prefix_path')
[1.765s] INFO:colcon.colcon_core.shell:Creating environment hook '/home/achintya/Software/ROSPlayground/camera_ws_main/install/camera_interface_pkg/share/camera_interface_pkg/hook/cmake_prefix_path.ps1'
[1.766s] INFO:colcon.colcon_core.shell:Creating environment descriptor '/home/achintya/Software/ROSPlayground/camera_ws_main/install/camera_interface_pkg/share/camera_interface_pkg/hook/cmake_prefix_path.dsv'
[1.766s] INFO:colcon.colcon_core.shell:Creating environment hook '/home/achintya/Software/ROSPlayground/camera_ws_main/install/camera_interface_pkg/share/camera_interface_pkg/hook/cmake_prefix_path.sh'
[1.767s] Level 1:colcon.colcon_core.environment:checking '/home/achintya/Software/ROSPlayground/camera_ws_main/install/camera_interface_pkg/lib'
[1.767s] Level 1:colcon.colcon_core.shell:create_environment_hook('camera_interface_pkg', 'ld_library_path_lib')
[1.768s] INFO:colcon.colcon_core.shell:Creating environment hook '/home/achintya/Software/ROSPlayground/camera_ws_main/install/camera_interface_pkg/share/camera_interface_pkg/hook/ld_library_path_lib.ps1'
[1.768s] INFO:colcon.colcon_core.shell:Creating environment descriptor '/home/achintya/Software/ROSPlayground/camera_ws_main/install/camera_interface_pkg/share/camera_interface_pkg/hook/ld_library_path_lib.dsv'
[1.768s] INFO:colcon.colcon_core.shell:Creating environment hook '/home/achintya/Software/ROSPlayground/camera_ws_main/install/camera_interface_pkg/share/camera_interface_pkg/hook/ld_library_path_lib.sh'
[1.769s] Level 1:colcon.colcon_core.environment:checking '/home/achintya/Software/ROSPlayground/camera_ws_main/install/camera_interface_pkg/bin'
[1.769s] Level 1:colcon.colcon_core.environment:checking '/home/achintya/Software/ROSPlayground/camera_ws_main/install/camera_interface_pkg/lib/pkgconfig/camera_interface_pkg.pc'
[1.769s] Level 1:colcon.colcon_core.environment:checking '/home/achintya/Software/ROSPlayground/camera_ws_main/install/camera_interface_pkg/lib/python3.10/site-packages'
[1.769s] Level 1:colcon.colcon_core.environment:checking '/home/achintya/Software/ROSPlayground/camera_ws_main/install/camera_interface_pkg/bin'
[1.770s] INFO:colcon.colcon_core.shell:Creating package script '/home/achintya/Software/ROSPlayground/camera_ws_main/install/camera_interface_pkg/share/camera_interface_pkg/package.ps1'
[1.770s] INFO:colcon.colcon_core.shell:Creating package descriptor '/home/achintya/Software/ROSPlayground/camera_ws_main/install/camera_interface_pkg/share/camera_interface_pkg/package.dsv'
[1.771s] INFO:colcon.colcon_core.shell:Creating package script '/home/achintya/Software/ROSPlayground/camera_ws_main/install/camera_interface_pkg/share/camera_interface_pkg/package.sh'
[1.771s] INFO:colcon.colcon_core.shell:Creating package script '/home/achintya/Software/ROSPlayground/camera_ws_main/install/camera_interface_pkg/share/camera_interface_pkg/package.bash'
[1.771s] INFO:colcon.colcon_core.shell:Creating package script '/home/achintya/Software/ROSPlayground/camera_ws_main/install/camera_interface_pkg/share/camera_interface_pkg/package.zsh'
[1.772s] Level 1:colcon.colcon_core.environment:create_file_with_runtime_dependencies(/home/achintya/Software/ROSPlayground/camera_ws_main/install/camera_interface_pkg/share/colcon-core/packages/camera_interface_pkg)
[1.773s] Level 1:colcon.colcon_core.environment:create_environment_scripts_only(camera_interface_pkg)
[1.773s] Level 1:colcon.colcon_core.environment:checking '/home/achintya/Software/ROSPlayground/camera_ws_main/install/camera_interface_pkg' for CMake module files
[1.773s] Level 1:colcon.colcon_core.environment:checking '/home/achintya/Software/ROSPlayground/camera_ws_main/install/camera_interface_pkg' for CMake config files
[1.774s] Level 1:colcon.colcon_core.shell:create_environment_hook('camera_interface_pkg', 'cmake_prefix_path')
[1.774s] INFO:colcon.colcon_core.shell:Creating environment hook '/home/achintya/Software/ROSPlayground/camera_ws_main/install/camera_interface_pkg/share/camera_interface_pkg/hook/cmake_prefix_path.ps1'
[1.775s] INFO:colcon.colcon_core.shell:Creating environment descriptor '/home/achintya/Software/ROSPlayground/camera_ws_main/install/camera_interface_pkg/share/camera_interface_pkg/hook/cmake_prefix_path.dsv'
[1.775s] INFO:colcon.colcon_core.shell:Creating environment hook '/home/achintya/Software/ROSPlayground/camera_ws_main/install/camera_interface_pkg/share/camera_interface_pkg/hook/cmake_prefix_path.sh'
[1.775s] Level 1:colcon.colcon_core.environment:checking '/home/achintya/Software/ROSPlayground/camera_ws_main/install/camera_interface_pkg/lib'
[1.776s] Level 1:colcon.colcon_core.shell:create_environment_hook('camera_interface_pkg', 'ld_library_path_lib')
[1.776s] INFO:colcon.colcon_core.shell:Creating environment hook '/home/achintya/Software/ROSPlayground/camera_ws_main/install/camera_interface_pkg/share/camera_interface_pkg/hook/ld_library_path_lib.ps1'
[1.776s] INFO:colcon.colcon_core.shell:Creating environment descriptor '/home/achintya/Software/ROSPlayground/camera_ws_main/install/camera_interface_pkg/share/camera_interface_pkg/hook/ld_library_path_lib.dsv'
[1.776s] INFO:colcon.colcon_core.shell:Creating environment hook '/home/achintya/Software/ROSPlayground/camera_ws_main/install/camera_interface_pkg/share/camera_interface_pkg/hook/ld_library_path_lib.sh'
[1.777s] Level 1:colcon.colcon_core.environment:checking '/home/achintya/Software/ROSPlayground/camera_ws_main/install/camera_interface_pkg/bin'
[1.777s] Level 1:colcon.colcon_core.environment:checking '/home/achintya/Software/ROSPlayground/camera_ws_main/install/camera_interface_pkg/lib/pkgconfig/camera_interface_pkg.pc'
[1.777s] Level 1:colcon.colcon_core.environment:checking '/home/achintya/Software/ROSPlayground/camera_ws_main/install/camera_interface_pkg/lib/python3.10/site-packages'
[1.777s] Level 1:colcon.colcon_core.environment:checking '/home/achintya/Software/ROSPlayground/camera_ws_main/install/camera_interface_pkg/bin'
[1.778s] INFO:colcon.colcon_core.shell:Creating package script '/home/achintya/Software/ROSPlayground/camera_ws_main/install/camera_interface_pkg/share/camera_interface_pkg/package.ps1'
[1.778s] INFO:colcon.colcon_core.shell:Creating package descriptor '/home/achintya/Software/ROSPlayground/camera_ws_main/install/camera_interface_pkg/share/camera_interface_pkg/package.dsv'
[1.779s] INFO:colcon.colcon_core.shell:Creating package script '/home/achintya/Software/ROSPlayground/camera_ws_main/install/camera_interface_pkg/share/camera_interface_pkg/package.sh'
[1.779s] INFO:colcon.colcon_core.shell:Creating package script '/home/achintya/Software/ROSPlayground/camera_ws_main/install/camera_interface_pkg/share/camera_interface_pkg/package.bash'
[1.779s] INFO:colcon.colcon_core.shell:Creating package script '/home/achintya/Software/ROSPlayground/camera_ws_main/install/camera_interface_pkg/share/camera_interface_pkg/package.zsh'
[1.780s] Level 1:colcon.colcon_core.environment:create_file_with_runtime_dependencies(/home/achintya/Software/ROSPlayground/camera_ws_main/install/camera_interface_pkg/share/colcon-core/packages/camera_interface_pkg)
[1.784s] DEBUG:colcon.colcon_core.event_handler.log_command:Invoking command in '/home/achintya/Software/ROSPlayground/camera_ws_main/src/camera_py_pkg': PYTHONPATH=/home/achintya/Software/ROSPlayground/camera_ws_main/build/camera_py_pkg/prefix_override:/usr/lib/python3/dist-packages/colcon_core/task/python/colcon_distutils_commands:/home/achintya/Software/ROSPlayground/camera_ws_main/install/camera_py_pkg/lib/python3.10/site-packages:${PYTHONPATH} /usr/bin/python3 -W ignore:setup.py install is deprecated -W ignore:easy_install command is deprecated setup.py egg_info --egg-base ../../build/camera_py_pkg build --build-base /home/achintya/Software/ROSPlayground/camera_ws_main/build/camera_py_pkg/build install --record /home/achintya/Software/ROSPlayground/camera_ws_main/build/camera_py_pkg/install.log --single-version-externally-managed install_data
[2.194s] Level 1:colcon.colcon_core.environment:checking '/home/achintya/Software/ROSPlayground/camera_ws_main/install/camera_py_pkg' for CMake module files
[2.194s] DEBUG:colcon.colcon_core.event_handler.log_command:Invoked command in '/home/achintya/Software/ROSPlayground/camera_ws_main/src/camera_py_pkg' returned '0': PYTHONPATH=/home/achintya/Software/ROSPlayground/camera_ws_main/build/camera_py_pkg/prefix_override:/usr/lib/python3/dist-packages/colcon_core/task/python/colcon_distutils_commands:/home/achintya/Software/ROSPlayground/camera_ws_main/install/camera_py_pkg/lib/python3.10/site-packages:${PYTHONPATH} /usr/bin/python3 -W ignore:setup.py install is deprecated -W ignore:easy_install command is deprecated setup.py egg_info --egg-base ../../build/camera_py_pkg build --build-base /home/achintya/Software/ROSPlayground/camera_ws_main/build/camera_py_pkg/build install --record /home/achintya/Software/ROSPlayground/camera_ws_main/build/camera_py_pkg/install.log --single-version-externally-managed install_data
[2.195s] Level 1:colcon.colcon_core.environment:checking '/home/achintya/Software/ROSPlayground/camera_ws_main/install/camera_py_pkg' for CMake config files
[2.195s] Level 1:colcon.colcon_core.environment:checking '/home/achintya/Software/ROSPlayground/camera_ws_main/install/camera_py_pkg/lib'
[2.195s] Level 1:colcon.colcon_core.environment:checking '/home/achintya/Software/ROSPlayground/camera_ws_main/install/camera_py_pkg/bin'
[2.195s] Level 1:colcon.colcon_core.environment:checking '/home/achintya/Software/ROSPlayground/camera_ws_main/install/camera_py_pkg/lib/pkgconfig/camera_py_pkg.pc'
[2.196s] Level 1:colcon.colcon_core.environment:checking '/home/achintya/Software/ROSPlayground/camera_ws_main/install/camera_py_pkg/lib/python3.10/site-packages'
[2.196s] Level 1:colcon.colcon_core.shell:create_environment_hook('camera_py_pkg', 'pythonpath')
[2.196s] INFO:colcon.colcon_core.shell:Creating environment hook '/home/achintya/Software/ROSPlayground/camera_ws_main/install/camera_py_pkg/share/camera_py_pkg/hook/pythonpath.ps1'
[2.196s] INFO:colcon.colcon_core.shell:Creating environment descriptor '/home/achintya/Software/ROSPlayground/camera_ws_main/install/camera_py_pkg/share/camera_py_pkg/hook/pythonpath.dsv'
[2.197s] INFO:colcon.colcon_core.shell:Creating environment hook '/home/achintya/Software/ROSPlayground/camera_ws_main/install/camera_py_pkg/share/camera_py_pkg/hook/pythonpath.sh'
[2.197s] Level 1:colcon.colcon_core.environment:checking '/home/achintya/Software/ROSPlayground/camera_ws_main/install/camera_py_pkg/bin'
[2.197s] Level 1:colcon.colcon_core.environment:create_environment_scripts_only(camera_py_pkg)
[2.198s] INFO:colcon.colcon_core.shell:Creating package script '/home/achintya/Software/ROSPlayground/camera_ws_main/install/camera_py_pkg/share/camera_py_pkg/package.ps1'
[2.198s] INFO:colcon.colcon_core.shell:Creating package descriptor '/home/achintya/Software/ROSPlayground/camera_ws_main/install/camera_py_pkg/share/camera_py_pkg/package.dsv'
[2.198s] INFO:colcon.colcon_core.shell:Creating package script '/home/achintya/Software/ROSPlayground/camera_ws_main/install/camera_py_pkg/share/camera_py_pkg/package.sh'
[2.199s] INFO:colcon.colcon_core.shell:Creating package script '/home/achintya/Software/ROSPlayground/camera_ws_main/install/camera_py_pkg/share/camera_py_pkg/package.bash'
[2.199s] INFO:colcon.colcon_core.shell:Creating package script '/home/achintya/Software/ROSPlayground/camera_ws_main/install/camera_py_pkg/share/camera_py_pkg/package.zsh'
[2.199s] Level 1:colcon.colcon_core.environment:create_file_with_runtime_dependencies(/home/achintya/Software/ROSPlayground/camera_ws_main/install/camera_py_pkg/share/colcon-core/packages/camera_py_pkg)
[2.200s] INFO:colcon.colcon_ros.task.ament_cmake.build:Building ROS package in '/home/achintya/Software/ROSPlayground/camera_ws_main/src/camera_bringup_pkg' with build type 'ament_cmake'
[2.200s] INFO:colcon.colcon_cmake.task.cmake.build:Building CMake package in '/home/achintya/Software/ROSPlayground/camera_ws_main/src/camera_bringup_pkg'
[2.200s] INFO:colcon.colcon_core.shell:Skip shell extension 'powershell' for command environment: Not usable outside of PowerShell
[2.200s] DEBUG:colcon.colcon_core.shell:Skip shell extension 'dsv' for command environment
[2.211s] DEBUG:colcon.colcon_core.event_handler.log_command:Invoking command in '/home/achintya/Software/ROSPlayground/camera_ws_main/build/camera_bringup_pkg': CMAKE_PREFIX_PATH=/home/achintya/Software/ROSPlayground/camera_ws_main/install/camera_cpp_pkg:/home/achintya/Software/ROSPlayground/camera_ws_main/install/camera_bringup_pkg:/home/achintya/Software/ROSPlayground/camera_ws_main/install/camera_interface_pkg:/home/achintya/Software/ROSPlayground/camera_ws/install/camera_interface_pkg:/home/achintya/Software/ROSPlayground/camera_ws/install/camera_cpp_pkg:/home/achintya/Software/ROSPlayground/camera_ws_main/install/camera_py_pkg:/opt/ros/humble PYTHONPATH=/home/achintya/Software/ROSPlayground/camera_ws_main/install/camera_py_pkg/lib/python3.10/site-packages:/home/achintya/Software/ROSPlayground/camera_ws_main/install/camera_interface_pkg/local/lib/python3.10/dist-packages:/home/achintya/Software/ROSPlayground/camera_ws/install/camera_interface_pkg/local/lib/python3.10/dist-packages:/opt/ros/humble/lib/python3.10/site-packages:/opt/ros/humble/local/lib/python3.10/dist-packages:/home/pi/tensorflow1/models/research:/home/pi/tensorflow1/models/research/slim:/home/pi/tensorflow1/models/research:/home/pi/tensorflow1/models/research/slim:/home/pi/tensorflow1/models/research:/home/pi/tensorflow1/models/research/slim:/home/pi/tensorflow1/models/research:/home/pi/tensorflow1/models/research/slim:/home/pi/tensorflow1/models/research:/home/pi/tensorflow1/models/research/slim:/home/pi/tensorflow1/models/research:/home/pi/tensorflow1/models/research/slim:/home/pi/tensorflow1/models/research:/home/pi/tensorflow1/models/research/slim:/home/pi/tensorflow1/models/research:/home/pi/tensorflow1/models/research/slim:/home/pi/tensorflow1/models/research:/home/pi/tensorflow1/models/research/slim:/home/pi/tensorflow1/models/research:/home/pi/tensorflow1/models/research/slim /usr/bin/cmake --build /home/achintya/Software/ROSPlayground/camera_ws_main/build/camera_bringup_pkg -- -j8 -l8
[2.254s] DEBUG:colcon.colcon_core.event_handler.log_command:Invoked command in '/home/achintya/Software/ROSPlayground/camera_ws_main/build/camera_bringup_pkg' returned '0': CMAKE_PREFIX_PATH=/home/achintya/Software/ROSPlayground/camera_ws_main/install/camera_cpp_pkg:/home/achintya/Software/ROSPlayground/camera_ws_main/install/camera_bringup_pkg:/home/achintya/Software/ROSPlayground/camera_ws_main/install/camera_interface_pkg:/home/achintya/Software/ROSPlayground/camera_ws/install/camera_interface_pkg:/home/achintya/Software/ROSPlayground/camera_ws/install/camera_cpp_pkg:/home/achintya/Software/ROSPlayground/camera_ws_main/install/camera_py_pkg:/opt/ros/humble PYTHONPATH=/home/achintya/Software/ROSPlayground/camera_ws_main/install/camera_py_pkg/lib/python3.10/site-packages:/home/achintya/Software/ROSPlayground/camera_ws_main/install/camera_interface_pkg/local/lib/python3.10/dist-packages:/home/achintya/Software/ROSPlayground/camera_ws/install/camera_interface_pkg/local/lib/python3.10/dist-packages:/opt/ros/humble/lib/python3.10/site-packages:/opt/ros/humble/local/lib/python3.10/dist-packages:/home/pi/tensorflow1/models/research:/home/pi/tensorflow1/models/research/slim:/home/pi/tensorflow1/models/research:/home/pi/tensorflow1/models/research/slim:/home/pi/tensorflow1/models/research:/home/pi/tensorflow1/models/research/slim:/home/pi/tensorflow1/models/research:/home/pi/tensorflow1/models/research/slim:/home/pi/tensorflow1/models/research:/home/pi/tensorflow1/models/research/slim:/home/pi/tensorflow1/models/research:/home/pi/tensorflow1/models/research/slim:/home/pi/tensorflow1/models/research:/home/pi/tensorflow1/models/research/slim:/home/pi/tensorflow1/models/research:/home/pi/tensorflow1/models/research/slim:/home/pi/tensorflow1/models/research:/home/pi/tensorflow1/models/research/slim:/home/pi/tensorflow1/models/research:/home/pi/tensorflow1/models/research/slim /usr/bin/cmake --build /home/achintya/Software/ROSPlayground/camera_ws_main/build/camera_bringup_pkg -- -j8 -l8
[2.256s] DEBUG:colcon.colcon_core.event_handler.log_command:Invoking command in '/home/achintya/Software/ROSPlayground/camera_ws_main/build/camera_bringup_pkg': CMAKE_PREFIX_PATH=/home/achintya/Software/ROSPlayground/camera_ws_main/install/camera_cpp_pkg:/home/achintya/Software/ROSPlayground/camera_ws_main/install/camera_bringup_pkg:/home/achintya/Software/ROSPlayground/camera_ws_main/install/camera_interface_pkg:/home/achintya/Software/ROSPlayground/camera_ws/install/camera_interface_pkg:/home/achintya/Software/ROSPlayground/camera_ws/install/camera_cpp_pkg:/home/achintya/Software/ROSPlayground/camera_ws_main/install/camera_py_pkg:/opt/ros/humble PYTHONPATH=/home/achintya/Software/ROSPlayground/camera_ws_main/install/camera_py_pkg/lib/python3.10/site-packages:/home/achintya/Software/ROSPlayground/camera_ws_main/install/camera_interface_pkg/local/lib/python3.10/dist-packages:/home/achintya/Software/ROSPlayground/camera_ws/install/camera_interface_pkg/local/lib/python3.10/dist-packages:/opt/ros/humble/lib/python3.10/site-packages:/opt/ros/humble/local/lib/python3.10/dist-packages:/home/pi/tensorflow1/models/research:/home/pi/tensorflow1/models/research/slim:/home/pi/tensorflow1/models/research:/home/pi/tensorflow1/models/research/slim:/home/pi/tensorflow1/models/research:/home/pi/tensorflow1/models/research/slim:/home/pi/tensorflow1/models/research:/home/pi/tensorflow1/models/research/slim:/home/pi/tensorflow1/models/research:/home/pi/tensorflow1/models/research/slim:/home/pi/tensorflow1/models/research:/home/pi/tensorflow1/models/research/slim:/home/pi/tensorflow1/models/research:/home/pi/tensorflow1/models/research/slim:/home/pi/tensorflow1/models/research:/home/pi/tensorflow1/models/research/slim:/home/pi/tensorflow1/models/research:/home/pi/tensorflow1/models/research/slim:/home/pi/tensorflow1/models/research:/home/pi/tensorflow1/models/research/slim /usr/bin/cmake --install /home/achintya/Software/ROSPlayground/camera_ws_main/build/camera_bringup_pkg
[2.267s] Level 1:colcon.colcon_core.environment:create_environment_scripts_only(camera_bringup_pkg)
[2.267s] Level 1:colcon.colcon_core.environment:checking '/home/achintya/Software/ROSPlayground/camera_ws_main/install/camera_bringup_pkg' for CMake module files
[2.268s] DEBUG:colcon.colcon_core.event_handler.log_command:Invoked command in '/home/achintya/Software/ROSPlayground/camera_ws_main/build/camera_bringup_pkg' returned '0': CMAKE_PREFIX_PATH=/home/achintya/Software/ROSPlayground/camera_ws_main/install/camera_cpp_pkg:/home/achintya/Software/ROSPlayground/camera_ws_main/install/camera_bringup_pkg:/home/achintya/Software/ROSPlayground/camera_ws_main/install/camera_interface_pkg:/home/achintya/Software/ROSPlayground/camera_ws/install/camera_interface_pkg:/home/achintya/Software/ROSPlayground/camera_ws/install/camera_cpp_pkg:/home/achintya/Software/ROSPlayground/camera_ws_main/install/camera_py_pkg:/opt/ros/humble PYTHONPATH=/home/achintya/Software/ROSPlayground/camera_ws_main/install/camera_py_pkg/lib/python3.10/site-packages:/home/achintya/Software/ROSPlayground/camera_ws_main/install/camera_interface_pkg/local/lib/python3.10/dist-packages:/home/achintya/Software/ROSPlayground/camera_ws/install/camera_interface_pkg/local/lib/python3.10/dist-packages:/opt/ros/humble/lib/python3.10/site-packages:/opt/ros/humble/local/lib/python3.10/dist-packages:/home/pi/tensorflow1/models/research:/home/pi/tensorflow1/models/research/slim:/home/pi/tensorflow1/models/research:/home/pi/tensorflow1/models/research/slim:/home/pi/tensorflow1/models/research:/home/pi/tensorflow1/models/research/slim:/home/pi/tensorflow1/models/research:/home/pi/tensorflow1/models/research/slim:/home/pi/tensorflow1/models/research:/home/pi/tensorflow1/models/research/slim:/home/pi/tensorflow1/models/research:/home/pi/tensorflow1/models/research/slim:/home/pi/tensorflow1/models/research:/home/pi/tensorflow1/models/research/slim:/home/pi/tensorflow1/models/research:/home/pi/tensorflow1/models/research/slim:/home/pi/tensorflow1/models/research:/home/pi/tensorflow1/models/research/slim:/home/pi/tensorflow1/models/research:/home/pi/tensorflow1/models/research/slim /usr/bin/cmake --install /home/achintya/Software/ROSPlayground/camera_ws_main/build/camera_bringup_pkg
[2.268s] Level 1:colcon.colcon_core.environment:checking '/home/achintya/Software/ROSPlayground/camera_ws_main/install/camera_bringup_pkg' for CMake config files
[2.268s] Level 1:colcon.colcon_core.shell:create_environment_hook('camera_bringup_pkg', 'cmake_prefix_path')
[2.268s] INFO:colcon.colcon_core.shell:Creating environment hook '/home/achintya/Software/ROSPlayground/camera_ws_main/install/camera_bringup_pkg/share/camera_bringup_pkg/hook/cmake_prefix_path.ps1'
[2.269s] INFO:colcon.colcon_core.shell:Creating environment descriptor '/home/achintya/Software/ROSPlayground/camera_ws_main/install/camera_bringup_pkg/share/camera_bringup_pkg/hook/cmake_prefix_path.dsv'
[2.270s] INFO:colcon.colcon_core.shell:Creating environment hook '/home/achintya/Software/ROSPlayground/camera_ws_main/install/camera_bringup_pkg/share/camera_bringup_pkg/hook/cmake_prefix_path.sh'
[2.271s] Level 1:colcon.colcon_core.environment:checking '/home/achintya/Software/ROSPlayground/camera_ws_main/install/camera_bringup_pkg/bin'
[2.271s] Level 1:colcon.colcon_core.environment:checking '/home/achintya/Software/ROSPlayground/camera_ws_main/install/camera_bringup_pkg/lib/pkgconfig/camera_bringup_pkg.pc'
[2.271s] Level 1:colcon.colcon_core.environment:checking '/home/achintya/Software/ROSPlayground/camera_ws_main/install/camera_bringup_pkg/lib/python3.10/site-packages'
[2.271s] Level 1:colcon.colcon_core.environment:checking '/home/achintya/Software/ROSPlayground/camera_ws_main/install/camera_bringup_pkg/bin'
[2.271s] INFO:colcon.colcon_core.shell:Creating package script '/home/achintya/Software/ROSPlayground/camera_ws_main/install/camera_bringup_pkg/share/camera_bringup_pkg/package.ps1'
[2.272s] INFO:colcon.colcon_core.shell:Creating package descriptor '/home/achintya/Software/ROSPlayground/camera_ws_main/install/camera_bringup_pkg/share/camera_bringup_pkg/package.dsv'
[2.272s] INFO:colcon.colcon_core.shell:Creating package script '/home/achintya/Software/ROSPlayground/camera_ws_main/install/camera_bringup_pkg/share/camera_bringup_pkg/package.sh'
[2.273s] INFO:colcon.colcon_core.shell:Creating package script '/home/achintya/Software/ROSPlayground/camera_ws_main/install/camera_bringup_pkg/share/camera_bringup_pkg/package.bash'
[2.273s] INFO:colcon.colcon_core.shell:Creating package script '/home/achintya/Software/ROSPlayground/camera_ws_main/install/camera_bringup_pkg/share/camera_bringup_pkg/package.zsh'
[2.273s] Level 1:colcon.colcon_core.environment:create_file_with_runtime_dependencies(/home/achintya/Software/ROSPlayground/camera_ws_main/install/camera_bringup_pkg/share/colcon-core/packages/camera_bringup_pkg)
[2.274s] Level 1:colcon.colcon_core.environment:create_environment_scripts_only(camera_bringup_pkg)
[2.274s] Level 1:colcon.colcon_core.environment:checking '/home/achintya/Software/ROSPlayground/camera_ws_main/install/camera_bringup_pkg' for CMake module files
[2.275s] Level 1:colcon.colcon_core.environment:checking '/home/achintya/Software/ROSPlayground/camera_ws_main/install/camera_bringup_pkg' for CMake config files
[2.275s] Level 1:colcon.colcon_core.shell:create_environment_hook('camera_bringup_pkg', 'cmake_prefix_path')
[2.275s] INFO:colcon.colcon_core.shell:Creating environment hook '/home/achintya/Software/ROSPlayground/camera_ws_main/install/camera_bringup_pkg/share/camera_bringup_pkg/hook/cmake_prefix_path.ps1'
[2.276s] INFO:colcon.colcon_core.shell:Creating environment descriptor '/home/achintya/Software/ROSPlayground/camera_ws_main/install/camera_bringup_pkg/share/camera_bringup_pkg/hook/cmake_prefix_path.dsv'
[2.276s] INFO:colcon.colcon_core.shell:Creating environment hook '/home/achintya/Software/ROSPlayground/camera_ws_main/install/camera_bringup_pkg/share/camera_bringup_pkg/hook/cmake_prefix_path.sh'
[2.276s] Level 1:colcon.colcon_core.environment:checking '/home/achintya/Software/ROSPlayground/camera_ws_main/install/camera_bringup_pkg/bin'
[2.276s] Level 1:colcon.colcon_core.environment:checking '/home/achintya/Software/ROSPlayground/camera_ws_main/install/camera_bringup_pkg/lib/pkgconfig/camera_bringup_pkg.pc'
[2.277s] Level 1:colcon.colcon_core.environment:checking '/home/achintya/Software/ROSPlayground/camera_ws_main/install/camera_bringup_pkg/lib/python3.10/site-packages'
[2.277s] Level 1:colcon.colcon_core.environment:checking '/home/achintya/Software/ROSPlayground/camera_ws_main/install/camera_bringup_pkg/bin'
[2.277s] INFO:colcon.colcon_core.shell:Creating package script '/home/achintya/Software/ROSPlayground/camera_ws_main/install/camera_bringup_pkg/share/camera_bringup_pkg/package.ps1'
[2.278s] INFO:colcon.colcon_core.shell:Creating package descriptor '/home/achintya/Software/ROSPlayground/camera_ws_main/install/camera_bringup_pkg/share/camera_bringup_pkg/package.dsv'
[2.278s] INFO:colcon.colcon_core.shell:Creating package script '/home/achintya/Software/ROSPlayground/camera_ws_main/install/camera_bringup_pkg/share/camera_bringup_pkg/package.sh'
[2.278s] INFO:colcon.colcon_core.shell:Creating package script '/home/achintya/Software/ROSPlayground/camera_ws_main/install/camera_bringup_pkg/share/camera_bringup_pkg/package.bash'
[2.279s] INFO:colcon.colcon_core.shell:Creating package script '/home/achintya/Software/ROSPlayground/camera_ws_main/install/camera_bringup_pkg/share/camera_bringup_pkg/package.zsh'
[2.279s] Level 1:colcon.colcon_core.environment:create_file_with_runtime_dependencies(/home/achintya/Software/ROSPlayground/camera_ws_main/install/camera_bringup_pkg/share/colcon-core/packages/camera_bringup_pkg)
[2.279s] DEBUG:colcon.colcon_parallel_executor.executor.parallel:closing loop
[2.280s] DEBUG:colcon.colcon_parallel_executor.executor.parallel:loop closed
[2.280s] DEBUG:colcon.colcon_parallel_executor.executor.parallel:run_until_complete finished with '0'
[2.280s] DEBUG:colcon.colcon_core.event_reactor:joining thread
[2.284s] INFO:colcon.colcon_core.plugin_system:Skipping extension 'colcon_notification.desktop_notification.terminal_notifier': Not used on non-Darwin systems
[2.284s] INFO:colcon.colcon_core.plugin_system:Skipping extension 'colcon_notification.desktop_notification.win32': Not used on non-Windows systems
[2.285s] INFO:colcon.colcon_notification.desktop_notification:Sending desktop notification using 'notify2'
[2.296s] DEBUG:colcon.colcon_core.event_reactor:joined thread
[2.296s] INFO:colcon.colcon_core.shell:Creating prefix script '/home/achintya/Software/ROSPlayground/camera_ws_main/install/local_setup.ps1'
[2.297s] INFO:colcon.colcon_core.shell:Creating prefix util module '/home/achintya/Software/ROSPlayground/camera_ws_main/install/_local_setup_util_ps1.py'
[2.299s] INFO:colcon.colcon_core.shell:Creating prefix chain script '/home/achintya/Software/ROSPlayground/camera_ws_main/install/setup.ps1'
[2.301s] INFO:colcon.colcon_core.shell:Creating prefix script '/home/achintya/Software/ROSPlayground/camera_ws_main/install/local_setup.sh'
[2.302s] INFO:colcon.colcon_core.shell:Creating prefix util module '/home/achintya/Software/ROSPlayground/camera_ws_main/install/_local_setup_util_sh.py'
[2.302s] INFO:colcon.colcon_core.shell:Creating prefix chain script '/home/achintya/Software/ROSPlayground/camera_ws_main/install/setup.sh'
[2.304s] INFO:colcon.colcon_core.shell:Creating prefix script '/home/achintya/Software/ROSPlayground/camera_ws_main/install/local_setup.bash'
[2.305s] INFO:colcon.colcon_core.shell:Creating prefix chain script '/home/achintya/Software/ROSPlayground/camera_ws_main/install/setup.bash'
[2.306s] INFO:colcon.colcon_core.shell:Creating prefix script '/home/achintya/Software/ROSPlayground/camera_ws_main/install/local_setup.zsh'
[2.306s] INFO:colcon.colcon_core.shell:Creating prefix chain script '/home/achintya/Software/ROSPlayground/camera_ws_main/install/setup.zsh'
