[0.010s] Invoking command in '/home/achintya/Software/ROSPlayground/camera_ws_main/build/camera_cpp_pkg': CMAKE_PREFIX_PATH=${CMAKE_PREFIX_PATH}:/home/achintya/Software/ROSPlayground/camera_ws_main/install/camera_main_pkg:/opt/ros/humble /usr/bin/cmake /home/achintya/Software/ROSPlayground/camera_ws_main/src/camera_cpp_pkg -DCMAKE_INSTALL_PREFIX=/home/achintya/Software/ROSPlayground/camera_ws_main/install/camera_cpp_pkg
[0.051s] -- The C compiler identification is GNU 11.4.0
[0.104s] -- The CXX compiler identification is GNU 11.4.0
[0.113s] -- Detecting C compiler ABI info
[0.164s] -- Detecting C compiler ABI info - done
[0.170s] -- Check for working C compiler: /usr/bin/cc - skipped
[0.170s] -- Detecting C compile features
[0.171s] -- Detecting C compile features - done
[0.173s] -- Detecting CXX compiler ABI info
[0.234s] -- Detecting CXX compiler ABI info - done
[0.240s] -- Check for working CXX compiler: /usr/bin/c++ - skipped
[0.240s] -- Detecting CXX compile features
[0.241s] -- Detecting CXX compile features - done
[0.242s] -- Found ament_cmake: 1.3.11 (/opt/ros/humble/share/ament_cmake/cmake)
[0.383s] -- Found Python3: /usr/bin/python3 (found version "3.10.12") found components: Interpreter 
[0.454s] -- Found ament_lint_auto: 0.12.11 (/opt/ros/humble/share/ament_lint_auto/cmake)
[0.520s] -- Added test 'lint_cmake' to check CMake code style
[0.521s] -- Added test 'xmllint' to check XML markup files
[0.522s] -- Configuring done
[0.523s] -- Generating done
[0.525s] -- Build files have been written to: /home/achintya/Software/ROSPlayground/camera_ws_main/build/camera_cpp_pkg
[0.719s] Invoked command in '/home/achintya/Software/ROSPlayground/camera_ws_main/build/camera_cpp_pkg' returned '0': CMAKE_PREFIX_PATH=${CMAKE_PREFIX_PATH}:/home/achintya/Software/ROSPlayground/camera_ws_main/install/camera_main_pkg:/opt/ros/humble /usr/bin/cmake /home/achintya/Software/ROSPlayground/camera_ws_main/src/camera_cpp_pkg -DCMAKE_INSTALL_PREFIX=/home/achintya/Software/ROSPlayground/camera_ws_main/install/camera_cpp_pkg
[0.720s] Invoking command in '/home/achintya/Software/ROSPlayground/camera_ws_main/build/camera_cpp_pkg': CMAKE_PREFIX_PATH=${CMAKE_PREFIX_PATH}:/home/achintya/Software/ROSPlayground/camera_ws_main/install/camera_main_pkg:/opt/ros/humble /usr/bin/cmake --build /home/achintya/Software/ROSPlayground/camera_ws_main/build/camera_cpp_pkg -- -j8 -l8
[0.749s] Invoked command in '/home/achintya/Software/ROSPlayground/camera_ws_main/build/camera_cpp_pkg' returned '0': CMAKE_PREFIX_PATH=${CMAKE_PREFIX_PATH}:/home/achintya/Software/ROSPlayground/camera_ws_main/install/camera_main_pkg:/opt/ros/humble /usr/bin/cmake --build /home/achintya/Software/ROSPlayground/camera_ws_main/build/camera_cpp_pkg -- -j8 -l8
[0.750s] Invoking command in '/home/achintya/Software/ROSPlayground/camera_ws_main/build/camera_cpp_pkg': CMAKE_PREFIX_PATH=${CMAKE_PREFIX_PATH}:/home/achintya/Software/ROSPlayground/camera_ws_main/install/camera_main_pkg:/opt/ros/humble /usr/bin/cmake --install /home/achintya/Software/ROSPlayground/camera_ws_main/build/camera_cpp_pkg
[0.756s] -- Install configuration: ""
[0.756s] -- Installing: /home/achintya/Software/ROSPlayground/camera_ws_main/install/camera_cpp_pkg/share/ament_index/resource_index/package_run_dependencies/camera_cpp_pkg
[0.756s] -- Installing: /home/achintya/Software/ROSPlayground/camera_ws_main/install/camera_cpp_pkg/share/ament_index/resource_index/parent_prefix_path/camera_cpp_pkg
[0.756s] -- Installing: /home/achintya/Software/ROSPlayground/camera_ws_main/install/camera_cpp_pkg/share/camera_cpp_pkg/environment/ament_prefix_path.sh
[0.756s] -- Installing: /home/achintya/Software/ROSPlayground/camera_ws_main/install/camera_cpp_pkg/share/camera_cpp_pkg/environment/ament_prefix_path.dsv
[0.756s] -- Installing: /home/achintya/Software/ROSPlayground/camera_ws_main/install/camera_cpp_pkg/share/camera_cpp_pkg/environment/path.sh
[0.756s] -- Installing: /home/achintya/Software/ROSPlayground/camera_ws_main/install/camera_cpp_pkg/share/camera_cpp_pkg/environment/path.dsv
[0.757s] -- Installing: /home/achintya/Software/ROSPlayground/camera_ws_main/install/camera_cpp_pkg/share/camera_cpp_pkg/local_setup.bash
[0.757s] -- Installing: /home/achintya/Software/ROSPlayground/camera_ws_main/install/camera_cpp_pkg/share/camera_cpp_pkg/local_setup.sh
[0.757s] -- Installing: /home/achintya/Software/ROSPlayground/camera_ws_main/install/camera_cpp_pkg/share/camera_cpp_pkg/local_setup.zsh
[0.757s] -- Installing: /home/achintya/Software/ROSPlayground/camera_ws_main/install/camera_cpp_pkg/share/camera_cpp_pkg/local_setup.dsv
[0.757s] -- Installing: /home/achintya/Software/ROSPlayground/camera_ws_main/install/camera_cpp_pkg/share/camera_cpp_pkg/package.dsv
[0.757s] -- Installing: /home/achintya/Software/ROSPlayground/camera_ws_main/install/camera_cpp_pkg/share/ament_index/resource_index/packages/camera_cpp_pkg
[0.757s] -- Installing: /home/achintya/Software/ROSPlayground/camera_ws_main/install/camera_cpp_pkg/share/camera_cpp_pkg/cmake/camera_cpp_pkgConfig.cmake
[0.757s] -- Installing: /home/achintya/Software/ROSPlayground/camera_ws_main/install/camera_cpp_pkg/share/camera_cpp_pkg/cmake/camera_cpp_pkgConfig-version.cmake
[0.757s] -- Installing: /home/achintya/Software/ROSPlayground/camera_ws_main/install/camera_cpp_pkg/share/camera_cpp_pkg/package.xml
[0.759s] Invoked command in '/home/achintya/Software/ROSPlayground/camera_ws_main/build/camera_cpp_pkg' returned '0': CMAKE_PREFIX_PATH=${CMAKE_PREFIX_PATH}:/home/achintya/Software/ROSPlayground/camera_ws_main/install/camera_main_pkg:/opt/ros/humble /usr/bin/cmake --install /home/achintya/Software/ROSPlayground/camera_ws_main/build/camera_cpp_pkg
